2015-06-03 15:01:45.290 [http-bio-8080-exec-2] [INFO ] com.datayes.paas.usermaster.util.CommonHandler - UserMasterException thrown by program.
com.datayes.paas.usermaster.util.UserMasterException: nonexistent organization
	at com.datayes.paas.usermaster.service.OrganizationService.getRootOrg(OrganizationService.java:236) ~[OrganizationService.class:na]
	at com.datayes.paas.usermaster.service.OrganizationService$$FastClassBySpringCGLIB$$25123db5.invoke(<generated>) ~[spring-core-4.0.6.RELEASE.jar:na]
	at org.springframework.cglib.proxy.MethodProxy.invoke(MethodProxy.java:204) ~[spring-core-4.0.6.RELEASE.jar:4.0.6.RELEASE]
	at org.springframework.aop.framework.CglibAopProxy$DynamicAdvisedInterceptor.intercept(CglibAopProxy.java:640) ~[spring-aop-4.0.6.RELEASE.jar:4.0.6.RELEASE]
	at com.datayes.paas.usermaster.service.OrganizationService$$EnhancerBySpringCGLIB$$1a9f3dd9.getRootOrg(<generated>) ~[spring-core-4.0.6.RELEASE.jar:na]
	at com.datayes.paas.usermaster.controller.OrganizationController.getAll(OrganizationController.java:126) ~[OrganizationController.class:na]
	at sun.reflect.NativeMethodAccessorImpl.invoke0(Native Method) ~[na:1.7.0_71]
	at sun.reflect.NativeMethodAccessorImpl.invoke(NativeMethodAccessorImpl.java:57) ~[na:1.7.0_71]
	at sun.reflect.DelegatingMethodAccessorImpl.invoke(DelegatingMethodAccessorImpl.java:43) ~[na:1.7.0_71]
	at java.lang.reflect.Method.invoke(Method.java:606) ~[na:1.7.0_71]
	at org.springframework.web.method.support.InvocableHandlerMethod.invoke(InvocableHandlerMethod.java:215) ~[spring-web-4.0.6.RELEASE.jar:4.0.6.RELEASE]
	at org.springframework.web.method.support.InvocableHandlerMethod.invokeForRequest(InvocableHandlerMethod.java:132) ~[spring-web-4.0.6.RELEASE.jar:4.0.6.RELEASE]
	at org.springframework.web.servlet.mvc.method.annotation.ServletInvocableHandlerMethod.invokeAndHandle(ServletInvocableHandlerMethod.java:104) ~[spring-webmvc-4.0.6.RELEASE.jar:4.0.6.RELEASE]
	at org.springframework.web.servlet.mvc.method.annotation.RequestMappingHandlerAdapter.invokeHandleMethod(RequestMappingHandlerAdapter.java:749) ~[spring-webmvc-4.0.6.RELEASE.jar:4.0.6.RELEASE]
	at org.springframework.web.servlet.mvc.method.annotation.RequestMappingHandlerAdapter.handleInternal(RequestMappingHandlerAdapter.java:689) ~[spring-webmvc-4.0.6.RELEASE.jar:4.0.6.RELEASE]
	at org.springframework.web.servlet.mvc.method.AbstractHandlerMethodAdapter.handle(AbstractHandlerMethodAdapter.java:83) ~[spring-webmvc-4.0.6.RELEASE.jar:4.0.6.RELEASE]
	at org.springframework.web.servlet.DispatcherServlet.doDispatch(DispatcherServlet.java:938) ~[spring-webmvc-4.0.6.RELEASE.jar:4.0.6.RELEASE]
	at org.springframework.web.servlet.DispatcherServlet.doService(DispatcherServlet.java:870) ~[spring-webmvc-4.0.6.RELEASE.jar:4.0.6.RELEASE]
	at org.springframework.web.servlet.FrameworkServlet.processRequest(FrameworkServlet.java:961) [spring-webmvc-4.0.6.RELEASE.jar:4.0.6.RELEASE]
	at org.springframework.web.servlet.FrameworkServlet.doGet(FrameworkServlet.java:852) [spring-webmvc-4.0.6.RELEASE.jar:4.0.6.RELEASE]
	at javax.servlet.http.HttpServlet.service(HttpServlet.java:621) [tomcat-servlet-api-3.0.jar:na]
	at org.springframework.web.servlet.FrameworkServlet.service(FrameworkServlet.java:837) [spring-webmvc-4.0.6.RELEASE.jar:4.0.6.RELEASE]
	at javax.servlet.http.HttpServlet.service(HttpServlet.java:722) [tomcat-servlet-api-3.0.jar:na]
	at org.apache.catalina.core.ApplicationFilterChain.internalDoFilter(ApplicationFilterChain.java:305) [tomcat-catalina-7.0.26.jar:7.0.26]
	at org.apache.catalina.core.ApplicationFilterChain.doFilter(ApplicationFilterChain.java:210) [tomcat-catalina-7.0.26.jar:7.0.26]
	at org.springframework.web.filter.CharacterEncodingFilter.doFilterInternal(CharacterEncodingFilter.java:88) [spring-web-4.0.6.RELEASE.jar:4.0.6.RELEASE]
	at org.springframework.web.filter.OncePerRequestFilter.doFilter(OncePerRequestFilter.java:107) [spring-web-4.0.6.RELEASE.jar:4.0.6.RELEASE]
	at org.apache.catalina.core.ApplicationFilterChain.internalDoFilter(ApplicationFilterChain.java:243) [tomcat-catalina-7.0.26.jar:7.0.26]
	at org.apache.catalina.core.ApplicationFilterChain.doFilter(ApplicationFilterChain.java:210) [tomcat-catalina-7.0.26.jar:7.0.26]
	at com.thetransactioncompany.cors.CORSFilter.doFilter(CORSFilter.java:169) [cors-filter-1.9.2.jar:1.9.2]
	at com.thetransactioncompany.cors.CORSFilter.doFilter(CORSFilter.java:232) [cors-filter-1.9.2.jar:1.9.2]
	at org.apache.catalina.core.ApplicationFilterChain.internalDoFilter(ApplicationFilterChain.java:243) [tomcat-catalina-7.0.26.jar:7.0.26]
	at org.apache.catalina.core.ApplicationFilterChain.doFilter(ApplicationFilterChain.java:210) [tomcat-catalina-7.0.26.jar:7.0.26]
	at org.apache.catalina.core.StandardWrapperValve.invoke(StandardWrapperValve.java:224) [tomcat-catalina-7.0.26.jar:7.0.26]
	at org.apache.catalina.core.StandardContextValve.invoke(StandardContextValve.java:169) [tomcat-catalina-7.0.26.jar:7.0.26]
	at org.apache.catalina.authenticator.AuthenticatorBase.invoke(AuthenticatorBase.java:472) [tomcat-catalina-7.0.26.jar:7.0.26]
	at org.apache.catalina.core.StandardHostValve.invoke(StandardHostValve.java:168) [tomcat-catalina-7.0.26.jar:7.0.26]
	at org.apache.catalina.valves.ErrorReportValve.invoke(ErrorReportValve.java:98) [tomcat-catalina-7.0.26.jar:7.0.26]
	at org.apache.catalina.valves.AccessLogValve.invoke(AccessLogValve.java:927) [tomcat-catalina-7.0.26.jar:7.0.26]
	at org.apache.catalina.core.StandardEngineValve.invoke(StandardEngineValve.java:118) [tomcat-catalina-7.0.26.jar:7.0.26]
	at org.apache.catalina.connector.CoyoteAdapter.service(CoyoteAdapter.java:407) [tomcat-catalina-7.0.26.jar:7.0.26]
	at org.apache.coyote.http11.AbstractHttp11Processor.process(AbstractHttp11Processor.java:987) [tomcat-coyote-7.0.26.jar:7.0.26]
	at org.apache.coyote.AbstractProtocol$AbstractConnectionHandler.process(AbstractProtocol.java:579) [tomcat-coyote-7.0.26.jar:7.0.26]
	at org.apache.tomcat.util.net.JIoEndpoint$SocketProcessor.run(JIoEndpoint.java:309) [tomcat-coyote-7.0.26.jar:7.0.26]
	at java.util.concurrent.ThreadPoolExecutor.runWorker(ThreadPoolExecutor.java:1145) [na:1.7.0_71]
	at java.util.concurrent.ThreadPoolExecutor$Worker.run(ThreadPoolExecutor.java:615) [na:1.7.0_71]
	at java.lang.Thread.run(Thread.java:745) [na:1.7.0_71]
2015-06-03 15:45:01.619 [http-bio-8080-exec-10] [INFO ] com.datayes.paas.usermaster.util.CommonHandler - UserMasterException thrown by program.
com.datayes.paas.usermaster.util.UserMasterException: existent organization
	at com.datayes.paas.usermaster.service.OrganizationService.insertRootOrg(OrganizationService.java:61) ~[OrganizationService.class:na]
	at com.datayes.paas.usermaster.service.OrganizationService$$FastClassBySpringCGLIB$$25123db5.invoke(<generated>) ~[spring-core-4.0.6.RELEASE.jar:na]
	at org.springframework.cglib.proxy.MethodProxy.invoke(MethodProxy.java:204) ~[spring-core-4.0.6.RELEASE.jar:4.0.6.RELEASE]
	at org.springframework.aop.framework.CglibAopProxy$CglibMethodInvocation.invokeJoinpoint(CglibAopProxy.java:708) ~[spring-aop-4.0.6.RELEASE.jar:4.0.6.RELEASE]
	at org.springframework.aop.framework.ReflectiveMethodInvocation.proceed(ReflectiveMethodInvocation.java:157) ~[spring-aop-4.0.6.RELEASE.jar:4.0.6.RELEASE]
	at org.springframework.transaction.interceptor.TransactionInterceptor$1.proceedWithInvocation(TransactionInterceptor.java:98) ~[spring-tx-4.0.6.RELEASE.jar:4.0.6.RELEASE]
	at org.springframework.transaction.interceptor.TransactionAspectSupport.invokeWithinTransaction(TransactionAspectSupport.java:262) ~[spring-tx-4.0.6.RELEASE.jar:4.0.6.RELEASE]
	at org.springframework.transaction.interceptor.TransactionInterceptor.invoke(TransactionInterceptor.java:95) ~[spring-tx-4.0.6.RELEASE.jar:4.0.6.RELEASE]
	at org.springframework.aop.framework.ReflectiveMethodInvocation.proceed(ReflectiveMethodInvocation.java:179) ~[spring-aop-4.0.6.RELEASE.jar:4.0.6.RELEASE]
	at org.springframework.aop.framework.CglibAopProxy$DynamicAdvisedInterceptor.intercept(CglibAopProxy.java:644) ~[spring-aop-4.0.6.RELEASE.jar:4.0.6.RELEASE]
	at com.datayes.paas.usermaster.service.OrganizationService$$EnhancerBySpringCGLIB$$1a9f3dd9.insertRootOrg(<generated>) ~[spring-core-4.0.6.RELEASE.jar:na]
	at com.datayes.paas.usermaster.controller.OrganizationController.insertRootOrg(OrganizationController.java:39) ~[OrganizationController.class:na]
	at sun.reflect.NativeMethodAccessorImpl.invoke0(Native Method) ~[na:1.7.0_71]
	at sun.reflect.NativeMethodAccessorImpl.invoke(NativeMethodAccessorImpl.java:57) ~[na:1.7.0_71]
	at sun.reflect.DelegatingMethodAccessorImpl.invoke(DelegatingMethodAccessorImpl.java:43) ~[na:1.7.0_71]
	at java.lang.reflect.Method.invoke(Method.java:606) ~[na:1.7.0_71]
	at org.springframework.web.method.support.InvocableHandlerMethod.invoke(InvocableHandlerMethod.java:215) ~[spring-web-4.0.6.RELEASE.jar:4.0.6.RELEASE]
	at org.springframework.web.method.support.InvocableHandlerMethod.invokeForRequest(InvocableHandlerMethod.java:132) ~[spring-web-4.0.6.RELEASE.jar:4.0.6.RELEASE]
	at org.springframework.web.servlet.mvc.method.annotation.ServletInvocableHandlerMethod.invokeAndHandle(ServletInvocableHandlerMethod.java:104) ~[spring-webmvc-4.0.6.RELEASE.jar:4.0.6.RELEASE]
	at org.springframework.web.servlet.mvc.method.annotation.RequestMappingHandlerAdapter.invokeHandleMethod(RequestMappingHandlerAdapter.java:749) ~[spring-webmvc-4.0.6.RELEASE.jar:4.0.6.RELEASE]
	at org.springframework.web.servlet.mvc.method.annotation.RequestMappingHandlerAdapter.handleInternal(RequestMappingHandlerAdapter.java:689) ~[spring-webmvc-4.0.6.RELEASE.jar:4.0.6.RELEASE]
	at org.springframework.web.servlet.mvc.method.AbstractHandlerMethodAdapter.handle(AbstractHandlerMethodAdapter.java:83) ~[spring-webmvc-4.0.6.RELEASE.jar:4.0.6.RELEASE]
	at org.springframework.web.servlet.DispatcherServlet.doDispatch(DispatcherServlet.java:938) ~[spring-webmvc-4.0.6.RELEASE.jar:4.0.6.RELEASE]
	at org.springframework.web.servlet.DispatcherServlet.doService(DispatcherServlet.java:870) ~[spring-webmvc-4.0.6.RELEASE.jar:4.0.6.RELEASE]
	at org.springframework.web.servlet.FrameworkServlet.processRequest(FrameworkServlet.java:961) [spring-webmvc-4.0.6.RELEASE.jar:4.0.6.RELEASE]
	at org.springframework.web.servlet.FrameworkServlet.doPost(FrameworkServlet.java:863) [spring-webmvc-4.0.6.RELEASE.jar:4.0.6.RELEASE]
	at javax.servlet.http.HttpServlet.service(HttpServlet.java:641) [tomcat-servlet-api-3.0.jar:na]
	at org.springframework.web.servlet.FrameworkServlet.service(FrameworkServlet.java:837) [spring-webmvc-4.0.6.RELEASE.jar:4.0.6.RELEASE]
	at javax.servlet.http.HttpServlet.service(HttpServlet.java:722) [tomcat-servlet-api-3.0.jar:na]
	at org.apache.catalina.core.ApplicationFilterChain.internalDoFilter(ApplicationFilterChain.java:305) [tomcat-catalina-7.0.26.jar:7.0.26]
	at org.apache.catalina.core.ApplicationFilterChain.doFilter(ApplicationFilterChain.java:210) [tomcat-catalina-7.0.26.jar:7.0.26]
	at org.springframework.web.filter.CharacterEncodingFilter.doFilterInternal(CharacterEncodingFilter.java:88) [spring-web-4.0.6.RELEASE.jar:4.0.6.RELEASE]
	at org.springframework.web.filter.OncePerRequestFilter.doFilter(OncePerRequestFilter.java:107) [spring-web-4.0.6.RELEASE.jar:4.0.6.RELEASE]
	at org.apache.catalina.core.ApplicationFilterChain.internalDoFilter(ApplicationFilterChain.java:243) [tomcat-catalina-7.0.26.jar:7.0.26]
	at org.apache.catalina.core.ApplicationFilterChain.doFilter(ApplicationFilterChain.java:210) [tomcat-catalina-7.0.26.jar:7.0.26]
	at com.thetransactioncompany.cors.CORSFilter.doFilter(CORSFilter.java:158) [cors-filter-1.9.2.jar:1.9.2]
	at com.thetransactioncompany.cors.CORSFilter.doFilter(CORSFilter.java:232) [cors-filter-1.9.2.jar:1.9.2]
	at org.apache.catalina.core.ApplicationFilterChain.internalDoFilter(ApplicationFilterChain.java:243) [tomcat-catalina-7.0.26.jar:7.0.26]
	at org.apache.catalina.core.ApplicationFilterChain.doFilter(ApplicationFilterChain.java:210) [tomcat-catalina-7.0.26.jar:7.0.26]
	at org.apache.catalina.core.StandardWrapperValve.invoke(StandardWrapperValve.java:224) [tomcat-catalina-7.0.26.jar:7.0.26]
	at org.apache.catalina.core.StandardContextValve.invoke(StandardContextValve.java:169) [tomcat-catalina-7.0.26.jar:7.0.26]
	at org.apache.catalina.authenticator.AuthenticatorBase.invoke(AuthenticatorBase.java:472) [tomcat-catalina-7.0.26.jar:7.0.26]
	at org.apache.catalina.core.StandardHostValve.invoke(StandardHostValve.java:168) [tomcat-catalina-7.0.26.jar:7.0.26]
	at org.apache.catalina.valves.ErrorReportValve.invoke(ErrorReportValve.java:98) [tomcat-catalina-7.0.26.jar:7.0.26]
	at org.apache.catalina.valves.AccessLogValve.invoke(AccessLogValve.java:927) [tomcat-catalina-7.0.26.jar:7.0.26]
	at org.apache.catalina.core.StandardEngineValve.invoke(StandardEngineValve.java:118) [tomcat-catalina-7.0.26.jar:7.0.26]
	at org.apache.catalina.connector.CoyoteAdapter.service(CoyoteAdapter.java:407) [tomcat-catalina-7.0.26.jar:7.0.26]
	at org.apache.coyote.http11.AbstractHttp11Processor.process(AbstractHttp11Processor.java:987) [tomcat-coyote-7.0.26.jar:7.0.26]
	at org.apache.coyote.AbstractProtocol$AbstractConnectionHandler.process(AbstractProtocol.java:579) [tomcat-coyote-7.0.26.jar:7.0.26]
	at org.apache.tomcat.util.net.JIoEndpoint$SocketProcessor.run(JIoEndpoint.java:309) [tomcat-coyote-7.0.26.jar:7.0.26]
	at java.util.concurrent.ThreadPoolExecutor.runWorker(ThreadPoolExecutor.java:1145) [na:1.7.0_71]
	at java.util.concurrent.ThreadPoolExecutor$Worker.run(ThreadPoolExecutor.java:615) [na:1.7.0_71]
	at java.lang.Thread.run(Thread.java:745) [na:1.7.0_71]
2015-06-03 15:53:17.536 [http-bio-8080-exec-9] [INFO ] com.datayes.paas.usermaster.util.CommonHandler - UserMasterException thrown by program.
com.datayes.paas.usermaster.util.UserMasterException: invalid page
	at com.datayes.paas.usermaster.service.AccountService.searchAccount(AccountService.java:443) ~[AccountService.class:na]
	at com.datayes.paas.usermaster.service.AccountService$$FastClassBySpringCGLIB$$c2133835.invoke(<generated>) ~[spring-core-4.0.6.RELEASE.jar:na]
	at org.springframework.cglib.proxy.MethodProxy.invoke(MethodProxy.java:204) ~[spring-core-4.0.6.RELEASE.jar:4.0.6.RELEASE]
	at org.springframework.aop.framework.CglibAopProxy$DynamicAdvisedInterceptor.intercept(CglibAopProxy.java:640) ~[spring-aop-4.0.6.RELEASE.jar:4.0.6.RELEASE]
	at com.datayes.paas.usermaster.service.AccountService$$EnhancerBySpringCGLIB$$137f6859.searchAccount(<generated>) ~[spring-core-4.0.6.RELEASE.jar:na]
	at com.datayes.paas.usermaster.service.OrganizationService.getAccountByTenantAndOrgWithPaging(OrganizationService.java:409) ~[OrganizationService.class:na]
	at com.datayes.paas.usermaster.service.OrganizationService.getContentOfOrg(OrganizationService.java:255) ~[OrganizationService.class:na]
	at com.datayes.paas.usermaster.service.OrganizationService$$FastClassBySpringCGLIB$$25123db5.invoke(<generated>) ~[spring-core-4.0.6.RELEASE.jar:na]
	at org.springframework.cglib.proxy.MethodProxy.invoke(MethodProxy.java:204) ~[spring-core-4.0.6.RELEASE.jar:4.0.6.RELEASE]
	at org.springframework.aop.framework.CglibAopProxy$DynamicAdvisedInterceptor.intercept(CglibAopProxy.java:640) ~[spring-aop-4.0.6.RELEASE.jar:4.0.6.RELEASE]
	at com.datayes.paas.usermaster.service.OrganizationService$$EnhancerBySpringCGLIB$$1a9f3dd9.getContentOfOrg(<generated>) ~[spring-core-4.0.6.RELEASE.jar:na]
	at com.datayes.paas.usermaster.controller.OrganizationController.getContentOfOrg(OrganizationController.java:109) ~[OrganizationController.class:na]
	at sun.reflect.NativeMethodAccessorImpl.invoke0(Native Method) ~[na:1.7.0_71]
	at sun.reflect.NativeMethodAccessorImpl.invoke(NativeMethodAccessorImpl.java:57) ~[na:1.7.0_71]
	at sun.reflect.DelegatingMethodAccessorImpl.invoke(DelegatingMethodAccessorImpl.java:43) ~[na:1.7.0_71]
	at java.lang.reflect.Method.invoke(Method.java:606) ~[na:1.7.0_71]
	at org.springframework.web.method.support.InvocableHandlerMethod.invoke(InvocableHandlerMethod.java:215) ~[spring-web-4.0.6.RELEASE.jar:4.0.6.RELEASE]
	at org.springframework.web.method.support.InvocableHandlerMethod.invokeForRequest(InvocableHandlerMethod.java:132) ~[spring-web-4.0.6.RELEASE.jar:4.0.6.RELEASE]
	at org.springframework.web.servlet.mvc.method.annotation.ServletInvocableHandlerMethod.invokeAndHandle(ServletInvocableHandlerMethod.java:104) ~[spring-webmvc-4.0.6.RELEASE.jar:4.0.6.RELEASE]
	at org.springframework.web.servlet.mvc.method.annotation.RequestMappingHandlerAdapter.invokeHandleMethod(RequestMappingHandlerAdapter.java:749) ~[spring-webmvc-4.0.6.RELEASE.jar:4.0.6.RELEASE]
	at org.springframework.web.servlet.mvc.method.annotation.RequestMappingHandlerAdapter.handleInternal(RequestMappingHandlerAdapter.java:689) ~[spring-webmvc-4.0.6.RELEASE.jar:4.0.6.RELEASE]
	at org.springframework.web.servlet.mvc.method.AbstractHandlerMethodAdapter.handle(AbstractHandlerMethodAdapter.java:83) ~[spring-webmvc-4.0.6.RELEASE.jar:4.0.6.RELEASE]
	at org.springframework.web.servlet.DispatcherServlet.doDispatch(DispatcherServlet.java:938) ~[spring-webmvc-4.0.6.RELEASE.jar:4.0.6.RELEASE]
	at org.springframework.web.servlet.DispatcherServlet.doService(DispatcherServlet.java:870) ~[spring-webmvc-4.0.6.RELEASE.jar:4.0.6.RELEASE]
	at org.springframework.web.servlet.FrameworkServlet.processRequest(FrameworkServlet.java:961) [spring-webmvc-4.0.6.RELEASE.jar:4.0.6.RELEASE]
	at org.springframework.web.servlet.FrameworkServlet.doGet(FrameworkServlet.java:852) [spring-webmvc-4.0.6.RELEASE.jar:4.0.6.RELEASE]
	at javax.servlet.http.HttpServlet.service(HttpServlet.java:621) [tomcat-servlet-api-3.0.jar:na]
	at org.springframework.web.servlet.FrameworkServlet.service(FrameworkServlet.java:837) [spring-webmvc-4.0.6.RELEASE.jar:4.0.6.RELEASE]
	at javax.servlet.http.HttpServlet.service(HttpServlet.java:722) [tomcat-servlet-api-3.0.jar:na]
	at org.apache.catalina.core.ApplicationFilterChain.internalDoFilter(ApplicationFilterChain.java:305) [tomcat-catalina-7.0.26.jar:7.0.26]
	at org.apache.catalina.core.ApplicationFilterChain.doFilter(ApplicationFilterChain.java:210) [tomcat-catalina-7.0.26.jar:7.0.26]
	at org.springframework.web.filter.CharacterEncodingFilter.doFilterInternal(CharacterEncodingFilter.java:88) [spring-web-4.0.6.RELEASE.jar:4.0.6.RELEASE]
	at org.springframework.web.filter.OncePerRequestFilter.doFilter(OncePerRequestFilter.java:107) [spring-web-4.0.6.RELEASE.jar:4.0.6.RELEASE]
	at org.apache.catalina.core.ApplicationFilterChain.internalDoFilter(ApplicationFilterChain.java:243) [tomcat-catalina-7.0.26.jar:7.0.26]
	at org.apache.catalina.core.ApplicationFilterChain.doFilter(ApplicationFilterChain.java:210) [tomcat-catalina-7.0.26.jar:7.0.26]
	at com.thetransactioncompany.cors.CORSFilter.doFilter(CORSFilter.java:169) [cors-filter-1.9.2.jar:1.9.2]
	at com.thetransactioncompany.cors.CORSFilter.doFilter(CORSFilter.java:232) [cors-filter-1.9.2.jar:1.9.2]
	at org.apache.catalina.core.ApplicationFilterChain.internalDoFilter(ApplicationFilterChain.java:243) [tomcat-catalina-7.0.26.jar:7.0.26]
	at org.apache.catalina.core.ApplicationFilterChain.doFilter(ApplicationFilterChain.java:210) [tomcat-catalina-7.0.26.jar:7.0.26]
	at org.apache.catalina.core.StandardWrapperValve.invoke(StandardWrapperValve.java:224) [tomcat-catalina-7.0.26.jar:7.0.26]
	at org.apache.catalina.core.StandardContextValve.invoke(StandardContextValve.java:169) [tomcat-catalina-7.0.26.jar:7.0.26]
	at org.apache.catalina.authenticator.AuthenticatorBase.invoke(AuthenticatorBase.java:472) [tomcat-catalina-7.0.26.jar:7.0.26]
	at org.apache.catalina.core.StandardHostValve.invoke(StandardHostValve.java:168) [tomcat-catalina-7.0.26.jar:7.0.26]
	at org.apache.catalina.valves.ErrorReportValve.invoke(ErrorReportValve.java:98) [tomcat-catalina-7.0.26.jar:7.0.26]
	at org.apache.catalina.valves.AccessLogValve.invoke(AccessLogValve.java:927) [tomcat-catalina-7.0.26.jar:7.0.26]
	at org.apache.catalina.core.StandardEngineValve.invoke(StandardEngineValve.java:118) [tomcat-catalina-7.0.26.jar:7.0.26]
	at org.apache.catalina.connector.CoyoteAdapter.service(CoyoteAdapter.java:407) [tomcat-catalina-7.0.26.jar:7.0.26]
	at org.apache.coyote.http11.AbstractHttp11Processor.process(AbstractHttp11Processor.java:987) [tomcat-coyote-7.0.26.jar:7.0.26]
	at org.apache.coyote.AbstractProtocol$AbstractConnectionHandler.process(AbstractProtocol.java:579) [tomcat-coyote-7.0.26.jar:7.0.26]
	at org.apache.tomcat.util.net.JIoEndpoint$SocketProcessor.run(JIoEndpoint.java:307) [tomcat-coyote-7.0.26.jar:7.0.26]
	at java.util.concurrent.ThreadPoolExecutor.runWorker(ThreadPoolExecutor.java:1145) [na:1.7.0_71]
	at java.util.concurrent.ThreadPoolExecutor$Worker.run(ThreadPoolExecutor.java:615) [na:1.7.0_71]
	at java.lang.Thread.run(Thread.java:745) [na:1.7.0_71]
2015-06-03 15:53:22.936 [http-bio-8080-exec-9] [INFO ] com.datayes.paas.usermaster.util.CommonHandler - UserMasterException thrown by program.
com.datayes.paas.usermaster.util.UserMasterException: invalid page
	at com.datayes.paas.usermaster.service.AccountService.searchAccount(AccountService.java:443) ~[AccountService.class:na]
	at com.datayes.paas.usermaster.service.AccountService$$FastClassBySpringCGLIB$$c2133835.invoke(<generated>) ~[spring-core-4.0.6.RELEASE.jar:na]
	at org.springframework.cglib.proxy.MethodProxy.invoke(MethodProxy.java:204) ~[spring-core-4.0.6.RELEASE.jar:4.0.6.RELEASE]
	at org.springframework.aop.framework.CglibAopProxy$DynamicAdvisedInterceptor.intercept(CglibAopProxy.java:640) ~[spring-aop-4.0.6.RELEASE.jar:4.0.6.RELEASE]
	at com.datayes.paas.usermaster.service.AccountService$$EnhancerBySpringCGLIB$$137f6859.searchAccount(<generated>) ~[spring-core-4.0.6.RELEASE.jar:na]
	at com.datayes.paas.usermaster.service.OrganizationService.getAccountByTenantAndOrgWithPaging(OrganizationService.java:409) ~[OrganizationService.class:na]
	at com.datayes.paas.usermaster.service.OrganizationService.getContentOfOrg(OrganizationService.java:255) ~[OrganizationService.class:na]
	at com.datayes.paas.usermaster.service.OrganizationService$$FastClassBySpringCGLIB$$25123db5.invoke(<generated>) ~[spring-core-4.0.6.RELEASE.jar:na]
	at org.springframework.cglib.proxy.MethodProxy.invoke(MethodProxy.java:204) ~[spring-core-4.0.6.RELEASE.jar:4.0.6.RELEASE]
	at org.springframework.aop.framework.CglibAopProxy$DynamicAdvisedInterceptor.intercept(CglibAopProxy.java:640) ~[spring-aop-4.0.6.RELEASE.jar:4.0.6.RELEASE]
	at com.datayes.paas.usermaster.service.OrganizationService$$EnhancerBySpringCGLIB$$1a9f3dd9.getContentOfOrg(<generated>) ~[spring-core-4.0.6.RELEASE.jar:na]
	at com.datayes.paas.usermaster.controller.OrganizationController.getContentOfOrg(OrganizationController.java:109) ~[OrganizationController.class:na]
	at sun.reflect.NativeMethodAccessorImpl.invoke0(Native Method) ~[na:1.7.0_71]
	at sun.reflect.NativeMethodAccessorImpl.invoke(NativeMethodAccessorImpl.java:57) ~[na:1.7.0_71]
	at sun.reflect.DelegatingMethodAccessorImpl.invoke(DelegatingMethodAccessorImpl.java:43) ~[na:1.7.0_71]
	at java.lang.reflect.Method.invoke(Method.java:606) ~[na:1.7.0_71]
	at org.springframework.web.method.support.InvocableHandlerMethod.invoke(InvocableHandlerMethod.java:215) ~[spring-web-4.0.6.RELEASE.jar:4.0.6.RELEASE]
	at org.springframework.web.method.support.InvocableHandlerMethod.invokeForRequest(InvocableHandlerMethod.java:132) ~[spring-web-4.0.6.RELEASE.jar:4.0.6.RELEASE]
	at org.springframework.web.servlet.mvc.method.annotation.ServletInvocableHandlerMethod.invokeAndHandle(ServletInvocableHandlerMethod.java:104) ~[spring-webmvc-4.0.6.RELEASE.jar:4.0.6.RELEASE]
	at org.springframework.web.servlet.mvc.method.annotation.RequestMappingHandlerAdapter.invokeHandleMethod(RequestMappingHandlerAdapter.java:749) ~[spring-webmvc-4.0.6.RELEASE.jar:4.0.6.RELEASE]
	at org.springframework.web.servlet.mvc.method.annotation.RequestMappingHandlerAdapter.handleInternal(RequestMappingHandlerAdapter.java:689) ~[spring-webmvc-4.0.6.RELEASE.jar:4.0.6.RELEASE]
	at org.springframework.web.servlet.mvc.method.AbstractHandlerMethodAdapter.handle(AbstractHandlerMethodAdapter.java:83) ~[spring-webmvc-4.0.6.RELEASE.jar:4.0.6.RELEASE]
	at org.springframework.web.servlet.DispatcherServlet.doDispatch(DispatcherServlet.java:938) ~[spring-webmvc-4.0.6.RELEASE.jar:4.0.6.RELEASE]
	at org.springframework.web.servlet.DispatcherServlet.doService(DispatcherServlet.java:870) ~[spring-webmvc-4.0.6.RELEASE.jar:4.0.6.RELEASE]
	at org.springframework.web.servlet.FrameworkServlet.processRequest(FrameworkServlet.java:961) [spring-webmvc-4.0.6.RELEASE.jar:4.0.6.RELEASE]
	at org.springframework.web.servlet.FrameworkServlet.doGet(FrameworkServlet.java:852) [spring-webmvc-4.0.6.RELEASE.jar:4.0.6.RELEASE]
	at javax.servlet.http.HttpServlet.service(HttpServlet.java:621) [tomcat-servlet-api-3.0.jar:na]
	at org.springframework.web.servlet.FrameworkServlet.service(FrameworkServlet.java:837) [spring-webmvc-4.0.6.RELEASE.jar:4.0.6.RELEASE]
	at javax.servlet.http.HttpServlet.service(HttpServlet.java:722) [tomcat-servlet-api-3.0.jar:na]
	at org.apache.catalina.core.ApplicationFilterChain.internalDoFilter(ApplicationFilterChain.java:305) [tomcat-catalina-7.0.26.jar:7.0.26]
	at org.apache.catalina.core.ApplicationFilterChain.doFilter(ApplicationFilterChain.java:210) [tomcat-catalina-7.0.26.jar:7.0.26]
	at org.springframework.web.filter.CharacterEncodingFilter.doFilterInternal(CharacterEncodingFilter.java:88) [spring-web-4.0.6.RELEASE.jar:4.0.6.RELEASE]
	at org.springframework.web.filter.OncePerRequestFilter.doFilter(OncePerRequestFilter.java:107) [spring-web-4.0.6.RELEASE.jar:4.0.6.RELEASE]
	at org.apache.catalina.core.ApplicationFilterChain.internalDoFilter(ApplicationFilterChain.java:243) [tomcat-catalina-7.0.26.jar:7.0.26]
	at org.apache.catalina.core.ApplicationFilterChain.doFilter(ApplicationFilterChain.java:210) [tomcat-catalina-7.0.26.jar:7.0.26]
	at com.thetransactioncompany.cors.CORSFilter.doFilter(CORSFilter.java:169) [cors-filter-1.9.2.jar:1.9.2]
	at com.thetransactioncompany.cors.CORSFilter.doFilter(CORSFilter.java:232) [cors-filter-1.9.2.jar:1.9.2]
	at org.apache.catalina.core.ApplicationFilterChain.internalDoFilter(ApplicationFilterChain.java:243) [tomcat-catalina-7.0.26.jar:7.0.26]
	at org.apache.catalina.core.ApplicationFilterChain.doFilter(ApplicationFilterChain.java:210) [tomcat-catalina-7.0.26.jar:7.0.26]
	at org.apache.catalina.core.StandardWrapperValve.invoke(StandardWrapperValve.java:224) [tomcat-catalina-7.0.26.jar:7.0.26]
	at org.apache.catalina.core.StandardContextValve.invoke(StandardContextValve.java:169) [tomcat-catalina-7.0.26.jar:7.0.26]
	at org.apache.catalina.authenticator.AuthenticatorBase.invoke(AuthenticatorBase.java:472) [tomcat-catalina-7.0.26.jar:7.0.26]
	at org.apache.catalina.core.StandardHostValve.invoke(StandardHostValve.java:168) [tomcat-catalina-7.0.26.jar:7.0.26]
	at org.apache.catalina.valves.ErrorReportValve.invoke(ErrorReportValve.java:98) [tomcat-catalina-7.0.26.jar:7.0.26]
	at org.apache.catalina.valves.AccessLogValve.invoke(AccessLogValve.java:927) [tomcat-catalina-7.0.26.jar:7.0.26]
	at org.apache.catalina.core.StandardEngineValve.invoke(StandardEngineValve.java:118) [tomcat-catalina-7.0.26.jar:7.0.26]
	at org.apache.catalina.connector.CoyoteAdapter.service(CoyoteAdapter.java:407) [tomcat-catalina-7.0.26.jar:7.0.26]
	at org.apache.coyote.http11.AbstractHttp11Processor.process(AbstractHttp11Processor.java:987) [tomcat-coyote-7.0.26.jar:7.0.26]
	at org.apache.coyote.AbstractProtocol$AbstractConnectionHandler.process(AbstractProtocol.java:579) [tomcat-coyote-7.0.26.jar:7.0.26]
	at org.apache.tomcat.util.net.JIoEndpoint$SocketProcessor.run(JIoEndpoint.java:309) [tomcat-coyote-7.0.26.jar:7.0.26]
	at java.util.concurrent.ThreadPoolExecutor.runWorker(ThreadPoolExecutor.java:1145) [na:1.7.0_71]
	at java.util.concurrent.ThreadPoolExecutor$Worker.run(ThreadPoolExecutor.java:615) [na:1.7.0_71]
	at java.lang.Thread.run(Thread.java:745) [na:1.7.0_71]
2015-06-03 15:55:49.580 [http-bio-8080-exec-5] [INFO ] com.datayes.paas.usermaster.util.CommonHandler - UserMasterException thrown by program.
com.datayes.paas.usermaster.util.UserMasterException: notexisting account
	at com.datayes.paas.usermaster.service.AccountService.getAccount(AccountService.java:250) ~[AccountService.class:na]
	at com.datayes.paas.usermaster.service.AccountService$$FastClassBySpringCGLIB$$c2133835.invoke(<generated>) ~[spring-core-4.0.6.RELEASE.jar:na]
	at org.springframework.cglib.proxy.MethodProxy.invoke(MethodProxy.java:204) ~[spring-core-4.0.6.RELEASE.jar:4.0.6.RELEASE]
	at org.springframework.aop.framework.CglibAopProxy$DynamicAdvisedInterceptor.intercept(CglibAopProxy.java:640) ~[spring-aop-4.0.6.RELEASE.jar:4.0.6.RELEASE]
	at com.datayes.paas.usermaster.service.AccountService$$EnhancerBySpringCGLIB$$137f6859.getAccount(<generated>) ~[spring-core-4.0.6.RELEASE.jar:na]
	at com.datayes.paas.usermaster.service.OrganizationService.insertOrgAccounts(OrganizationService.java:133) ~[OrganizationService.class:na]
	at com.datayes.paas.usermaster.service.OrganizationService$$FastClassBySpringCGLIB$$25123db5.invoke(<generated>) ~[spring-core-4.0.6.RELEASE.jar:na]
	at org.springframework.cglib.proxy.MethodProxy.invoke(MethodProxy.java:204) ~[spring-core-4.0.6.RELEASE.jar:4.0.6.RELEASE]
	at org.springframework.aop.framework.CglibAopProxy$CglibMethodInvocation.invokeJoinpoint(CglibAopProxy.java:708) ~[spring-aop-4.0.6.RELEASE.jar:4.0.6.RELEASE]
	at org.springframework.aop.framework.ReflectiveMethodInvocation.proceed(ReflectiveMethodInvocation.java:157) ~[spring-aop-4.0.6.RELEASE.jar:4.0.6.RELEASE]
	at org.springframework.transaction.interceptor.TransactionInterceptor$1.proceedWithInvocation(TransactionInterceptor.java:98) ~[spring-tx-4.0.6.RELEASE.jar:4.0.6.RELEASE]
	at org.springframework.transaction.interceptor.TransactionAspectSupport.invokeWithinTransaction(TransactionAspectSupport.java:262) ~[spring-tx-4.0.6.RELEASE.jar:4.0.6.RELEASE]
	at org.springframework.transaction.interceptor.TransactionInterceptor.invoke(TransactionInterceptor.java:95) ~[spring-tx-4.0.6.RELEASE.jar:4.0.6.RELEASE]
	at org.springframework.aop.framework.ReflectiveMethodInvocation.proceed(ReflectiveMethodInvocation.java:179) ~[spring-aop-4.0.6.RELEASE.jar:4.0.6.RELEASE]
	at org.springframework.aop.framework.CglibAopProxy$DynamicAdvisedInterceptor.intercept(CglibAopProxy.java:644) ~[spring-aop-4.0.6.RELEASE.jar:4.0.6.RELEASE]
	at com.datayes.paas.usermaster.service.OrganizationService$$EnhancerBySpringCGLIB$$1a9f3dd9.insertOrgAccounts(<generated>) ~[spring-core-4.0.6.RELEASE.jar:na]
	at com.datayes.paas.usermaster.controller.OrganizationController.insertOrgAccounts(OrganizationController.java:74) ~[OrganizationController.class:na]
	at sun.reflect.NativeMethodAccessorImpl.invoke0(Native Method) ~[na:1.7.0_71]
	at sun.reflect.NativeMethodAccessorImpl.invoke(NativeMethodAccessorImpl.java:57) ~[na:1.7.0_71]
	at sun.reflect.DelegatingMethodAccessorImpl.invoke(DelegatingMethodAccessorImpl.java:43) ~[na:1.7.0_71]
	at java.lang.reflect.Method.invoke(Method.java:606) ~[na:1.7.0_71]
	at org.springframework.web.method.support.InvocableHandlerMethod.invoke(InvocableHandlerMethod.java:215) ~[spring-web-4.0.6.RELEASE.jar:4.0.6.RELEASE]
	at org.springframework.web.method.support.InvocableHandlerMethod.invokeForRequest(InvocableHandlerMethod.java:132) ~[spring-web-4.0.6.RELEASE.jar:4.0.6.RELEASE]
	at org.springframework.web.servlet.mvc.method.annotation.ServletInvocableHandlerMethod.invokeAndHandle(ServletInvocableHandlerMethod.java:104) ~[spring-webmvc-4.0.6.RELEASE.jar:4.0.6.RELEASE]
	at org.springframework.web.servlet.mvc.method.annotation.RequestMappingHandlerAdapter.invokeHandleMethod(RequestMappingHandlerAdapter.java:749) ~[spring-webmvc-4.0.6.RELEASE.jar:4.0.6.RELEASE]
	at org.springframework.web.servlet.mvc.method.annotation.RequestMappingHandlerAdapter.handleInternal(RequestMappingHandlerAdapter.java:689) ~[spring-webmvc-4.0.6.RELEASE.jar:4.0.6.RELEASE]
	at org.springframework.web.servlet.mvc.method.AbstractHandlerMethodAdapter.handle(AbstractHandlerMethodAdapter.java:83) ~[spring-webmvc-4.0.6.RELEASE.jar:4.0.6.RELEASE]
	at org.springframework.web.servlet.DispatcherServlet.doDispatch(DispatcherServlet.java:938) ~[spring-webmvc-4.0.6.RELEASE.jar:4.0.6.RELEASE]
	at org.springframework.web.servlet.DispatcherServlet.doService(DispatcherServlet.java:870) ~[spring-webmvc-4.0.6.RELEASE.jar:4.0.6.RELEASE]
	at org.springframework.web.servlet.FrameworkServlet.processRequest(FrameworkServlet.java:961) [spring-webmvc-4.0.6.RELEASE.jar:4.0.6.RELEASE]
	at org.springframework.web.servlet.FrameworkServlet.doPost(FrameworkServlet.java:863) [spring-webmvc-4.0.6.RELEASE.jar:4.0.6.RELEASE]
	at javax.servlet.http.HttpServlet.service(HttpServlet.java:641) [tomcat-servlet-api-3.0.jar:na]
	at org.springframework.web.servlet.FrameworkServlet.service(FrameworkServlet.java:837) [spring-webmvc-4.0.6.RELEASE.jar:4.0.6.RELEASE]
	at javax.servlet.http.HttpServlet.service(HttpServlet.java:722) [tomcat-servlet-api-3.0.jar:na]
	at org.apache.catalina.core.ApplicationFilterChain.internalDoFilter(ApplicationFilterChain.java:305) [tomcat-catalina-7.0.26.jar:7.0.26]
	at org.apache.catalina.core.ApplicationFilterChain.doFilter(ApplicationFilterChain.java:210) [tomcat-catalina-7.0.26.jar:7.0.26]
	at org.springframework.web.filter.CharacterEncodingFilter.doFilterInternal(CharacterEncodingFilter.java:88) [spring-web-4.0.6.RELEASE.jar:4.0.6.RELEASE]
	at org.springframework.web.filter.OncePerRequestFilter.doFilter(OncePerRequestFilter.java:107) [spring-web-4.0.6.RELEASE.jar:4.0.6.RELEASE]
	at org.apache.catalina.core.ApplicationFilterChain.internalDoFilter(ApplicationFilterChain.java:243) [tomcat-catalina-7.0.26.jar:7.0.26]
	at org.apache.catalina.core.ApplicationFilterChain.doFilter(ApplicationFilterChain.java:210) [tomcat-catalina-7.0.26.jar:7.0.26]
	at com.thetransactioncompany.cors.CORSFilter.doFilter(CORSFilter.java:158) [cors-filter-1.9.2.jar:1.9.2]
	at com.thetransactioncompany.cors.CORSFilter.doFilter(CORSFilter.java:232) [cors-filter-1.9.2.jar:1.9.2]
	at org.apache.catalina.core.ApplicationFilterChain.internalDoFilter(ApplicationFilterChain.java:243) [tomcat-catalina-7.0.26.jar:7.0.26]
	at org.apache.catalina.core.ApplicationFilterChain.doFilter(ApplicationFilterChain.java:210) [tomcat-catalina-7.0.26.jar:7.0.26]
	at org.apache.catalina.core.StandardWrapperValve.invoke(StandardWrapperValve.java:224) [tomcat-catalina-7.0.26.jar:7.0.26]
	at org.apache.catalina.core.StandardContextValve.invoke(StandardContextValve.java:169) [tomcat-catalina-7.0.26.jar:7.0.26]
	at org.apache.catalina.authenticator.AuthenticatorBase.invoke(AuthenticatorBase.java:472) [tomcat-catalina-7.0.26.jar:7.0.26]
	at org.apache.catalina.core.StandardHostValve.invoke(StandardHostValve.java:168) [tomcat-catalina-7.0.26.jar:7.0.26]
	at org.apache.catalina.valves.ErrorReportValve.invoke(ErrorReportValve.java:98) [tomcat-catalina-7.0.26.jar:7.0.26]
	at org.apache.catalina.valves.AccessLogValve.invoke(AccessLogValve.java:927) [tomcat-catalina-7.0.26.jar:7.0.26]
	at org.apache.catalina.core.StandardEngineValve.invoke(StandardEngineValve.java:118) [tomcat-catalina-7.0.26.jar:7.0.26]
	at org.apache.catalina.connector.CoyoteAdapter.service(CoyoteAdapter.java:407) [tomcat-catalina-7.0.26.jar:7.0.26]
	at org.apache.coyote.http11.AbstractHttp11Processor.process(AbstractHttp11Processor.java:987) [tomcat-coyote-7.0.26.jar:7.0.26]
	at org.apache.coyote.AbstractProtocol$AbstractConnectionHandler.process(AbstractProtocol.java:579) [tomcat-coyote-7.0.26.jar:7.0.26]
	at org.apache.tomcat.util.net.JIoEndpoint$SocketProcessor.run(JIoEndpoint.java:307) [tomcat-coyote-7.0.26.jar:7.0.26]
	at java.util.concurrent.ThreadPoolExecutor.runWorker(ThreadPoolExecutor.java:1145) [na:1.7.0_71]
	at java.util.concurrent.ThreadPoolExecutor$Worker.run(ThreadPoolExecutor.java:615) [na:1.7.0_71]
	at java.lang.Thread.run(Thread.java:745) [na:1.7.0_71]
2015-06-03 15:58:28.436 [http-bio-8080-exec-6] [INFO ] com.datayes.paas.usermaster.util.CommonHandler - UserMasterException thrown by program.
com.datayes.paas.usermaster.util.UserMasterException: invalid page
	at com.datayes.paas.usermaster.service.AccountService.searchAccount(AccountService.java:443) ~[AccountService.class:na]
	at com.datayes.paas.usermaster.service.AccountService$$FastClassBySpringCGLIB$$c2133835.invoke(<generated>) ~[spring-core-4.0.6.RELEASE.jar:na]
	at org.springframework.cglib.proxy.MethodProxy.invoke(MethodProxy.java:204) ~[spring-core-4.0.6.RELEASE.jar:4.0.6.RELEASE]
	at org.springframework.aop.framework.CglibAopProxy$DynamicAdvisedInterceptor.intercept(CglibAopProxy.java:640) ~[spring-aop-4.0.6.RELEASE.jar:4.0.6.RELEASE]
	at com.datayes.paas.usermaster.service.AccountService$$EnhancerBySpringCGLIB$$137f6859.searchAccount(<generated>) ~[spring-core-4.0.6.RELEASE.jar:na]
	at com.datayes.paas.usermaster.service.OrganizationService.getAccountByTenantAndOrgWithPaging(OrganizationService.java:409) ~[OrganizationService.class:na]
	at com.datayes.paas.usermaster.service.OrganizationService.getContentOfOrg(OrganizationService.java:255) ~[OrganizationService.class:na]
	at com.datayes.paas.usermaster.service.OrganizationService$$FastClassBySpringCGLIB$$25123db5.invoke(<generated>) ~[spring-core-4.0.6.RELEASE.jar:na]
	at org.springframework.cglib.proxy.MethodProxy.invoke(MethodProxy.java:204) ~[spring-core-4.0.6.RELEASE.jar:4.0.6.RELEASE]
	at org.springframework.aop.framework.CglibAopProxy$DynamicAdvisedInterceptor.intercept(CglibAopProxy.java:640) ~[spring-aop-4.0.6.RELEASE.jar:4.0.6.RELEASE]
	at com.datayes.paas.usermaster.service.OrganizationService$$EnhancerBySpringCGLIB$$1a9f3dd9.getContentOfOrg(<generated>) ~[spring-core-4.0.6.RELEASE.jar:na]
	at com.datayes.paas.usermaster.controller.OrganizationController.getContentOfOrg(OrganizationController.java:109) ~[OrganizationController.class:na]
	at sun.reflect.NativeMethodAccessorImpl.invoke0(Native Method) ~[na:1.7.0_71]
	at sun.reflect.NativeMethodAccessorImpl.invoke(NativeMethodAccessorImpl.java:57) ~[na:1.7.0_71]
	at sun.reflect.DelegatingMethodAccessorImpl.invoke(DelegatingMethodAccessorImpl.java:43) ~[na:1.7.0_71]
	at java.lang.reflect.Method.invoke(Method.java:606) ~[na:1.7.0_71]
	at org.springframework.web.method.support.InvocableHandlerMethod.invoke(InvocableHandlerMethod.java:215) ~[spring-web-4.0.6.RELEASE.jar:4.0.6.RELEASE]
	at org.springframework.web.method.support.InvocableHandlerMethod.invokeForRequest(InvocableHandlerMethod.java:132) ~[spring-web-4.0.6.RELEASE.jar:4.0.6.RELEASE]
	at org.springframework.web.servlet.mvc.method.annotation.ServletInvocableHandlerMethod.invokeAndHandle(ServletInvocableHandlerMethod.java:104) ~[spring-webmvc-4.0.6.RELEASE.jar:4.0.6.RELEASE]
	at org.springframework.web.servlet.mvc.method.annotation.RequestMappingHandlerAdapter.invokeHandleMethod(RequestMappingHandlerAdapter.java:749) ~[spring-webmvc-4.0.6.RELEASE.jar:4.0.6.RELEASE]
	at org.springframework.web.servlet.mvc.method.annotation.RequestMappingHandlerAdapter.handleInternal(RequestMappingHandlerAdapter.java:689) ~[spring-webmvc-4.0.6.RELEASE.jar:4.0.6.RELEASE]
	at org.springframework.web.servlet.mvc.method.AbstractHandlerMethodAdapter.handle(AbstractHandlerMethodAdapter.java:83) ~[spring-webmvc-4.0.6.RELEASE.jar:4.0.6.RELEASE]
	at org.springframework.web.servlet.DispatcherServlet.doDispatch(DispatcherServlet.java:938) ~[spring-webmvc-4.0.6.RELEASE.jar:4.0.6.RELEASE]
	at org.springframework.web.servlet.DispatcherServlet.doService(DispatcherServlet.java:870) ~[spring-webmvc-4.0.6.RELEASE.jar:4.0.6.RELEASE]
	at org.springframework.web.servlet.FrameworkServlet.processRequest(FrameworkServlet.java:961) [spring-webmvc-4.0.6.RELEASE.jar:4.0.6.RELEASE]
	at org.springframework.web.servlet.FrameworkServlet.doGet(FrameworkServlet.java:852) [spring-webmvc-4.0.6.RELEASE.jar:4.0.6.RELEASE]
	at javax.servlet.http.HttpServlet.service(HttpServlet.java:621) [tomcat-servlet-api-3.0.jar:na]
	at org.springframework.web.servlet.FrameworkServlet.service(FrameworkServlet.java:837) [spring-webmvc-4.0.6.RELEASE.jar:4.0.6.RELEASE]
	at javax.servlet.http.HttpServlet.service(HttpServlet.java:722) [tomcat-servlet-api-3.0.jar:na]
	at org.apache.catalina.core.ApplicationFilterChain.internalDoFilter(ApplicationFilterChain.java:305) [tomcat-catalina-7.0.26.jar:7.0.26]
	at org.apache.catalina.core.ApplicationFilterChain.doFilter(ApplicationFilterChain.java:210) [tomcat-catalina-7.0.26.jar:7.0.26]
	at org.springframework.web.filter.CharacterEncodingFilter.doFilterInternal(CharacterEncodingFilter.java:88) [spring-web-4.0.6.RELEASE.jar:4.0.6.RELEASE]
	at org.springframework.web.filter.OncePerRequestFilter.doFilter(OncePerRequestFilter.java:107) [spring-web-4.0.6.RELEASE.jar:4.0.6.RELEASE]
	at org.apache.catalina.core.ApplicationFilterChain.internalDoFilter(ApplicationFilterChain.java:243) [tomcat-catalina-7.0.26.jar:7.0.26]
	at org.apache.catalina.core.ApplicationFilterChain.doFilter(ApplicationFilterChain.java:210) [tomcat-catalina-7.0.26.jar:7.0.26]
	at com.thetransactioncompany.cors.CORSFilter.doFilter(CORSFilter.java:169) [cors-filter-1.9.2.jar:1.9.2]
	at com.thetransactioncompany.cors.CORSFilter.doFilter(CORSFilter.java:232) [cors-filter-1.9.2.jar:1.9.2]
	at org.apache.catalina.core.ApplicationFilterChain.internalDoFilter(ApplicationFilterChain.java:243) [tomcat-catalina-7.0.26.jar:7.0.26]
	at org.apache.catalina.core.ApplicationFilterChain.doFilter(ApplicationFilterChain.java:210) [tomcat-catalina-7.0.26.jar:7.0.26]
	at org.apache.catalina.core.StandardWrapperValve.invoke(StandardWrapperValve.java:224) [tomcat-catalina-7.0.26.jar:7.0.26]
	at org.apache.catalina.core.StandardContextValve.invoke(StandardContextValve.java:169) [tomcat-catalina-7.0.26.jar:7.0.26]
	at org.apache.catalina.authenticator.AuthenticatorBase.invoke(AuthenticatorBase.java:472) [tomcat-catalina-7.0.26.jar:7.0.26]
	at org.apache.catalina.core.StandardHostValve.invoke(StandardHostValve.java:168) [tomcat-catalina-7.0.26.jar:7.0.26]
	at org.apache.catalina.valves.ErrorReportValve.invoke(ErrorReportValve.java:98) [tomcat-catalina-7.0.26.jar:7.0.26]
	at org.apache.catalina.valves.AccessLogValve.invoke(AccessLogValve.java:927) [tomcat-catalina-7.0.26.jar:7.0.26]
	at org.apache.catalina.core.StandardEngineValve.invoke(StandardEngineValve.java:118) [tomcat-catalina-7.0.26.jar:7.0.26]
	at org.apache.catalina.connector.CoyoteAdapter.service(CoyoteAdapter.java:407) [tomcat-catalina-7.0.26.jar:7.0.26]
	at org.apache.coyote.http11.AbstractHttp11Processor.process(AbstractHttp11Processor.java:987) [tomcat-coyote-7.0.26.jar:7.0.26]
	at org.apache.coyote.AbstractProtocol$AbstractConnectionHandler.process(AbstractProtocol.java:579) [tomcat-coyote-7.0.26.jar:7.0.26]
	at org.apache.tomcat.util.net.JIoEndpoint$SocketProcessor.run(JIoEndpoint.java:309) [tomcat-coyote-7.0.26.jar:7.0.26]
	at java.util.concurrent.ThreadPoolExecutor.runWorker(ThreadPoolExecutor.java:1145) [na:1.7.0_71]
	at java.util.concurrent.ThreadPoolExecutor$Worker.run(ThreadPoolExecutor.java:615) [na:1.7.0_71]
	at java.lang.Thread.run(Thread.java:745) [na:1.7.0_71]
2015-06-03 15:58:29.077 [http-bio-8080-exec-2] [INFO ] com.datayes.paas.usermaster.util.CommonHandler - UserMasterException thrown by program.
com.datayes.paas.usermaster.util.UserMasterException: invalid page
	at com.datayes.paas.usermaster.service.AccountService.searchAccount(AccountService.java:443) ~[AccountService.class:na]
	at com.datayes.paas.usermaster.service.AccountService$$FastClassBySpringCGLIB$$c2133835.invoke(<generated>) ~[spring-core-4.0.6.RELEASE.jar:na]
	at org.springframework.cglib.proxy.MethodProxy.invoke(MethodProxy.java:204) ~[spring-core-4.0.6.RELEASE.jar:4.0.6.RELEASE]
	at org.springframework.aop.framework.CglibAopProxy$DynamicAdvisedInterceptor.intercept(CglibAopProxy.java:640) ~[spring-aop-4.0.6.RELEASE.jar:4.0.6.RELEASE]
	at com.datayes.paas.usermaster.service.AccountService$$EnhancerBySpringCGLIB$$137f6859.searchAccount(<generated>) ~[spring-core-4.0.6.RELEASE.jar:na]
	at com.datayes.paas.usermaster.service.OrganizationService.getAccountByTenantAndOrgWithPaging(OrganizationService.java:409) ~[OrganizationService.class:na]
	at com.datayes.paas.usermaster.service.OrganizationService.getContentOfOrg(OrganizationService.java:255) ~[OrganizationService.class:na]
	at com.datayes.paas.usermaster.service.OrganizationService$$FastClassBySpringCGLIB$$25123db5.invoke(<generated>) ~[spring-core-4.0.6.RELEASE.jar:na]
	at org.springframework.cglib.proxy.MethodProxy.invoke(MethodProxy.java:204) ~[spring-core-4.0.6.RELEASE.jar:4.0.6.RELEASE]
	at org.springframework.aop.framework.CglibAopProxy$DynamicAdvisedInterceptor.intercept(CglibAopProxy.java:640) ~[spring-aop-4.0.6.RELEASE.jar:4.0.6.RELEASE]
	at com.datayes.paas.usermaster.service.OrganizationService$$EnhancerBySpringCGLIB$$1a9f3dd9.getContentOfOrg(<generated>) ~[spring-core-4.0.6.RELEASE.jar:na]
	at com.datayes.paas.usermaster.controller.OrganizationController.getContentOfOrg(OrganizationController.java:109) ~[OrganizationController.class:na]
	at sun.reflect.NativeMethodAccessorImpl.invoke0(Native Method) ~[na:1.7.0_71]
	at sun.reflect.NativeMethodAccessorImpl.invoke(NativeMethodAccessorImpl.java:57) ~[na:1.7.0_71]
	at sun.reflect.DelegatingMethodAccessorImpl.invoke(DelegatingMethodAccessorImpl.java:43) ~[na:1.7.0_71]
	at java.lang.reflect.Method.invoke(Method.java:606) ~[na:1.7.0_71]
	at org.springframework.web.method.support.InvocableHandlerMethod.invoke(InvocableHandlerMethod.java:215) ~[spring-web-4.0.6.RELEASE.jar:4.0.6.RELEASE]
	at org.springframework.web.method.support.InvocableHandlerMethod.invokeForRequest(InvocableHandlerMethod.java:132) ~[spring-web-4.0.6.RELEASE.jar:4.0.6.RELEASE]
	at org.springframework.web.servlet.mvc.method.annotation.ServletInvocableHandlerMethod.invokeAndHandle(ServletInvocableHandlerMethod.java:104) ~[spring-webmvc-4.0.6.RELEASE.jar:4.0.6.RELEASE]
	at org.springframework.web.servlet.mvc.method.annotation.RequestMappingHandlerAdapter.invokeHandleMethod(RequestMappingHandlerAdapter.java:749) ~[spring-webmvc-4.0.6.RELEASE.jar:4.0.6.RELEASE]
	at org.springframework.web.servlet.mvc.method.annotation.RequestMappingHandlerAdapter.handleInternal(RequestMappingHandlerAdapter.java:689) ~[spring-webmvc-4.0.6.RELEASE.jar:4.0.6.RELEASE]
	at org.springframework.web.servlet.mvc.method.AbstractHandlerMethodAdapter.handle(AbstractHandlerMethodAdapter.java:83) ~[spring-webmvc-4.0.6.RELEASE.jar:4.0.6.RELEASE]
	at org.springframework.web.servlet.DispatcherServlet.doDispatch(DispatcherServlet.java:938) ~[spring-webmvc-4.0.6.RELEASE.jar:4.0.6.RELEASE]
	at org.springframework.web.servlet.DispatcherServlet.doService(DispatcherServlet.java:870) ~[spring-webmvc-4.0.6.RELEASE.jar:4.0.6.RELEASE]
	at org.springframework.web.servlet.FrameworkServlet.processRequest(FrameworkServlet.java:961) [spring-webmvc-4.0.6.RELEASE.jar:4.0.6.RELEASE]
	at org.springframework.web.servlet.FrameworkServlet.doGet(FrameworkServlet.java:852) [spring-webmvc-4.0.6.RELEASE.jar:4.0.6.RELEASE]
	at javax.servlet.http.HttpServlet.service(HttpServlet.java:621) [tomcat-servlet-api-3.0.jar:na]
	at org.springframework.web.servlet.FrameworkServlet.service(FrameworkServlet.java:837) [spring-webmvc-4.0.6.RELEASE.jar:4.0.6.RELEASE]
	at javax.servlet.http.HttpServlet.service(HttpServlet.java:722) [tomcat-servlet-api-3.0.jar:na]
	at org.apache.catalina.core.ApplicationFilterChain.internalDoFilter(ApplicationFilterChain.java:305) [tomcat-catalina-7.0.26.jar:7.0.26]
	at org.apache.catalina.core.ApplicationFilterChain.doFilter(ApplicationFilterChain.java:210) [tomcat-catalina-7.0.26.jar:7.0.26]
	at org.springframework.web.filter.CharacterEncodingFilter.doFilterInternal(CharacterEncodingFilter.java:88) [spring-web-4.0.6.RELEASE.jar:4.0.6.RELEASE]
	at org.springframework.web.filter.OncePerRequestFilter.doFilter(OncePerRequestFilter.java:107) [spring-web-4.0.6.RELEASE.jar:4.0.6.RELEASE]
	at org.apache.catalina.core.ApplicationFilterChain.internalDoFilter(ApplicationFilterChain.java:243) [tomcat-catalina-7.0.26.jar:7.0.26]
	at org.apache.catalina.core.ApplicationFilterChain.doFilter(ApplicationFilterChain.java:210) [tomcat-catalina-7.0.26.jar:7.0.26]
	at com.thetransactioncompany.cors.CORSFilter.doFilter(CORSFilter.java:169) [cors-filter-1.9.2.jar:1.9.2]
	at com.thetransactioncompany.cors.CORSFilter.doFilter(CORSFilter.java:232) [cors-filter-1.9.2.jar:1.9.2]
	at org.apache.catalina.core.ApplicationFilterChain.internalDoFilter(ApplicationFilterChain.java:243) [tomcat-catalina-7.0.26.jar:7.0.26]
	at org.apache.catalina.core.ApplicationFilterChain.doFilter(ApplicationFilterChain.java:210) [tomcat-catalina-7.0.26.jar:7.0.26]
	at org.apache.catalina.core.StandardWrapperValve.invoke(StandardWrapperValve.java:224) [tomcat-catalina-7.0.26.jar:7.0.26]
	at org.apache.catalina.core.StandardContextValve.invoke(StandardContextValve.java:169) [tomcat-catalina-7.0.26.jar:7.0.26]
	at org.apache.catalina.authenticator.AuthenticatorBase.invoke(AuthenticatorBase.java:472) [tomcat-catalina-7.0.26.jar:7.0.26]
	at org.apache.catalina.core.StandardHostValve.invoke(StandardHostValve.java:168) [tomcat-catalina-7.0.26.jar:7.0.26]
	at org.apache.catalina.valves.ErrorReportValve.invoke(ErrorReportValve.java:98) [tomcat-catalina-7.0.26.jar:7.0.26]
	at org.apache.catalina.valves.AccessLogValve.invoke(AccessLogValve.java:927) [tomcat-catalina-7.0.26.jar:7.0.26]
	at org.apache.catalina.core.StandardEngineValve.invoke(StandardEngineValve.java:118) [tomcat-catalina-7.0.26.jar:7.0.26]
	at org.apache.catalina.connector.CoyoteAdapter.service(CoyoteAdapter.java:407) [tomcat-catalina-7.0.26.jar:7.0.26]
	at org.apache.coyote.http11.AbstractHttp11Processor.process(AbstractHttp11Processor.java:987) [tomcat-coyote-7.0.26.jar:7.0.26]
	at org.apache.coyote.AbstractProtocol$AbstractConnectionHandler.process(AbstractProtocol.java:579) [tomcat-coyote-7.0.26.jar:7.0.26]
	at org.apache.tomcat.util.net.JIoEndpoint$SocketProcessor.run(JIoEndpoint.java:309) [tomcat-coyote-7.0.26.jar:7.0.26]
	at java.util.concurrent.ThreadPoolExecutor.runWorker(ThreadPoolExecutor.java:1145) [na:1.7.0_71]
	at java.util.concurrent.ThreadPoolExecutor$Worker.run(ThreadPoolExecutor.java:615) [na:1.7.0_71]
	at java.lang.Thread.run(Thread.java:745) [na:1.7.0_71]
2015-06-03 15:59:49.234 [pool-2-thread-1] [INFO ] org.springframework.web.context.ContextLoader - Root WebApplicationContext: initialization started
2015-06-03 15:59:49.333 [pool-2-thread-1] [INFO ] o.s.web.context.support.XmlWebApplicationContext - Refreshing Root WebApplicationContext: startup date [Wed Jun 03 15:59:49 CST 2015]; root of context hierarchy
2015-06-03 15:59:49.379 [pool-2-thread-1] [INFO ] o.s.beans.factory.xml.XmlBeanDefinitionReader - Loading XML bean definitions from class path resource [usermaster-beans.xml]
2015-06-03 15:59:49.958 [pool-2-thread-1] [INFO ] o.s.c.support.PropertySourcesPlaceholderConfigurer - Loading properties file from file [/datayes/webapps/usermaster/etc/usermaster.properties]
2015-06-03 15:59:49.958 [pool-2-thread-1] [INFO ] o.s.c.support.PropertySourcesPlaceholderConfigurer - Loading properties file from file [/datayes/webapps/usermaster/etc/session.properties]
2015-06-03 15:59:50.071 [pool-2-thread-1] [INFO ] o.s.scheduling.concurrent.ThreadPoolTaskExecutor - Initializing ExecutorService 
2015-06-03 15:59:50.071 [pool-2-thread-1] [INFO ] o.s.c.s.PostProcessorRegistrationDelegate$BeanPostProcessorChecker - Bean 'myExecutor' of type [class org.springframework.scheduling.config.TaskExecutorFactoryBean] is not eligible for getting processed by all BeanPostProcessors (for example: not eligible for auto-proxying)
2015-06-03 15:59:50.071 [pool-2-thread-1] [INFO ] o.s.c.s.PostProcessorRegistrationDelegate$BeanPostProcessorChecker - Bean 'myExecutor' of type [class org.springframework.scheduling.concurrent.ThreadPoolTaskExecutor] is not eligible for getting processed by all BeanPostProcessors (for example: not eligible for auto-proxying)
2015-06-03 15:59:50.108 [pool-2-thread-1] [INFO ] o.s.scheduling.concurrent.ThreadPoolTaskScheduler - Initializing ExecutorService  'myScheduler'
2015-06-03 15:59:50.109 [pool-2-thread-1] [INFO ] o.s.c.s.PostProcessorRegistrationDelegate$BeanPostProcessorChecker - Bean 'myScheduler' of type [class org.springframework.scheduling.concurrent.ThreadPoolTaskScheduler] is not eligible for getting processed by all BeanPostProcessors (for example: not eligible for auto-proxying)
2015-06-03 15:59:51.942 [pool-2-thread-1] [INFO ] org.springframework.web.context.ContextLoader - Root WebApplicationContext: initialization completed in 2705 ms
2015-06-03 15:59:52.016 [pool-2-thread-1] [INFO ] org.springframework.web.servlet.DispatcherServlet - FrameworkServlet 'usermaster': initialization started
2015-06-03 15:59:52.027 [pool-2-thread-1] [INFO ] o.s.web.context.support.XmlWebApplicationContext - Refreshing WebApplicationContext for namespace 'usermaster-servlet': startup date [Wed Jun 03 15:59:52 CST 2015]; parent: Root WebApplicationContext
2015-06-03 15:59:52.028 [pool-2-thread-1] [INFO ] o.s.beans.factory.xml.XmlBeanDefinitionReader - Loading XML bean definitions from class path resource [usermaster-web.xml]
2015-06-03 15:59:52.328 [pool-2-thread-1] [INFO ] o.s.c.support.PropertySourcesPlaceholderConfigurer - Loading properties file from file [/datayes/webapps/usermaster/etc/usermaster.properties]
2015-06-03 15:59:52.328 [pool-2-thread-1] [INFO ] o.s.c.support.PropertySourcesPlaceholderConfigurer - Loading properties file from file [/datayes/webapps/usermaster/etc/session.properties]
2015-06-03 15:59:52.632 [pool-2-thread-1] [INFO ] o.s.web.servlet.handler.SimpleUrlHandlerMapping - Mapped URL path [/**] onto handler 'org.springframework.web.servlet.resource.DefaultServletHttpRequestHandler#0'
2015-06-03 15:59:52.780 [pool-2-thread-1] [INFO ] o.s.w.s.m.m.a.RequestMappingHandlerMapping - Mapped "{[/account/{domain}/{username}/time],methods=[GET],params=[],headers=[],consumes=[],produces=[],custom=[]}" onto public org.springframework.ui.ModelMap com.datayes.paas.usermaster.controller.AccountController.getLastLoginTime(java.lang.String,java.lang.String) throws com.datayes.paas.usermaster.util.UserMasterException
2015-06-03 15:59:52.780 [pool-2-thread-1] [INFO ] o.s.w.s.m.m.a.RequestMappingHandlerMapping - Mapped "{[/account/search/{domain}],methods=[GET],params=[],headers=[],consumes=[],produces=[],custom=[]}" onto public org.springframework.ui.ModelMap com.datayes.paas.usermaster.controller.AccountController.searchAccount(java.lang.String,java.lang.String,java.lang.String,boolean,java.lang.Integer,java.lang.Integer,boolean,com.datayes.paas.usermaster.model.AccountSearchOptions$DetailLevel) throws com.datayes.paas.usermaster.util.UserMasterException
2015-06-03 15:59:52.780 [pool-2-thread-1] [INFO ] o.s.w.s.m.m.a.RequestMappingHandlerMapping - Mapped "{[/account/{domain}],methods=[POST],params=[],headers=[],consumes=[],produces=[],custom=[]}" onto public org.springframework.ui.ModelMap com.datayes.paas.usermaster.controller.AccountController.addAccount(java.lang.String,com.datayes.paas.model.usermaster.db.Account) throws com.datayes.paas.usermaster.util.UserMasterException
2015-06-03 15:59:52.781 [pool-2-thread-1] [INFO ] o.s.w.s.m.m.a.RequestMappingHandlerMapping - Mapped "{[/account/id/{accountId}],methods=[GET],params=[],headers=[],consumes=[],produces=[],custom=[]}" onto public org.springframework.ui.ModelMap com.datayes.paas.usermaster.controller.AccountController.getAccount(long) throws com.datayes.paas.usermaster.util.UserMasterException
2015-06-03 15:59:52.781 [pool-2-thread-1] [INFO ] o.s.w.s.m.m.a.RequestMappingHandlerMapping - Mapped "{[/account/{domain}/{username}],methods=[GET],params=[],headers=[],consumes=[],produces=[],custom=[]}" onto public org.springframework.ui.ModelMap com.datayes.paas.usermaster.controller.AccountController.getAccount(java.lang.String,java.lang.String) throws com.datayes.paas.usermaster.util.UserMasterException
2015-06-03 15:59:52.781 [pool-2-thread-1] [INFO ] o.s.w.s.m.m.a.RequestMappingHandlerMapping - Mapped "{[/account/{domain}/{username}],methods=[PUT],params=[],headers=[],consumes=[],produces=[],custom=[]}" onto public org.springframework.ui.ModelMap com.datayes.paas.usermaster.controller.AccountController.UpdateAccount(java.lang.String,java.lang.String,com.datayes.paas.model.usermaster.db.Account) throws com.datayes.paas.usermaster.util.UserMasterException
2015-06-03 15:59:52.781 [pool-2-thread-1] [INFO ] o.s.w.s.m.m.a.RequestMappingHandlerMapping - Mapped "{[/account/{domain}/{username}/bind/{userId}],methods=[POST],params=[],headers=[],consumes=[],produces=[],custom=[]}" onto public org.springframework.ui.ModelMap com.datayes.paas.usermaster.controller.AccountController.bindAccount(long,java.lang.String,java.lang.String,boolean) throws com.datayes.paas.usermaster.util.UserMasterException
2015-06-03 15:59:52.781 [pool-2-thread-1] [INFO ] o.s.w.s.m.m.a.RequestMappingHandlerMapping - Mapped "{[/account/{domain}/{username}/password],methods=[PUT],params=[],headers=[],consumes=[],produces=[],custom=[]}" onto public org.springframework.ui.ModelMap com.datayes.paas.usermaster.controller.AccountController.ChangePasswordByUser(com.datayes.paas.model.usermaster.NamePassword,java.lang.String,java.lang.String) throws com.datayes.paas.usermaster.util.UserMasterException
2015-06-03 15:59:52.782 [pool-2-thread-1] [INFO ] o.s.w.s.m.m.a.RequestMappingHandlerMapping - Mapped "{[/account/{domain}/{username}/password],methods=[POST],params=[],headers=[],consumes=[],produces=[],custom=[]}" onto public org.springframework.ui.ModelMap com.datayes.paas.usermaster.controller.AccountController.ChangePassword(com.datayes.paas.model.usermaster.NamePassword,java.lang.String,java.lang.String) throws com.datayes.paas.usermaster.util.UserMasterException
2015-06-03 15:59:52.782 [pool-2-thread-1] [INFO ] o.s.w.s.m.m.a.RequestMappingHandlerMapping - Mapped "{[/account/{domain}],methods=[GET],params=[],headers=[],consumes=[],produces=[],custom=[]}" onto public org.springframework.ui.ModelMap com.datayes.paas.usermaster.controller.AccountController.getTenantAccounts(java.lang.String,java.lang.String,boolean,java.lang.Integer,java.lang.Integer,boolean,com.datayes.paas.usermaster.model.AccountSearchOptions$DetailLevel) throws com.datayes.paas.usermaster.util.UserMasterException
2015-06-03 15:59:52.785 [pool-2-thread-1] [INFO ] o.s.w.s.m.m.a.RequestMappingHandlerMapping - Mapped "{[/account/{domain}/role/{roleName}],methods=[GET],params=[],headers=[],consumes=[],produces=[],custom=[]}" onto public org.springframework.ui.ModelMap com.datayes.paas.usermaster.controller.AccountController.getAccountsOfRole(java.lang.String,java.lang.String,java.lang.String,boolean,java.lang.Integer,java.lang.Integer,boolean,com.datayes.paas.usermaster.model.AccountSearchOptions$DetailLevel) throws com.datayes.paas.usermaster.util.UserMasterException
2015-06-03 15:59:52.785 [pool-2-thread-1] [INFO ] o.s.w.s.m.m.a.RequestMappingHandlerMapping - Mapped "{[/account/{domain}/role/{roleName}/exclude],methods=[GET],params=[],headers=[],consumes=[],produces=[],custom=[]}" onto public org.springframework.ui.ModelMap com.datayes.paas.usermaster.controller.AccountController.getAccountsWithoutRole(java.lang.String,java.lang.String,java.lang.String,boolean,java.lang.Integer,java.lang.Integer,boolean,com.datayes.paas.usermaster.model.AccountSearchOptions$DetailLevel) throws com.datayes.paas.usermaster.util.UserMasterException
2015-06-03 15:59:52.786 [pool-2-thread-1] [INFO ] o.s.w.s.m.m.a.RequestMappingHandlerMapping - Mapped "{[/account/{domain}/bind/{userId}],methods=[POST],params=[],headers=[],consumes=[],produces=[],custom=[]}" onto public org.springframework.ui.ModelMap com.datayes.paas.usermaster.controller.AccountController.addExistingUserToTenant(java.lang.String,long,com.datayes.paas.model.usermaster.NamePassword) throws com.datayes.paas.usermaster.util.UserMasterException
2015-06-03 15:59:52.786 [pool-2-thread-1] [INFO ] o.s.w.s.m.m.a.RequestMappingHandlerMapping - Mapped "{[/account/{domain}/{username}],methods=[DELETE],params=[],headers=[],consumes=[],produces=[],custom=[]}" onto public org.springframework.ui.ModelMap com.datayes.paas.usermaster.controller.AccountController.RemoveAccount(java.lang.String,java.lang.String) throws com.datayes.paas.usermaster.util.UserMasterException
2015-06-03 15:59:52.786 [pool-2-thread-1] [INFO ] o.s.w.s.m.m.a.RequestMappingHandlerMapping - Mapped "{[/account/{domain}/{username}/unlock],methods=[POST],params=[],headers=[],consumes=[],produces=[],custom=[]}" onto public org.springframework.ui.ModelMap com.datayes.paas.usermaster.controller.AccountController.unlock(java.lang.String,java.lang.String) throws com.datayes.paas.usermaster.util.UserMasterException
2015-06-03 15:59:52.790 [pool-2-thread-1] [INFO ] o.s.w.s.m.m.a.RequestMappingHandlerMapping - Mapped "{[/account/{domain}/{username}/role],methods=[],params=[],headers=[],consumes=[],produces=[],custom=[]}" onto public org.springframework.ui.ModelMap com.datayes.paas.usermaster.controller.RoleController.getAccountRoleNames(java.lang.String,java.lang.String) throws com.datayes.paas.usermaster.util.UserMasterException
2015-06-03 15:59:52.790 [pool-2-thread-1] [INFO ] o.s.w.s.m.m.a.RequestMappingHandlerMapping - Mapped "{[/account/{domain}/{username}/role/detail],methods=[],params=[],headers=[],consumes=[],produces=[],custom=[]}" onto public org.springframework.ui.ModelMap com.datayes.paas.usermaster.controller.RoleController.getAccountRoles(java.lang.String,java.lang.String) throws com.datayes.paas.usermaster.util.UserMasterException
2015-06-03 15:59:52.791 [pool-2-thread-1] [INFO ] o.s.w.s.m.m.a.RequestMappingHandlerMapping - Mapped "{[/role/{domain}/batch],methods=[POST],params=[],headers=[],consumes=[],produces=[],custom=[]}" onto public org.springframework.ui.ModelMap com.datayes.paas.usermaster.controller.RoleController.addBatchRole(java.util.List<com.datayes.paas.utility.model.NameValueModel<java.lang.String, java.lang.String>>,java.lang.String) throws com.datayes.paas.usermaster.util.UserMasterException
2015-06-03 15:59:52.791 [pool-2-thread-1] [INFO ] o.s.w.s.m.m.a.RequestMappingHandlerMapping - Mapped "{[/role/{domain}/{name}],methods=[PUT],params=[],headers=[],consumes=[],produces=[],custom=[]}" onto public org.springframework.ui.ModelMap com.datayes.paas.usermaster.controller.RoleController.modifyRole(com.datayes.paas.model.usermaster.db.Role,java.lang.String,java.lang.String) throws com.datayes.paas.usermaster.util.UserMasterException
2015-06-03 15:59:52.791 [pool-2-thread-1] [INFO ] o.s.w.s.m.m.a.RequestMappingHandlerMapping - Mapped "{[/role/{domain}],methods=[],params=[],headers=[],consumes=[],produces=[],custom=[]}" onto public org.springframework.ui.ModelMap com.datayes.paas.usermaster.controller.RoleController.getTenantRoles(java.lang.String) throws com.datayes.paas.usermaster.util.UserMasterException
2015-06-03 15:59:52.791 [pool-2-thread-1] [INFO ] o.s.w.s.m.m.a.RequestMappingHandlerMapping - Mapped "{[/role/{domain}/{name}/account],methods=[POST],params=[],headers=[],consumes=[],produces=[],custom=[]}" onto public org.springframework.ui.ModelMap com.datayes.paas.usermaster.controller.RoleController.addAccountsToRole(java.lang.String,java.lang.String,java.util.List<java.lang.String>) throws com.datayes.paas.usermaster.util.UserMasterException
2015-06-03 15:59:52.792 [pool-2-thread-1] [INFO ] o.s.w.s.m.m.a.RequestMappingHandlerMapping - Mapped "{[/role/{domain}/{name}/account/remove],methods=[POST],params=[],headers=[],consumes=[],produces=[],custom=[]}" onto public org.springframework.ui.ModelMap com.datayes.paas.usermaster.controller.RoleController.removeAccountsFromRole(java.lang.String,java.lang.String,java.util.List<java.lang.String>) throws com.datayes.paas.usermaster.util.UserMasterException
2015-06-03 15:59:52.792 [pool-2-thread-1] [INFO ] o.s.w.s.m.m.a.RequestMappingHandlerMapping - Mapped "{[/role/{domain}/{name}],methods=[],params=[],headers=[],consumes=[],produces=[],custom=[]}" onto public org.springframework.ui.ModelMap com.datayes.paas.usermaster.controller.RoleController.getRole(java.lang.String,java.lang.String) throws com.datayes.paas.usermaster.util.UserMasterException
2015-06-03 15:59:52.792 [pool-2-thread-1] [INFO ] o.s.w.s.m.m.a.RequestMappingHandlerMapping - Mapped "{[/role/{domain}/{name}],methods=[DELETE],params=[],headers=[],consumes=[],produces=[],custom=[]}" onto public org.springframework.ui.ModelMap com.datayes.paas.usermaster.controller.RoleController.removeRole(java.lang.String,java.lang.String) throws com.datayes.paas.usermaster.util.UserMasterException
2015-06-03 15:59:52.792 [pool-2-thread-1] [INFO ] o.s.w.s.m.m.a.RequestMappingHandlerMapping - Mapped "{[/role/{domain}],methods=[POST],params=[],headers=[],consumes=[],produces=[],custom=[]}" onto public org.springframework.ui.ModelMap com.datayes.paas.usermaster.controller.RoleController.addRole(com.datayes.paas.model.usermaster.db.Role,java.lang.String) throws com.datayes.paas.usermaster.util.UserMasterException
2015-06-03 15:59:52.793 [pool-2-thread-1] [INFO ] o.s.w.s.m.m.a.RequestMappingHandlerMapping - Mapped "{[/test],methods=[GET],params=[],headers=[],consumes=[],produces=[],custom=[]}" onto public java.lang.String com.datayes.paas.usermaster.controller.TestController.test(org.springframework.ui.ModelMap)
2015-06-03 15:59:52.795 [pool-2-thread-1] [INFO ] o.s.w.s.m.m.a.RequestMappingHandlerMapping - Mapped "{[/oauth2/token],methods=[POST],params=[],headers=[],consumes=[],produces=[],custom=[]}" onto public org.springframework.ui.ModelMap com.datayes.paas.usermaster.controller.OAuth2Controller.getToken(java.lang.String,java.lang.String,java.lang.String,java.lang.String,java.lang.String,java.lang.String,java.lang.String,java.lang.String,java.lang.String,java.lang.String,javax.servlet.http.HttpServletRequest)
2015-06-03 15:59:52.802 [pool-2-thread-1] [INFO ] o.s.w.s.m.m.a.RequestMappingHandlerMapping - Mapped "{[/org/insertRootOrg],methods=[POST],params=[],headers=[],consumes=[application/json;charset=UTF-8],produces=[],custom=[]}" onto public org.springframework.ui.ModelMap com.datayes.paas.usermaster.controller.OrganizationController.insertRootOrg(com.datayes.paas.model.usermaster.db.Organization) throws com.datayes.paas.usermaster.util.UserMasterException
2015-06-03 15:59:52.802 [pool-2-thread-1] [INFO ] o.s.w.s.m.m.a.RequestMappingHandlerMapping - Mapped "{[/org/insertOrgAccounts],methods=[POST],params=[],headers=[],consumes=[application/json;charset=UTF-8],produces=[],custom=[]}" onto public org.springframework.ui.ModelMap com.datayes.paas.usermaster.controller.OrganizationController.insertOrgAccounts(java.util.List<com.datayes.paas.model.usermaster.organization.OrgAccountsModel>) throws com.datayes.paas.usermaster.util.UserMasterException
2015-06-03 15:59:52.803 [pool-2-thread-1] [INFO ] o.s.w.s.m.m.a.RequestMappingHandlerMapping - Mapped "{[/org/deleteOrgAccounts],methods=[POST],params=[],headers=[],consumes=[application/json;charset=UTF-8],produces=[],custom=[]}" onto public org.springframework.ui.ModelMap com.datayes.paas.usermaster.controller.OrganizationController.deleteOrgAccounts(java.util.List<com.datayes.paas.model.usermaster.organization.OrgAccountsModel>) throws com.datayes.paas.usermaster.util.UserMasterException
2015-06-03 15:59:52.803 [pool-2-thread-1] [INFO ] o.s.w.s.m.m.a.RequestMappingHandlerMapping - Mapped "{[/org/getRootOrg/{tenantDomain}],methods=[GET],params=[],headers=[],consumes=[],produces=[application/json;charset=UTF-8],custom=[]}" onto public org.springframework.ui.ModelMap com.datayes.paas.usermaster.controller.OrganizationController.getRootOrg(java.lang.String) throws com.datayes.paas.usermaster.util.UserMasterException
2015-06-03 15:59:52.803 [pool-2-thread-1] [INFO ] o.s.w.s.m.m.a.RequestMappingHandlerMapping - Mapped "{[/org/getContentOfOrg/{tenantDomain}/{orgId}/{pageSize}/{pageIndex}/{isAsc}],methods=[GET],params=[],headers=[],consumes=[],produces=[application/json;charset=UTF-8],custom=[]}" onto public org.springframework.ui.ModelMap com.datayes.paas.usermaster.controller.OrganizationController.getContentOfOrg(java.lang.String,long,int,int,boolean) throws com.datayes.paas.usermaster.util.UserMasterException
2015-06-03 15:59:52.803 [pool-2-thread-1] [INFO ] o.s.w.s.m.m.a.RequestMappingHandlerMapping - Mapped "{[/org/getAllOrgs/{tenantDomain}],methods=[GET],params=[],headers=[],consumes=[],produces=[application/json;charset=UTF-8],custom=[]}" onto public org.springframework.ui.ModelMap com.datayes.paas.usermaster.controller.OrganizationController.getAllOrgs(java.lang.String) throws com.datayes.paas.usermaster.util.UserMasterException
2015-06-03 15:59:52.804 [pool-2-thread-1] [INFO ] o.s.w.s.m.m.a.RequestMappingHandlerMapping - Mapped "{[/org/migration/{tenantDomain}],methods=[POST],params=[],headers=[],consumes=[],produces=[application/json;charset=UTF-8],custom=[]}" onto public org.springframework.ui.ModelMap com.datayes.paas.usermaster.controller.OrganizationController.migrateOrganization(com.datayes.paas.model.usermaster.organization.AllOrgsAndAccountsModel,java.lang.String) throws com.datayes.paas.usermaster.util.UserMasterException
2015-06-03 15:59:52.804 [pool-2-thread-1] [INFO ] o.s.w.s.m.m.a.RequestMappingHandlerMapping - Mapped "{[/org/insertOrg],methods=[POST],params=[],headers=[],consumes=[application/json;charset=UTF-8],produces=[],custom=[]}" onto public org.springframework.ui.ModelMap com.datayes.paas.usermaster.controller.OrganizationController.insertOrg(com.datayes.paas.model.usermaster.db.Organization) throws com.datayes.paas.usermaster.util.UserMasterException
2015-06-03 15:59:52.804 [pool-2-thread-1] [INFO ] o.s.w.s.m.m.a.RequestMappingHandlerMapping - Mapped "{[/org/updateOrg],methods=[POST],params=[],headers=[],consumes=[application/json;charset=UTF-8],produces=[],custom=[]}" onto public org.springframework.ui.ModelMap com.datayes.paas.usermaster.controller.OrganizationController.updateOrg(com.datayes.paas.model.usermaster.db.Organization) throws com.datayes.paas.usermaster.util.UserMasterException
2015-06-03 15:59:52.804 [pool-2-thread-1] [INFO ] o.s.w.s.m.m.a.RequestMappingHandlerMapping - Mapped "{[/org/deleteOrg/{orgId}],methods=[DELETE],params=[],headers=[],consumes=[],produces=[],custom=[]}" onto public org.springframework.ui.ModelMap com.datayes.paas.usermaster.controller.OrganizationController.deleteOrg(long) throws com.datayes.paas.usermaster.util.UserMasterException
2015-06-03 15:59:52.805 [pool-2-thread-1] [INFO ] o.s.w.s.m.m.a.RequestMappingHandlerMapping - Mapped "{[/org/{tenantDomain}/all],methods=[GET],params=[],headers=[],consumes=[],produces=[application/json;charset=UTF-8],custom=[]}" onto public org.springframework.ui.ModelMap com.datayes.paas.usermaster.controller.OrganizationController.getAll(java.lang.String) throws com.datayes.paas.usermaster.util.UserMasterException
2015-06-03 15:59:52.806 [pool-2-thread-1] [INFO ] o.s.w.s.m.m.a.RequestMappingHandlerMapping - Mapped "{[/image],methods=[POST],params=[],headers=[],consumes=[],produces=[],custom=[]}" onto public org.springframework.ui.ModelMap com.datayes.paas.usermaster.controller.ImageController.uploadImage(com.datayes.paas.usermaster.model.Image) throws com.datayes.paas.usermaster.util.UserMasterException
2015-06-03 15:59:52.806 [pool-2-thread-1] [INFO ] o.s.w.s.m.m.a.RequestMappingHandlerMapping - Mapped "{[/image/migrate],methods=[GET],params=[],headers=[],consumes=[],produces=[],custom=[]}" onto public org.springframework.ui.ModelMap com.datayes.paas.usermaster.controller.ImageController.migrateImage(java.lang.String,java.lang.String,java.lang.String,java.lang.String,boolean) throws com.datayes.paas.usermaster.util.UserMasterException,java.io.UnsupportedEncodingException
2015-06-03 15:59:52.806 [pool-2-thread-1] [INFO ] o.s.w.s.m.m.a.RequestMappingHandlerMapping - Mapped "{[/image/{domain}/{id}],methods=[GET],params=[],headers=[],consumes=[],produces=[],custom=[]}" onto public org.springframework.ui.ModelMap com.datayes.paas.usermaster.controller.ImageController.getImage(java.lang.String,long,javax.servlet.http.HttpServletResponse) throws com.datayes.paas.usermaster.util.UserMasterException
2015-06-03 15:59:52.808 [pool-2-thread-1] [INFO ] o.s.w.s.m.m.a.RequestMappingHandlerMapping - Mapped "{[/captcha],methods=[GET],params=[],headers=[],consumes=[],produces=[],custom=[]}" onto public void com.datayes.paas.usermaster.controller.AuthenticateController.getCode(javax.servlet.http.HttpServletRequest,javax.servlet.http.HttpServletResponse) throws java.io.IOException
2015-06-03 15:59:52.808 [pool-2-thread-1] [INFO ] o.s.w.s.m.m.a.RequestMappingHandlerMapping - Mapped "{[/identity],methods=[GET],params=[],headers=[],consumes=[],produces=[],custom=[]}" onto public org.springframework.ui.ModelMap com.datayes.paas.usermaster.controller.AuthenticateController.getIdentity(javax.servlet.http.HttpServletRequest)
2015-06-03 15:59:52.808 [pool-2-thread-1] [INFO ] o.s.w.s.m.m.a.RequestMappingHandlerMapping - Mapped "{[/check],methods=[GET],params=[],headers=[],consumes=[],produces=[],custom=[]}" onto public org.springframework.ui.ModelMap com.datayes.paas.usermaster.controller.AuthenticateController.check(java.lang.String,javax.servlet.http.HttpServletRequest) throws com.datayes.paas.usermaster.util.UserMasterException
2015-06-03 15:59:52.809 [pool-2-thread-1] [INFO ] o.s.w.s.m.m.a.RequestMappingHandlerMapping - Mapped "{[/authenticate],methods=[POST],params=[],headers=[],consumes=[],produces=[],custom=[]}" onto public org.springframework.ui.ModelMap com.datayes.paas.usermaster.controller.AuthenticateController.authenticate(java.lang.String,java.lang.String,java.lang.String,java.lang.String,java.lang.String,boolean,boolean,java.lang.String,java.lang.String,java.lang.String,boolean,javax.servlet.http.HttpServletRequest,javax.servlet.http.HttpServletResponse)
2015-06-03 15:59:52.809 [pool-2-thread-1] [INFO ] o.s.w.s.m.m.a.RequestMappingHandlerMapping - Mapped "{[/logout],methods=[GET],params=[],headers=[],consumes=[],produces=[],custom=[]}" onto public org.springframework.ui.ModelMap com.datayes.paas.usermaster.controller.AuthenticateController.logout(javax.servlet.http.HttpServletRequest,javax.servlet.http.HttpServletResponse,java.lang.String)
2015-06-03 15:59:52.811 [pool-2-thread-1] [INFO ] o.s.w.s.m.m.a.RequestMappingHandlerMapping - Mapped "{[/tenant],methods=[POST],params=[],headers=[],consumes=[],produces=[],custom=[]}" onto public org.springframework.ui.ModelMap com.datayes.paas.usermaster.controller.TenantController.createTenant(com.datayes.paas.model.usermaster.db.Tenant) throws com.datayes.paas.usermaster.util.UserMasterException
2015-06-03 15:59:52.812 [pool-2-thread-1] [INFO ] o.s.w.s.m.m.a.RequestMappingHandlerMapping - Mapped "{[/tenant/id/{id}],methods=[GET],params=[],headers=[],consumes=[],produces=[],custom=[]}" onto public org.springframework.ui.ModelMap com.datayes.paas.usermaster.controller.TenantController.getTenant(long) throws com.datayes.paas.usermaster.util.UserMasterException
2015-06-03 15:59:52.812 [pool-2-thread-1] [INFO ] o.s.w.s.m.m.a.RequestMappingHandlerMapping - Mapped "{[/tenant/{domain}],methods=[GET],params=[],headers=[],consumes=[],produces=[],custom=[]}" onto public org.springframework.ui.ModelMap com.datayes.paas.usermaster.controller.TenantController.getTenant(java.lang.String) throws com.datayes.paas.usermaster.util.UserMasterException
2015-06-03 15:59:52.812 [pool-2-thread-1] [INFO ] o.s.w.s.m.m.a.RequestMappingHandlerMapping - Mapped "{[/tenant/{domain}],methods=[DELETE],params=[],headers=[],consumes=[],produces=[],custom=[]}" onto public org.springframework.ui.ModelMap com.datayes.paas.usermaster.controller.TenantController.removeTenant(java.lang.String) throws com.datayes.paas.usermaster.util.UserMasterException
2015-06-03 15:59:52.812 [pool-2-thread-1] [INFO ] o.s.w.s.m.m.a.RequestMappingHandlerMapping - Mapped "{[/tenant/{domain}],methods=[PUT],params=[],headers=[],consumes=[],produces=[],custom=[]}" onto public org.springframework.ui.ModelMap com.datayes.paas.usermaster.controller.TenantController.updateTenant(java.lang.String,com.datayes.paas.model.usermaster.db.Tenant) throws com.datayes.paas.usermaster.util.UserMasterException
2015-06-03 15:59:52.813 [pool-2-thread-1] [INFO ] o.s.w.s.m.m.a.RequestMappingHandlerMapping - Mapped "{[/tenant],methods=[GET],params=[],headers=[],consumes=[],produces=[],custom=[]}" onto public org.springframework.ui.ModelMap com.datayes.paas.usermaster.controller.TenantController.searchTenant(java.lang.String,java.lang.String,java.lang.String,boolean,java.lang.Integer,java.lang.Integer)
2015-06-03 15:59:52.813 [pool-2-thread-1] [INFO ] o.s.w.s.m.m.a.RequestMappingHandlerMapping - Mapped "{[/login],methods=[],params=[],headers=[],consumes=[],produces=[],custom=[]}" onto public java.lang.String com.datayes.paas.usermaster.controller.DispacherController.login(javax.servlet.http.HttpServletRequest,javax.servlet.http.HttpServletResponse) throws java.io.IOException
2015-06-03 15:59:52.817 [pool-2-thread-1] [INFO ] o.s.w.s.m.m.a.RequestMappingHandlerMapping - Mapped "{[/user/{id}],methods=[PUT],params=[],headers=[],consumes=[],produces=[],custom=[]}" onto public org.springframework.ui.ModelMap com.datayes.paas.usermaster.controller.UserController.updateUser(long,com.datayes.paas.model.usermaster.db.User) throws com.datayes.paas.usermaster.util.UserMasterException
2015-06-03 15:59:52.817 [pool-2-thread-1] [INFO ] o.s.w.s.m.m.a.RequestMappingHandlerMapping - Mapped "{[/user/{id}],methods=[DELETE],params=[],headers=[],consumes=[],produces=[],custom=[]}" onto public org.springframework.ui.ModelMap com.datayes.paas.usermaster.controller.UserController.deleteUser(long)
2015-06-03 15:59:52.817 [pool-2-thread-1] [INFO ] o.s.w.s.m.m.a.RequestMappingHandlerMapping - Mapped "{[/user/{id}/passport],methods=[POST],params=[],headers=[],consumes=[],produces=[],custom=[]}" onto public org.springframework.ui.ModelMap com.datayes.paas.usermaster.controller.UserController.bindPassport(long,com.datayes.paas.model.usermaster.db.Passport) throws com.datayes.paas.usermaster.util.UserMasterException
2015-06-03 15:59:52.818 [pool-2-thread-1] [INFO ] o.s.w.s.m.m.a.RequestMappingHandlerMapping - Mapped "{[/user/{id}/passport/{passportType}],methods=[DELETE],params=[],headers=[],consumes=[],produces=[],custom=[]}" onto public org.springframework.ui.ModelMap com.datayes.paas.usermaster.controller.UserController.unbindPassport(long,com.datayes.paas.model.usermaster.db.Passport$Type) throws com.datayes.paas.usermaster.util.UserMasterException
2015-06-03 15:59:52.818 [pool-2-thread-1] [INFO ] o.s.w.s.m.m.a.RequestMappingHandlerMapping - Mapped "{[/user/passport/{passportType}/{passportId}],methods=[GET],params=[],headers=[],consumes=[],produces=[],custom=[]}" onto public org.springframework.ui.ModelMap com.datayes.paas.usermaster.controller.UserController.getUserByPassport(com.datayes.paas.model.usermaster.db.Passport$Type,java.lang.String) throws com.datayes.paas.usermaster.util.UserMasterException
2015-06-03 15:59:52.818 [pool-2-thread-1] [INFO ] o.s.w.s.m.m.a.RequestMappingHandlerMapping - Mapped "{[/user],methods=[GET],params=[],headers=[],consumes=[],produces=[],custom=[]}" onto public org.springframework.ui.ModelMap com.datayes.paas.usermaster.controller.UserController.searchUser(java.lang.Long,java.lang.String,java.lang.String,boolean,com.datayes.paas.model.usermaster.db.Passport$Type,java.lang.String,java.lang.String,boolean,java.lang.Integer,java.lang.Integer) throws com.datayes.paas.usermaster.util.UserMasterException
2015-06-03 15:59:52.818 [pool-2-thread-1] [INFO ] o.s.w.s.m.m.a.RequestMappingHandlerMapping - Mapped "{[/user/{id}],methods=[GET],params=[],headers=[],consumes=[],produces=[],custom=[]}" onto public org.springframework.ui.ModelMap com.datayes.paas.usermaster.controller.UserController.getUser(long,long) throws com.datayes.paas.usermaster.util.UserMasterException
2015-06-03 15:59:52.818 [pool-2-thread-1] [INFO ] o.s.w.s.m.m.a.RequestMappingHandlerMapping - Mapped "{[/user/{domain}/{username}/passport],methods=[GET],params=[],headers=[],consumes=[],produces=[],custom=[]}" onto public org.springframework.ui.ModelMap com.datayes.paas.usermaster.controller.UserController.getUserByPrincipal(java.lang.String,java.lang.String) throws com.datayes.paas.usermaster.util.UserMasterException
2015-06-03 15:59:52.819 [pool-2-thread-1] [INFO ] o.s.w.s.m.m.a.RequestMappingHandlerMapping - Mapped "{[/user],methods=[POST],params=[],headers=[],consumes=[],produces=[],custom=[]}" onto public org.springframework.ui.ModelMap com.datayes.paas.usermaster.controller.UserController.createUser(com.datayes.paas.model.usermaster.db.User) throws com.datayes.paas.usermaster.util.UserMasterException
2015-06-03 15:59:52.822 [pool-2-thread-1] [INFO ] o.s.w.s.m.m.a.RequestMappingHandlerMapping - Mapped "{[/authorization/{instanceName}/{domain}/{username}],methods=[GET],params=[],headers=[],consumes=[],produces=[],custom=[]}" onto public org.springframework.ui.ModelMap com.datayes.paas.usermaster.controller.AuthorizationController.getAccountOperation(java.lang.String,java.lang.String,java.lang.String) throws com.datayes.paas.usermaster.util.UserMasterException
2015-06-03 15:59:52.822 [pool-2-thread-1] [INFO ] o.s.w.s.m.m.a.RequestMappingHandlerMapping - Mapped "{[/authorization/{instanceName}/{domain}],methods=[POST],params=[],headers=[],consumes=[],produces=[],custom=[]}" onto public org.springframework.ui.ModelMap com.datayes.paas.usermaster.controller.AuthorizationController.updateAuthorization(java.lang.String,java.lang.String,com.datayes.paas.model.usermaster.db.Operation) throws com.datayes.paas.usermaster.util.UserMasterException
2015-06-03 15:59:52.822 [pool-2-thread-1] [INFO ] o.s.w.s.m.m.a.RequestMappingHandlerMapping - Mapped "{[/authorization/{instanceName}/{domain}/init],methods=[POST],params=[],headers=[],consumes=[],produces=[],custom=[]}" onto public org.springframework.ui.ModelMap com.datayes.paas.usermaster.controller.AuthorizationController.initAuthorization(java.lang.String,java.lang.String,java.util.List<com.datayes.paas.utility.model.NameValueModel<java.lang.Long, java.lang.String>>) throws com.datayes.paas.usermaster.util.UserMasterException
2015-06-03 15:59:52.822 [pool-2-thread-1] [INFO ] o.s.w.s.m.m.a.RequestMappingHandlerMapping - Mapped "{[/authorization/{instanceName}/{domain}],methods=[DELETE],params=[],headers=[],consumes=[],produces=[],custom=[]}" onto public org.springframework.ui.ModelMap com.datayes.paas.usermaster.controller.AuthorizationController.deleteInstanceAuthorization(java.lang.String,java.lang.String) throws com.datayes.paas.usermaster.util.UserMasterException
2015-06-03 15:59:52.823 [pool-2-thread-1] [INFO ] o.s.w.s.m.m.a.RequestMappingHandlerMapping - Mapped "{[/authorization/{instanceName}/{domain}],methods=[GET],params=[],headers=[],consumes=[],produces=[],custom=[]}" onto public org.springframework.ui.ModelMap com.datayes.paas.usermaster.controller.AuthorizationController.getAuthorizations(java.lang.String,java.lang.String) throws com.datayes.paas.usermaster.util.UserMasterException
2015-06-03 15:59:52.823 [pool-2-thread-1] [INFO ] o.s.w.s.m.m.a.RequestMappingHandlerMapping - Mapped "{[/authorization/search/{domain}],methods=[GET],params=[],headers=[],consumes=[],produces=[],custom=[]}" onto public org.springframework.ui.ModelMap com.datayes.paas.usermaster.controller.AuthorizationController.searchAuthorization(java.lang.String,java.lang.Long,java.lang.String,java.lang.String,java.lang.Long,java.lang.String,java.lang.String,java.lang.String,java.lang.String) throws com.datayes.paas.usermaster.util.UserMasterException
2015-06-03 15:59:52.823 [pool-2-thread-1] [INFO ] o.s.w.s.m.m.a.RequestMappingHandlerMapping - Mapped "{[/authorization/{instanceName}/delete],methods=[POST],params=[],headers=[],consumes=[],produces=[],custom=[]}" onto public org.springframework.ui.ModelMap com.datayes.paas.usermaster.controller.AuthorizationController.deleteInstanceAuthorizationByRole(java.lang.String,java.util.List<com.datayes.paas.utility.model.NameValueModel<java.lang.Long, java.lang.String>>) throws com.datayes.paas.usermaster.util.UserMasterException
2015-06-03 15:59:52.824 [pool-2-thread-1] [INFO ] o.s.w.s.m.m.a.RequestMappingHandlerMapping - Mapped "{[/authorization/operation/{id}],methods=[DELETE],params=[],headers=[],consumes=[],produces=[],custom=[]}" onto public org.springframework.ui.ModelMap com.datayes.paas.usermaster.controller.AuthorizationController.deleteAuthorizationByRole(long) throws com.datayes.paas.usermaster.util.UserMasterException
2015-06-03 15:59:52.826 [pool-2-thread-1] [INFO ] o.s.w.s.m.m.a.RequestMappingHandlerMapping - Mapped "{[/authorization/delete],methods=[POST],params=[],headers=[],consumes=[],produces=[],custom=[]}" onto public org.springframework.ui.ModelMap com.datayes.paas.usermaster.controller.AuthorizationController.deleteAuthorizationByRole(java.util.List<com.datayes.paas.utility.model.NameValueModel<java.lang.Long, java.lang.String>>) throws com.datayes.paas.usermaster.util.UserMasterException
2015-06-03 15:59:52.828 [pool-2-thread-1] [INFO ] o.s.w.s.m.m.a.RequestMappingHandlerMapping - Mapped "{[/authorization/cache],methods=[GET],params=[],headers=[],consumes=[],produces=[],custom=[]}" onto public org.springframework.ui.ModelMap com.datayes.paas.usermaster.controller.AuthorizationController.cacheAuthorizations() throws com.datayes.paas.usermaster.util.UserMasterException
2015-06-03 15:59:53.294 [pool-2-thread-1] [INFO ] o.s.w.s.m.m.a.ExceptionHandlerExceptionResolver - Detected @ExceptionHandler methods in commonHandler
2015-06-03 15:59:53.316 [pool-2-thread-1] [INFO ] o.s.web.servlet.handler.SimpleUrlHandlerMapping - Mapped URL path [/css/**] onto handler 'org.springframework.web.servlet.resource.ResourceHttpRequestHandler#0'
2015-06-03 15:59:53.320 [pool-2-thread-1] [INFO ] o.s.web.servlet.handler.SimpleUrlHandlerMapping - Mapped URL path [/img/**] onto handler 'org.springframework.web.servlet.resource.ResourceHttpRequestHandler#1'
2015-06-03 15:59:53.325 [pool-2-thread-1] [INFO ] o.s.web.servlet.handler.SimpleUrlHandlerMapping - Mapped URL path [/js/**] onto handler 'org.springframework.web.servlet.resource.ResourceHttpRequestHandler#2'
2015-06-03 15:59:53.435 [pool-2-thread-1] [INFO ] org.springframework.web.servlet.DispatcherServlet - FrameworkServlet 'usermaster': initialization completed in 1418 ms
2015-06-03 16:27:42.905 [http-bio-8080-exec-9] [INFO ] org.dozer.config.GlobalSettings - Trying to find Dozer configuration file: dozer.properties
2015-06-03 16:27:42.915 [http-bio-8080-exec-9] [INFO ] org.dozer.DozerInitializer - Initializing Dozer. Version: 5.4.0, Thread Name: http-bio-8080-exec-9
2015-06-03 16:27:42.918 [http-bio-8080-exec-9] [INFO ] org.dozer.jmx.JMXPlatformImpl - Dozer JMX MBean [org.dozer.jmx:type=DozerStatisticsController] auto registered with the Platform MBean Server
2015-06-03 16:27:42.919 [http-bio-8080-exec-9] [INFO ] org.dozer.jmx.JMXPlatformImpl - Dozer JMX MBean [org.dozer.jmx:type=DozerAdminController] auto registered with the Platform MBean Server
2015-06-03 16:27:42.922 [http-bio-8080-exec-9] [INFO ] org.dozer.DozerBeanMapper - Initializing a new instance of dozer bean mapper.
2015-06-03 18:56:10.194 [http-bio-8080-exec-5] [INFO ] com.datayes.paas.usermaster.util.CommonHandler - UserMasterException thrown by program.
com.datayes.paas.usermaster.util.UserMasterException: duplicated roleName
	at com.datayes.paas.usermaster.service.RoleService.addRole(RoleService.java:70) ~[RoleService.class:na]
	at com.datayes.paas.usermaster.service.RoleService$$FastClassBySpringCGLIB$$9cb96c12.invoke(<generated>) ~[spring-core-4.0.6.RELEASE.jar:na]
	at org.springframework.cglib.proxy.MethodProxy.invoke(MethodProxy.java:204) ~[spring-core-4.0.6.RELEASE.jar:4.0.6.RELEASE]
	at org.springframework.aop.framework.CglibAopProxy$CglibMethodInvocation.invokeJoinpoint(CglibAopProxy.java:708) ~[spring-aop-4.0.6.RELEASE.jar:4.0.6.RELEASE]
	at org.springframework.aop.framework.ReflectiveMethodInvocation.proceed(ReflectiveMethodInvocation.java:157) ~[spring-aop-4.0.6.RELEASE.jar:4.0.6.RELEASE]
	at org.springframework.transaction.interceptor.TransactionInterceptor$1.proceedWithInvocation(TransactionInterceptor.java:98) ~[spring-tx-4.0.6.RELEASE.jar:4.0.6.RELEASE]
	at org.springframework.transaction.interceptor.TransactionAspectSupport.invokeWithinTransaction(TransactionAspectSupport.java:262) ~[spring-tx-4.0.6.RELEASE.jar:4.0.6.RELEASE]
	at org.springframework.transaction.interceptor.TransactionInterceptor.invoke(TransactionInterceptor.java:95) ~[spring-tx-4.0.6.RELEASE.jar:4.0.6.RELEASE]
	at org.springframework.aop.framework.ReflectiveMethodInvocation.proceed(ReflectiveMethodInvocation.java:179) ~[spring-aop-4.0.6.RELEASE.jar:4.0.6.RELEASE]
	at org.springframework.aop.framework.CglibAopProxy$DynamicAdvisedInterceptor.intercept(CglibAopProxy.java:644) ~[spring-aop-4.0.6.RELEASE.jar:4.0.6.RELEASE]
	at com.datayes.paas.usermaster.service.RoleService$$EnhancerBySpringCGLIB$$bbc18884.addRole(<generated>) ~[spring-core-4.0.6.RELEASE.jar:na]
	at com.datayes.paas.usermaster.controller.RoleController.addRole(RoleController.java:31) ~[RoleController.class:na]
	at sun.reflect.NativeMethodAccessorImpl.invoke0(Native Method) ~[na:1.7.0_71]
	at sun.reflect.NativeMethodAccessorImpl.invoke(NativeMethodAccessorImpl.java:57) ~[na:1.7.0_71]
	at sun.reflect.DelegatingMethodAccessorImpl.invoke(DelegatingMethodAccessorImpl.java:43) ~[na:1.7.0_71]
	at java.lang.reflect.Method.invoke(Method.java:606) ~[na:1.7.0_71]
	at org.springframework.web.method.support.InvocableHandlerMethod.invoke(InvocableHandlerMethod.java:215) ~[spring-web-4.0.6.RELEASE.jar:4.0.6.RELEASE]
	at org.springframework.web.method.support.InvocableHandlerMethod.invokeForRequest(InvocableHandlerMethod.java:132) ~[spring-web-4.0.6.RELEASE.jar:4.0.6.RELEASE]
	at org.springframework.web.servlet.mvc.method.annotation.ServletInvocableHandlerMethod.invokeAndHandle(ServletInvocableHandlerMethod.java:104) ~[spring-webmvc-4.0.6.RELEASE.jar:4.0.6.RELEASE]
	at org.springframework.web.servlet.mvc.method.annotation.RequestMappingHandlerAdapter.invokeHandleMethod(RequestMappingHandlerAdapter.java:749) ~[spring-webmvc-4.0.6.RELEASE.jar:4.0.6.RELEASE]
	at org.springframework.web.servlet.mvc.method.annotation.RequestMappingHandlerAdapter.handleInternal(RequestMappingHandlerAdapter.java:689) ~[spring-webmvc-4.0.6.RELEASE.jar:4.0.6.RELEASE]
	at org.springframework.web.servlet.mvc.method.AbstractHandlerMethodAdapter.handle(AbstractHandlerMethodAdapter.java:83) ~[spring-webmvc-4.0.6.RELEASE.jar:4.0.6.RELEASE]
	at org.springframework.web.servlet.DispatcherServlet.doDispatch(DispatcherServlet.java:938) ~[spring-webmvc-4.0.6.RELEASE.jar:4.0.6.RELEASE]
	at org.springframework.web.servlet.DispatcherServlet.doService(DispatcherServlet.java:870) ~[spring-webmvc-4.0.6.RELEASE.jar:4.0.6.RELEASE]
	at org.springframework.web.servlet.FrameworkServlet.processRequest(FrameworkServlet.java:961) [spring-webmvc-4.0.6.RELEASE.jar:4.0.6.RELEASE]
	at org.springframework.web.servlet.FrameworkServlet.doPost(FrameworkServlet.java:863) [spring-webmvc-4.0.6.RELEASE.jar:4.0.6.RELEASE]
	at javax.servlet.http.HttpServlet.service(HttpServlet.java:641) [tomcat-servlet-api-3.0.jar:na]
	at org.springframework.web.servlet.FrameworkServlet.service(FrameworkServlet.java:837) [spring-webmvc-4.0.6.RELEASE.jar:4.0.6.RELEASE]
	at javax.servlet.http.HttpServlet.service(HttpServlet.java:722) [tomcat-servlet-api-3.0.jar:na]
	at org.apache.catalina.core.ApplicationFilterChain.internalDoFilter(ApplicationFilterChain.java:305) [tomcat-catalina-7.0.26.jar:7.0.26]
	at org.apache.catalina.core.ApplicationFilterChain.doFilter(ApplicationFilterChain.java:210) [tomcat-catalina-7.0.26.jar:7.0.26]
	at org.springframework.web.filter.CharacterEncodingFilter.doFilterInternal(CharacterEncodingFilter.java:88) [spring-web-4.0.6.RELEASE.jar:4.0.6.RELEASE]
	at org.springframework.web.filter.OncePerRequestFilter.doFilter(OncePerRequestFilter.java:107) [spring-web-4.0.6.RELEASE.jar:4.0.6.RELEASE]
	at org.apache.catalina.core.ApplicationFilterChain.internalDoFilter(ApplicationFilterChain.java:243) [tomcat-catalina-7.0.26.jar:7.0.26]
	at org.apache.catalina.core.ApplicationFilterChain.doFilter(ApplicationFilterChain.java:210) [tomcat-catalina-7.0.26.jar:7.0.26]
	at com.thetransactioncompany.cors.CORSFilter.doFilter(CORSFilter.java:158) [cors-filter-1.9.2.jar:1.9.2]
	at com.thetransactioncompany.cors.CORSFilter.doFilter(CORSFilter.java:232) [cors-filter-1.9.2.jar:1.9.2]
	at org.apache.catalina.core.ApplicationFilterChain.internalDoFilter(ApplicationFilterChain.java:243) [tomcat-catalina-7.0.26.jar:7.0.26]
	at org.apache.catalina.core.ApplicationFilterChain.doFilter(ApplicationFilterChain.java:210) [tomcat-catalina-7.0.26.jar:7.0.26]
	at org.apache.catalina.core.StandardWrapperValve.invoke(StandardWrapperValve.java:224) [tomcat-catalina-7.0.26.jar:7.0.26]
	at org.apache.catalina.core.StandardContextValve.invoke(StandardContextValve.java:169) [tomcat-catalina-7.0.26.jar:7.0.26]
	at org.apache.catalina.authenticator.AuthenticatorBase.invoke(AuthenticatorBase.java:472) [tomcat-catalina-7.0.26.jar:7.0.26]
	at org.apache.catalina.core.StandardHostValve.invoke(StandardHostValve.java:168) [tomcat-catalina-7.0.26.jar:7.0.26]
	at org.apache.catalina.valves.ErrorReportValve.invoke(ErrorReportValve.java:98) [tomcat-catalina-7.0.26.jar:7.0.26]
	at org.apache.catalina.valves.AccessLogValve.invoke(AccessLogValve.java:927) [tomcat-catalina-7.0.26.jar:7.0.26]
	at org.apache.catalina.core.StandardEngineValve.invoke(StandardEngineValve.java:118) [tomcat-catalina-7.0.26.jar:7.0.26]
	at org.apache.catalina.connector.CoyoteAdapter.service(CoyoteAdapter.java:407) [tomcat-catalina-7.0.26.jar:7.0.26]
	at org.apache.coyote.http11.AbstractHttp11Processor.process(AbstractHttp11Processor.java:987) [tomcat-coyote-7.0.26.jar:7.0.26]
	at org.apache.coyote.AbstractProtocol$AbstractConnectionHandler.process(AbstractProtocol.java:579) [tomcat-coyote-7.0.26.jar:7.0.26]
	at org.apache.tomcat.util.net.JIoEndpoint$SocketProcessor.run(JIoEndpoint.java:307) [tomcat-coyote-7.0.26.jar:7.0.26]
	at java.util.concurrent.ThreadPoolExecutor.runWorker(ThreadPoolExecutor.java:1145) [na:1.7.0_71]
	at java.util.concurrent.ThreadPoolExecutor$Worker.run(ThreadPoolExecutor.java:615) [na:1.7.0_71]
	at java.lang.Thread.run(Thread.java:745) [na:1.7.0_71]
