2015-06-01 19:14:31.428 [http-bio-8080-exec-1] [INFO ] com.datayes.paas.usermaster.util.CommonHandler - UserMasterException thrown by program.
com.datayes.paas.usermaster.util.UserMasterException: notExisting tenant
	at com.datayes.paas.usermaster.service.TenantService.getTenant(TenantService.java:94) ~[TenantService.class:na]
	at com.datayes.paas.usermaster.service.TenantService$$FastClassBySpringCGLIB$$71d5409e.invoke(<generated>) ~[spring-core-4.0.6.RELEASE.jar:na]
	at org.springframework.cglib.proxy.MethodProxy.invoke(MethodProxy.java:204) ~[spring-core-4.0.6.RELEASE.jar:4.0.6.RELEASE]
	at org.springframework.aop.framework.CglibAopProxy$DynamicAdvisedInterceptor.intercept(CglibAopProxy.java:640) ~[spring-aop-4.0.6.RELEASE.jar:4.0.6.RELEASE]
	at com.datayes.paas.usermaster.service.TenantService$$EnhancerBySpringCGLIB$$1997f4a2.getTenant(<generated>) ~[spring-core-4.0.6.RELEASE.jar:na]
	at com.datayes.paas.usermaster.service.OrganizationService.getRootOrg(OrganizationService.java:233) ~[OrganizationService.class:na]
	at com.datayes.paas.usermaster.service.OrganizationService$$FastClassBySpringCGLIB$$25123db5.invoke(<generated>) ~[spring-core-4.0.6.RELEASE.jar:na]
	at org.springframework.cglib.proxy.MethodProxy.invoke(MethodProxy.java:204) ~[spring-core-4.0.6.RELEASE.jar:4.0.6.RELEASE]
	at org.springframework.aop.framework.CglibAopProxy$DynamicAdvisedInterceptor.intercept(CglibAopProxy.java:640) ~[spring-aop-4.0.6.RELEASE.jar:4.0.6.RELEASE]
	at com.datayes.paas.usermaster.service.OrganizationService$$EnhancerBySpringCGLIB$$1a9f3dd9.getRootOrg(<generated>) ~[spring-core-4.0.6.RELEASE.jar:na]
	at com.datayes.paas.usermaster.controller.OrganizationController.getAll(OrganizationController.java:126) ~[OrganizationController.class:na]
	at sun.reflect.NativeMethodAccessorImpl.invoke0(Native Method) ~[na:1.7.0_71]
	at sun.reflect.NativeMethodAccessorImpl.invoke(NativeMethodAccessorImpl.java:57) ~[na:1.7.0_71]
	at sun.reflect.DelegatingMethodAccessorImpl.invoke(DelegatingMethodAccessorImpl.java:43) ~[na:1.7.0_71]
	at java.lang.reflect.Method.invoke(Method.java:606) ~[na:1.7.0_71]
	at org.springframework.web.method.support.InvocableHandlerMethod.invoke(InvocableHandlerMethod.java:215) ~[spring-web-4.0.6.RELEASE.jar:4.0.6.RELEASE]
	at org.springframework.web.method.support.InvocableHandlerMethod.invokeForRequest(InvocableHandlerMethod.java:132) ~[spring-web-4.0.6.RELEASE.jar:4.0.6.RELEASE]
	at org.springframework.web.servlet.mvc.method.annotation.ServletInvocableHandlerMethod.invokeAndHandle(ServletInvocableHandlerMethod.java:104) ~[spring-webmvc-4.0.6.RELEASE.jar:4.0.6.RELEASE]
	at org.springframework.web.servlet.mvc.method.annotation.RequestMappingHandlerAdapter.invokeHandleMethod(RequestMappingHandlerAdapter.java:749) ~[spring-webmvc-4.0.6.RELEASE.jar:4.0.6.RELEASE]
	at org.springframework.web.servlet.mvc.method.annotation.RequestMappingHandlerAdapter.handleInternal(RequestMappingHandlerAdapter.java:689) ~[spring-webmvc-4.0.6.RELEASE.jar:4.0.6.RELEASE]
	at org.springframework.web.servlet.mvc.method.AbstractHandlerMethodAdapter.handle(AbstractHandlerMethodAdapter.java:83) ~[spring-webmvc-4.0.6.RELEASE.jar:4.0.6.RELEASE]
	at org.springframework.web.servlet.DispatcherServlet.doDispatch(DispatcherServlet.java:938) ~[spring-webmvc-4.0.6.RELEASE.jar:4.0.6.RELEASE]
	at org.springframework.web.servlet.DispatcherServlet.doService(DispatcherServlet.java:870) ~[spring-webmvc-4.0.6.RELEASE.jar:4.0.6.RELEASE]
	at org.springframework.web.servlet.FrameworkServlet.processRequest(FrameworkServlet.java:961) [spring-webmvc-4.0.6.RELEASE.jar:4.0.6.RELEASE]
	at org.springframework.web.servlet.FrameworkServlet.doGet(FrameworkServlet.java:852) [spring-webmvc-4.0.6.RELEASE.jar:4.0.6.RELEASE]
	at javax.servlet.http.HttpServlet.service(HttpServlet.java:621) [tomcat-servlet-api-3.0.jar:na]
	at org.springframework.web.servlet.FrameworkServlet.service(FrameworkServlet.java:837) [spring-webmvc-4.0.6.RELEASE.jar:4.0.6.RELEASE]
	at javax.servlet.http.HttpServlet.service(HttpServlet.java:722) [tomcat-servlet-api-3.0.jar:na]
	at org.apache.catalina.core.ApplicationFilterChain.internalDoFilter(ApplicationFilterChain.java:305) [tomcat-catalina-7.0.26.jar:7.0.26]
	at org.apache.catalina.core.ApplicationFilterChain.doFilter(ApplicationFilterChain.java:210) [tomcat-catalina-7.0.26.jar:7.0.26]
	at org.springframework.web.filter.CharacterEncodingFilter.doFilterInternal(CharacterEncodingFilter.java:88) [spring-web-4.0.6.RELEASE.jar:4.0.6.RELEASE]
	at org.springframework.web.filter.OncePerRequestFilter.doFilter(OncePerRequestFilter.java:107) [spring-web-4.0.6.RELEASE.jar:4.0.6.RELEASE]
	at org.apache.catalina.core.ApplicationFilterChain.internalDoFilter(ApplicationFilterChain.java:243) [tomcat-catalina-7.0.26.jar:7.0.26]
	at org.apache.catalina.core.ApplicationFilterChain.doFilter(ApplicationFilterChain.java:210) [tomcat-catalina-7.0.26.jar:7.0.26]
	at com.thetransactioncompany.cors.CORSFilter.doFilter(CORSFilter.java:169) [cors-filter-1.9.2.jar:1.9.2]
	at com.thetransactioncompany.cors.CORSFilter.doFilter(CORSFilter.java:232) [cors-filter-1.9.2.jar:1.9.2]
	at org.apache.catalina.core.ApplicationFilterChain.internalDoFilter(ApplicationFilterChain.java:243) [tomcat-catalina-7.0.26.jar:7.0.26]
	at org.apache.catalina.core.ApplicationFilterChain.doFilter(ApplicationFilterChain.java:210) [tomcat-catalina-7.0.26.jar:7.0.26]
	at org.apache.catalina.core.StandardWrapperValve.invoke(StandardWrapperValve.java:224) [tomcat-catalina-7.0.26.jar:7.0.26]
	at org.apache.catalina.core.StandardContextValve.invoke(StandardContextValve.java:169) [tomcat-catalina-7.0.26.jar:7.0.26]
	at org.apache.catalina.authenticator.AuthenticatorBase.invoke(AuthenticatorBase.java:472) [tomcat-catalina-7.0.26.jar:7.0.26]
	at org.apache.catalina.core.StandardHostValve.invoke(StandardHostValve.java:168) [tomcat-catalina-7.0.26.jar:7.0.26]
	at org.apache.catalina.valves.ErrorReportValve.invoke(ErrorReportValve.java:98) [tomcat-catalina-7.0.26.jar:7.0.26]
	at org.apache.catalina.valves.AccessLogValve.invoke(AccessLogValve.java:927) [tomcat-catalina-7.0.26.jar:7.0.26]
	at org.apache.catalina.core.StandardEngineValve.invoke(StandardEngineValve.java:118) [tomcat-catalina-7.0.26.jar:7.0.26]
	at org.apache.catalina.connector.CoyoteAdapter.service(CoyoteAdapter.java:407) [tomcat-catalina-7.0.26.jar:7.0.26]
	at org.apache.coyote.http11.AbstractHttp11Processor.process(AbstractHttp11Processor.java:987) [tomcat-coyote-7.0.26.jar:7.0.26]
	at org.apache.coyote.AbstractProtocol$AbstractConnectionHandler.process(AbstractProtocol.java:579) [tomcat-coyote-7.0.26.jar:7.0.26]
	at org.apache.tomcat.util.net.JIoEndpoint$SocketProcessor.run(JIoEndpoint.java:307) [tomcat-coyote-7.0.26.jar:7.0.26]
	at java.util.concurrent.ThreadPoolExecutor.runWorker(ThreadPoolExecutor.java:1145) [na:1.7.0_71]
	at java.util.concurrent.ThreadPoolExecutor$Worker.run(ThreadPoolExecutor.java:615) [na:1.7.0_71]
	at java.lang.Thread.run(Thread.java:745) [na:1.7.0_71]
2015-06-01 19:14:39.582 [http-bio-8080-exec-4] [INFO ] com.datayes.paas.usermaster.util.CommonHandler - UserMasterException thrown by program.
com.datayes.paas.usermaster.util.UserMasterException: notExisting tenant
	at com.datayes.paas.usermaster.service.TenantService.getTenant(TenantService.java:94) ~[TenantService.class:na]
	at com.datayes.paas.usermaster.service.TenantService$$FastClassBySpringCGLIB$$71d5409e.invoke(<generated>) ~[spring-core-4.0.6.RELEASE.jar:na]
	at org.springframework.cglib.proxy.MethodProxy.invoke(MethodProxy.java:204) ~[spring-core-4.0.6.RELEASE.jar:4.0.6.RELEASE]
	at org.springframework.aop.framework.CglibAopProxy$DynamicAdvisedInterceptor.intercept(CglibAopProxy.java:640) ~[spring-aop-4.0.6.RELEASE.jar:4.0.6.RELEASE]
	at com.datayes.paas.usermaster.service.TenantService$$EnhancerBySpringCGLIB$$1997f4a2.getTenant(<generated>) ~[spring-core-4.0.6.RELEASE.jar:na]
	at com.datayes.paas.usermaster.service.OrganizationService.getRootOrg(OrganizationService.java:233) ~[OrganizationService.class:na]
	at com.datayes.paas.usermaster.service.OrganizationService$$FastClassBySpringCGLIB$$25123db5.invoke(<generated>) ~[spring-core-4.0.6.RELEASE.jar:na]
	at org.springframework.cglib.proxy.MethodProxy.invoke(MethodProxy.java:204) ~[spring-core-4.0.6.RELEASE.jar:4.0.6.RELEASE]
	at org.springframework.aop.framework.CglibAopProxy$DynamicAdvisedInterceptor.intercept(CglibAopProxy.java:640) ~[spring-aop-4.0.6.RELEASE.jar:4.0.6.RELEASE]
	at com.datayes.paas.usermaster.service.OrganizationService$$EnhancerBySpringCGLIB$$1a9f3dd9.getRootOrg(<generated>) ~[spring-core-4.0.6.RELEASE.jar:na]
	at com.datayes.paas.usermaster.controller.OrganizationController.getAll(OrganizationController.java:126) ~[OrganizationController.class:na]
	at sun.reflect.NativeMethodAccessorImpl.invoke0(Native Method) ~[na:1.7.0_71]
	at sun.reflect.NativeMethodAccessorImpl.invoke(NativeMethodAccessorImpl.java:57) ~[na:1.7.0_71]
	at sun.reflect.DelegatingMethodAccessorImpl.invoke(DelegatingMethodAccessorImpl.java:43) ~[na:1.7.0_71]
	at java.lang.reflect.Method.invoke(Method.java:606) ~[na:1.7.0_71]
	at org.springframework.web.method.support.InvocableHandlerMethod.invoke(InvocableHandlerMethod.java:215) ~[spring-web-4.0.6.RELEASE.jar:4.0.6.RELEASE]
	at org.springframework.web.method.support.InvocableHandlerMethod.invokeForRequest(InvocableHandlerMethod.java:132) ~[spring-web-4.0.6.RELEASE.jar:4.0.6.RELEASE]
	at org.springframework.web.servlet.mvc.method.annotation.ServletInvocableHandlerMethod.invokeAndHandle(ServletInvocableHandlerMethod.java:104) ~[spring-webmvc-4.0.6.RELEASE.jar:4.0.6.RELEASE]
	at org.springframework.web.servlet.mvc.method.annotation.RequestMappingHandlerAdapter.invokeHandleMethod(RequestMappingHandlerAdapter.java:749) ~[spring-webmvc-4.0.6.RELEASE.jar:4.0.6.RELEASE]
	at org.springframework.web.servlet.mvc.method.annotation.RequestMappingHandlerAdapter.handleInternal(RequestMappingHandlerAdapter.java:689) ~[spring-webmvc-4.0.6.RELEASE.jar:4.0.6.RELEASE]
	at org.springframework.web.servlet.mvc.method.AbstractHandlerMethodAdapter.handle(AbstractHandlerMethodAdapter.java:83) ~[spring-webmvc-4.0.6.RELEASE.jar:4.0.6.RELEASE]
	at org.springframework.web.servlet.DispatcherServlet.doDispatch(DispatcherServlet.java:938) ~[spring-webmvc-4.0.6.RELEASE.jar:4.0.6.RELEASE]
	at org.springframework.web.servlet.DispatcherServlet.doService(DispatcherServlet.java:870) ~[spring-webmvc-4.0.6.RELEASE.jar:4.0.6.RELEASE]
	at org.springframework.web.servlet.FrameworkServlet.processRequest(FrameworkServlet.java:961) [spring-webmvc-4.0.6.RELEASE.jar:4.0.6.RELEASE]
	at org.springframework.web.servlet.FrameworkServlet.doGet(FrameworkServlet.java:852) [spring-webmvc-4.0.6.RELEASE.jar:4.0.6.RELEASE]
	at javax.servlet.http.HttpServlet.service(HttpServlet.java:621) [tomcat-servlet-api-3.0.jar:na]
	at org.springframework.web.servlet.FrameworkServlet.service(FrameworkServlet.java:837) [spring-webmvc-4.0.6.RELEASE.jar:4.0.6.RELEASE]
	at javax.servlet.http.HttpServlet.service(HttpServlet.java:722) [tomcat-servlet-api-3.0.jar:na]
	at org.apache.catalina.core.ApplicationFilterChain.internalDoFilter(ApplicationFilterChain.java:305) [tomcat-catalina-7.0.26.jar:7.0.26]
	at org.apache.catalina.core.ApplicationFilterChain.doFilter(ApplicationFilterChain.java:210) [tomcat-catalina-7.0.26.jar:7.0.26]
	at org.springframework.web.filter.CharacterEncodingFilter.doFilterInternal(CharacterEncodingFilter.java:88) [spring-web-4.0.6.RELEASE.jar:4.0.6.RELEASE]
	at org.springframework.web.filter.OncePerRequestFilter.doFilter(OncePerRequestFilter.java:107) [spring-web-4.0.6.RELEASE.jar:4.0.6.RELEASE]
	at org.apache.catalina.core.ApplicationFilterChain.internalDoFilter(ApplicationFilterChain.java:243) [tomcat-catalina-7.0.26.jar:7.0.26]
	at org.apache.catalina.core.ApplicationFilterChain.doFilter(ApplicationFilterChain.java:210) [tomcat-catalina-7.0.26.jar:7.0.26]
	at com.thetransactioncompany.cors.CORSFilter.doFilter(CORSFilter.java:169) [cors-filter-1.9.2.jar:1.9.2]
	at com.thetransactioncompany.cors.CORSFilter.doFilter(CORSFilter.java:232) [cors-filter-1.9.2.jar:1.9.2]
	at org.apache.catalina.core.ApplicationFilterChain.internalDoFilter(ApplicationFilterChain.java:243) [tomcat-catalina-7.0.26.jar:7.0.26]
	at org.apache.catalina.core.ApplicationFilterChain.doFilter(ApplicationFilterChain.java:210) [tomcat-catalina-7.0.26.jar:7.0.26]
	at org.apache.catalina.core.StandardWrapperValve.invoke(StandardWrapperValve.java:224) [tomcat-catalina-7.0.26.jar:7.0.26]
	at org.apache.catalina.core.StandardContextValve.invoke(StandardContextValve.java:169) [tomcat-catalina-7.0.26.jar:7.0.26]
	at org.apache.catalina.authenticator.AuthenticatorBase.invoke(AuthenticatorBase.java:472) [tomcat-catalina-7.0.26.jar:7.0.26]
	at org.apache.catalina.core.StandardHostValve.invoke(StandardHostValve.java:168) [tomcat-catalina-7.0.26.jar:7.0.26]
	at org.apache.catalina.valves.ErrorReportValve.invoke(ErrorReportValve.java:98) [tomcat-catalina-7.0.26.jar:7.0.26]
	at org.apache.catalina.valves.AccessLogValve.invoke(AccessLogValve.java:927) [tomcat-catalina-7.0.26.jar:7.0.26]
	at org.apache.catalina.core.StandardEngineValve.invoke(StandardEngineValve.java:118) [tomcat-catalina-7.0.26.jar:7.0.26]
	at org.apache.catalina.connector.CoyoteAdapter.service(CoyoteAdapter.java:407) [tomcat-catalina-7.0.26.jar:7.0.26]
	at org.apache.coyote.http11.AbstractHttp11Processor.process(AbstractHttp11Processor.java:987) [tomcat-coyote-7.0.26.jar:7.0.26]
	at org.apache.coyote.AbstractProtocol$AbstractConnectionHandler.process(AbstractProtocol.java:579) [tomcat-coyote-7.0.26.jar:7.0.26]
	at org.apache.tomcat.util.net.JIoEndpoint$SocketProcessor.run(JIoEndpoint.java:307) [tomcat-coyote-7.0.26.jar:7.0.26]
	at java.util.concurrent.ThreadPoolExecutor.runWorker(ThreadPoolExecutor.java:1145) [na:1.7.0_71]
	at java.util.concurrent.ThreadPoolExecutor$Worker.run(ThreadPoolExecutor.java:615) [na:1.7.0_71]
	at java.lang.Thread.run(Thread.java:745) [na:1.7.0_71]
2015-06-01 19:15:38.021 [http-bio-8080-exec-6] [INFO ] com.datayes.paas.usermaster.util.CommonHandler - UserMasterException thrown by program.
com.datayes.paas.usermaster.util.UserMasterException: notExisting tenant
	at com.datayes.paas.usermaster.service.TenantService.getTenant(TenantService.java:94) ~[TenantService.class:na]
	at com.datayes.paas.usermaster.service.TenantService$$FastClassBySpringCGLIB$$71d5409e.invoke(<generated>) ~[spring-core-4.0.6.RELEASE.jar:na]
	at org.springframework.cglib.proxy.MethodProxy.invoke(MethodProxy.java:204) ~[spring-core-4.0.6.RELEASE.jar:4.0.6.RELEASE]
	at org.springframework.aop.framework.CglibAopProxy$DynamicAdvisedInterceptor.intercept(CglibAopProxy.java:640) ~[spring-aop-4.0.6.RELEASE.jar:4.0.6.RELEASE]
	at com.datayes.paas.usermaster.service.TenantService$$EnhancerBySpringCGLIB$$1997f4a2.getTenant(<generated>) ~[spring-core-4.0.6.RELEASE.jar:na]
	at com.datayes.paas.usermaster.service.OrganizationService.getRootOrg(OrganizationService.java:233) ~[OrganizationService.class:na]
	at com.datayes.paas.usermaster.service.OrganizationService$$FastClassBySpringCGLIB$$25123db5.invoke(<generated>) ~[spring-core-4.0.6.RELEASE.jar:na]
	at org.springframework.cglib.proxy.MethodProxy.invoke(MethodProxy.java:204) ~[spring-core-4.0.6.RELEASE.jar:4.0.6.RELEASE]
	at org.springframework.aop.framework.CglibAopProxy$DynamicAdvisedInterceptor.intercept(CglibAopProxy.java:640) ~[spring-aop-4.0.6.RELEASE.jar:4.0.6.RELEASE]
	at com.datayes.paas.usermaster.service.OrganizationService$$EnhancerBySpringCGLIB$$1a9f3dd9.getRootOrg(<generated>) ~[spring-core-4.0.6.RELEASE.jar:na]
	at com.datayes.paas.usermaster.controller.OrganizationController.getAll(OrganizationController.java:126) ~[OrganizationController.class:na]
	at sun.reflect.NativeMethodAccessorImpl.invoke0(Native Method) ~[na:1.7.0_71]
	at sun.reflect.NativeMethodAccessorImpl.invoke(NativeMethodAccessorImpl.java:57) ~[na:1.7.0_71]
	at sun.reflect.DelegatingMethodAccessorImpl.invoke(DelegatingMethodAccessorImpl.java:43) ~[na:1.7.0_71]
	at java.lang.reflect.Method.invoke(Method.java:606) ~[na:1.7.0_71]
	at org.springframework.web.method.support.InvocableHandlerMethod.invoke(InvocableHandlerMethod.java:215) ~[spring-web-4.0.6.RELEASE.jar:4.0.6.RELEASE]
	at org.springframework.web.method.support.InvocableHandlerMethod.invokeForRequest(InvocableHandlerMethod.java:132) ~[spring-web-4.0.6.RELEASE.jar:4.0.6.RELEASE]
	at org.springframework.web.servlet.mvc.method.annotation.ServletInvocableHandlerMethod.invokeAndHandle(ServletInvocableHandlerMethod.java:104) ~[spring-webmvc-4.0.6.RELEASE.jar:4.0.6.RELEASE]
	at org.springframework.web.servlet.mvc.method.annotation.RequestMappingHandlerAdapter.invokeHandleMethod(RequestMappingHandlerAdapter.java:749) ~[spring-webmvc-4.0.6.RELEASE.jar:4.0.6.RELEASE]
	at org.springframework.web.servlet.mvc.method.annotation.RequestMappingHandlerAdapter.handleInternal(RequestMappingHandlerAdapter.java:689) ~[spring-webmvc-4.0.6.RELEASE.jar:4.0.6.RELEASE]
	at org.springframework.web.servlet.mvc.method.AbstractHandlerMethodAdapter.handle(AbstractHandlerMethodAdapter.java:83) ~[spring-webmvc-4.0.6.RELEASE.jar:4.0.6.RELEASE]
	at org.springframework.web.servlet.DispatcherServlet.doDispatch(DispatcherServlet.java:938) ~[spring-webmvc-4.0.6.RELEASE.jar:4.0.6.RELEASE]
	at org.springframework.web.servlet.DispatcherServlet.doService(DispatcherServlet.java:870) ~[spring-webmvc-4.0.6.RELEASE.jar:4.0.6.RELEASE]
	at org.springframework.web.servlet.FrameworkServlet.processRequest(FrameworkServlet.java:961) [spring-webmvc-4.0.6.RELEASE.jar:4.0.6.RELEASE]
	at org.springframework.web.servlet.FrameworkServlet.doGet(FrameworkServlet.java:852) [spring-webmvc-4.0.6.RELEASE.jar:4.0.6.RELEASE]
	at javax.servlet.http.HttpServlet.service(HttpServlet.java:621) [tomcat-servlet-api-3.0.jar:na]
	at org.springframework.web.servlet.FrameworkServlet.service(FrameworkServlet.java:837) [spring-webmvc-4.0.6.RELEASE.jar:4.0.6.RELEASE]
	at javax.servlet.http.HttpServlet.service(HttpServlet.java:722) [tomcat-servlet-api-3.0.jar:na]
	at org.apache.catalina.core.ApplicationFilterChain.internalDoFilter(ApplicationFilterChain.java:305) [tomcat-catalina-7.0.26.jar:7.0.26]
	at org.apache.catalina.core.ApplicationFilterChain.doFilter(ApplicationFilterChain.java:210) [tomcat-catalina-7.0.26.jar:7.0.26]
	at org.springframework.web.filter.CharacterEncodingFilter.doFilterInternal(CharacterEncodingFilter.java:88) [spring-web-4.0.6.RELEASE.jar:4.0.6.RELEASE]
	at org.springframework.web.filter.OncePerRequestFilter.doFilter(OncePerRequestFilter.java:107) [spring-web-4.0.6.RELEASE.jar:4.0.6.RELEASE]
	at org.apache.catalina.core.ApplicationFilterChain.internalDoFilter(ApplicationFilterChain.java:243) [tomcat-catalina-7.0.26.jar:7.0.26]
	at org.apache.catalina.core.ApplicationFilterChain.doFilter(ApplicationFilterChain.java:210) [tomcat-catalina-7.0.26.jar:7.0.26]
	at com.thetransactioncompany.cors.CORSFilter.doFilter(CORSFilter.java:169) [cors-filter-1.9.2.jar:1.9.2]
	at com.thetransactioncompany.cors.CORSFilter.doFilter(CORSFilter.java:232) [cors-filter-1.9.2.jar:1.9.2]
	at org.apache.catalina.core.ApplicationFilterChain.internalDoFilter(ApplicationFilterChain.java:243) [tomcat-catalina-7.0.26.jar:7.0.26]
	at org.apache.catalina.core.ApplicationFilterChain.doFilter(ApplicationFilterChain.java:210) [tomcat-catalina-7.0.26.jar:7.0.26]
	at org.apache.catalina.core.StandardWrapperValve.invoke(StandardWrapperValve.java:224) [tomcat-catalina-7.0.26.jar:7.0.26]
	at org.apache.catalina.core.StandardContextValve.invoke(StandardContextValve.java:169) [tomcat-catalina-7.0.26.jar:7.0.26]
	at org.apache.catalina.authenticator.AuthenticatorBase.invoke(AuthenticatorBase.java:472) [tomcat-catalina-7.0.26.jar:7.0.26]
	at org.apache.catalina.core.StandardHostValve.invoke(StandardHostValve.java:168) [tomcat-catalina-7.0.26.jar:7.0.26]
	at org.apache.catalina.valves.ErrorReportValve.invoke(ErrorReportValve.java:98) [tomcat-catalina-7.0.26.jar:7.0.26]
	at org.apache.catalina.valves.AccessLogValve.invoke(AccessLogValve.java:927) [tomcat-catalina-7.0.26.jar:7.0.26]
	at org.apache.catalina.core.StandardEngineValve.invoke(StandardEngineValve.java:118) [tomcat-catalina-7.0.26.jar:7.0.26]
	at org.apache.catalina.connector.CoyoteAdapter.service(CoyoteAdapter.java:407) [tomcat-catalina-7.0.26.jar:7.0.26]
	at org.apache.coyote.http11.AbstractHttp11Processor.process(AbstractHttp11Processor.java:987) [tomcat-coyote-7.0.26.jar:7.0.26]
	at org.apache.coyote.AbstractProtocol$AbstractConnectionHandler.process(AbstractProtocol.java:579) [tomcat-coyote-7.0.26.jar:7.0.26]
	at org.apache.tomcat.util.net.JIoEndpoint$SocketProcessor.run(JIoEndpoint.java:307) [tomcat-coyote-7.0.26.jar:7.0.26]
	at java.util.concurrent.ThreadPoolExecutor.runWorker(ThreadPoolExecutor.java:1145) [na:1.7.0_71]
	at java.util.concurrent.ThreadPoolExecutor$Worker.run(ThreadPoolExecutor.java:615) [na:1.7.0_71]
	at java.lang.Thread.run(Thread.java:745) [na:1.7.0_71]
2015-06-01 19:15:44.124 [http-bio-8080-exec-7] [INFO ] com.datayes.paas.usermaster.util.CommonHandler - UserMasterException thrown by program.
com.datayes.paas.usermaster.util.UserMasterException: nonexistent organization
	at com.datayes.paas.usermaster.service.OrganizationService.getRootOrg(OrganizationService.java:236) ~[OrganizationService.class:na]
	at com.datayes.paas.usermaster.service.OrganizationService$$FastClassBySpringCGLIB$$25123db5.invoke(<generated>) ~[spring-core-4.0.6.RELEASE.jar:na]
	at org.springframework.cglib.proxy.MethodProxy.invoke(MethodProxy.java:204) ~[spring-core-4.0.6.RELEASE.jar:4.0.6.RELEASE]
	at org.springframework.aop.framework.CglibAopProxy$DynamicAdvisedInterceptor.intercept(CglibAopProxy.java:640) ~[spring-aop-4.0.6.RELEASE.jar:4.0.6.RELEASE]
	at com.datayes.paas.usermaster.service.OrganizationService$$EnhancerBySpringCGLIB$$1a9f3dd9.getRootOrg(<generated>) ~[spring-core-4.0.6.RELEASE.jar:na]
	at com.datayes.paas.usermaster.controller.OrganizationController.getAll(OrganizationController.java:126) ~[OrganizationController.class:na]
	at sun.reflect.NativeMethodAccessorImpl.invoke0(Native Method) ~[na:1.7.0_71]
	at sun.reflect.NativeMethodAccessorImpl.invoke(NativeMethodAccessorImpl.java:57) ~[na:1.7.0_71]
	at sun.reflect.DelegatingMethodAccessorImpl.invoke(DelegatingMethodAccessorImpl.java:43) ~[na:1.7.0_71]
	at java.lang.reflect.Method.invoke(Method.java:606) ~[na:1.7.0_71]
	at org.springframework.web.method.support.InvocableHandlerMethod.invoke(InvocableHandlerMethod.java:215) ~[spring-web-4.0.6.RELEASE.jar:4.0.6.RELEASE]
	at org.springframework.web.method.support.InvocableHandlerMethod.invokeForRequest(InvocableHandlerMethod.java:132) ~[spring-web-4.0.6.RELEASE.jar:4.0.6.RELEASE]
	at org.springframework.web.servlet.mvc.method.annotation.ServletInvocableHandlerMethod.invokeAndHandle(ServletInvocableHandlerMethod.java:104) ~[spring-webmvc-4.0.6.RELEASE.jar:4.0.6.RELEASE]
	at org.springframework.web.servlet.mvc.method.annotation.RequestMappingHandlerAdapter.invokeHandleMethod(RequestMappingHandlerAdapter.java:749) ~[spring-webmvc-4.0.6.RELEASE.jar:4.0.6.RELEASE]
	at org.springframework.web.servlet.mvc.method.annotation.RequestMappingHandlerAdapter.handleInternal(RequestMappingHandlerAdapter.java:689) ~[spring-webmvc-4.0.6.RELEASE.jar:4.0.6.RELEASE]
	at org.springframework.web.servlet.mvc.method.AbstractHandlerMethodAdapter.handle(AbstractHandlerMethodAdapter.java:83) ~[spring-webmvc-4.0.6.RELEASE.jar:4.0.6.RELEASE]
	at org.springframework.web.servlet.DispatcherServlet.doDispatch(DispatcherServlet.java:938) ~[spring-webmvc-4.0.6.RELEASE.jar:4.0.6.RELEASE]
	at org.springframework.web.servlet.DispatcherServlet.doService(DispatcherServlet.java:870) ~[spring-webmvc-4.0.6.RELEASE.jar:4.0.6.RELEASE]
	at org.springframework.web.servlet.FrameworkServlet.processRequest(FrameworkServlet.java:961) [spring-webmvc-4.0.6.RELEASE.jar:4.0.6.RELEASE]
	at org.springframework.web.servlet.FrameworkServlet.doGet(FrameworkServlet.java:852) [spring-webmvc-4.0.6.RELEASE.jar:4.0.6.RELEASE]
	at javax.servlet.http.HttpServlet.service(HttpServlet.java:621) [tomcat-servlet-api-3.0.jar:na]
	at org.springframework.web.servlet.FrameworkServlet.service(FrameworkServlet.java:837) [spring-webmvc-4.0.6.RELEASE.jar:4.0.6.RELEASE]
	at javax.servlet.http.HttpServlet.service(HttpServlet.java:722) [tomcat-servlet-api-3.0.jar:na]
	at org.apache.catalina.core.ApplicationFilterChain.internalDoFilter(ApplicationFilterChain.java:305) [tomcat-catalina-7.0.26.jar:7.0.26]
	at org.apache.catalina.core.ApplicationFilterChain.doFilter(ApplicationFilterChain.java:210) [tomcat-catalina-7.0.26.jar:7.0.26]
	at org.springframework.web.filter.CharacterEncodingFilter.doFilterInternal(CharacterEncodingFilter.java:88) [spring-web-4.0.6.RELEASE.jar:4.0.6.RELEASE]
	at org.springframework.web.filter.OncePerRequestFilter.doFilter(OncePerRequestFilter.java:107) [spring-web-4.0.6.RELEASE.jar:4.0.6.RELEASE]
	at org.apache.catalina.core.ApplicationFilterChain.internalDoFilter(ApplicationFilterChain.java:243) [tomcat-catalina-7.0.26.jar:7.0.26]
	at org.apache.catalina.core.ApplicationFilterChain.doFilter(ApplicationFilterChain.java:210) [tomcat-catalina-7.0.26.jar:7.0.26]
	at com.thetransactioncompany.cors.CORSFilter.doFilter(CORSFilter.java:169) [cors-filter-1.9.2.jar:1.9.2]
	at com.thetransactioncompany.cors.CORSFilter.doFilter(CORSFilter.java:232) [cors-filter-1.9.2.jar:1.9.2]
	at org.apache.catalina.core.ApplicationFilterChain.internalDoFilter(ApplicationFilterChain.java:243) [tomcat-catalina-7.0.26.jar:7.0.26]
	at org.apache.catalina.core.ApplicationFilterChain.doFilter(ApplicationFilterChain.java:210) [tomcat-catalina-7.0.26.jar:7.0.26]
	at org.apache.catalina.core.StandardWrapperValve.invoke(StandardWrapperValve.java:224) [tomcat-catalina-7.0.26.jar:7.0.26]
	at org.apache.catalina.core.StandardContextValve.invoke(StandardContextValve.java:169) [tomcat-catalina-7.0.26.jar:7.0.26]
	at org.apache.catalina.authenticator.AuthenticatorBase.invoke(AuthenticatorBase.java:472) [tomcat-catalina-7.0.26.jar:7.0.26]
	at org.apache.catalina.core.StandardHostValve.invoke(StandardHostValve.java:168) [tomcat-catalina-7.0.26.jar:7.0.26]
	at org.apache.catalina.valves.ErrorReportValve.invoke(ErrorReportValve.java:98) [tomcat-catalina-7.0.26.jar:7.0.26]
	at org.apache.catalina.valves.AccessLogValve.invoke(AccessLogValve.java:927) [tomcat-catalina-7.0.26.jar:7.0.26]
	at org.apache.catalina.core.StandardEngineValve.invoke(StandardEngineValve.java:118) [tomcat-catalina-7.0.26.jar:7.0.26]
	at org.apache.catalina.connector.CoyoteAdapter.service(CoyoteAdapter.java:407) [tomcat-catalina-7.0.26.jar:7.0.26]
	at org.apache.coyote.http11.AbstractHttp11Processor.process(AbstractHttp11Processor.java:987) [tomcat-coyote-7.0.26.jar:7.0.26]
	at org.apache.coyote.AbstractProtocol$AbstractConnectionHandler.process(AbstractProtocol.java:579) [tomcat-coyote-7.0.26.jar:7.0.26]
	at org.apache.tomcat.util.net.JIoEndpoint$SocketProcessor.run(JIoEndpoint.java:307) [tomcat-coyote-7.0.26.jar:7.0.26]
	at java.util.concurrent.ThreadPoolExecutor.runWorker(ThreadPoolExecutor.java:1145) [na:1.7.0_71]
	at java.util.concurrent.ThreadPoolExecutor$Worker.run(ThreadPoolExecutor.java:615) [na:1.7.0_71]
	at java.lang.Thread.run(Thread.java:745) [na:1.7.0_71]
