2015-06-12 10:20:04.986 [http-bio-8080-exec-5] [ERROR] com.datayes.paas.usermaster.util.CommonHandler - Invalid parameter
org.springframework.beans.TypeMismatchException: Failed to convert value of type 'java.lang.String' to required type 'long'; nested exception is java.lang.NumberFormatException: For input string: "service"
	at org.springframework.beans.TypeConverterSupport.doConvert(TypeConverterSupport.java:77) ~[spring-beans-4.0.6.RELEASE.jar:4.0.6.RELEASE]
	at org.springframework.beans.TypeConverterSupport.convertIfNecessary(TypeConverterSupport.java:47) ~[spring-beans-4.0.6.RELEASE.jar:4.0.6.RELEASE]
	at org.springframework.validation.DataBinder.convertIfNecessary(DataBinder.java:582) ~[spring-context-4.0.6.RELEASE.jar:4.0.6.RELEASE]
	at org.springframework.web.method.annotation.AbstractNamedValueMethodArgumentResolver.resolveArgument(AbstractNamedValueMethodArgumentResolver.java:105) ~[spring-web-4.0.6.RELEASE.jar:4.0.6.RELEASE]
	at org.springframework.web.method.support.HandlerMethodArgumentResolverComposite.resolveArgument(HandlerMethodArgumentResolverComposite.java:79) ~[spring-web-4.0.6.RELEASE.jar:4.0.6.RELEASE]
	at org.springframework.web.method.support.InvocableHandlerMethod.getMethodArgumentValues(InvocableHandlerMethod.java:157) ~[spring-web-4.0.6.RELEASE.jar:4.0.6.RELEASE]
	at org.springframework.web.method.support.InvocableHandlerMethod.invokeForRequest(InvocableHandlerMethod.java:124) ~[spring-web-4.0.6.RELEASE.jar:4.0.6.RELEASE]
	at org.springframework.web.servlet.mvc.method.annotation.ServletInvocableHandlerMethod.invokeAndHandle(ServletInvocableHandlerMethod.java:104) ~[spring-webmvc-4.0.6.RELEASE.jar:4.0.6.RELEASE]
	at org.springframework.web.servlet.mvc.method.annotation.RequestMappingHandlerAdapter.invokeHandleMethod(RequestMappingHandlerAdapter.java:749) ~[spring-webmvc-4.0.6.RELEASE.jar:4.0.6.RELEASE]
	at org.springframework.web.servlet.mvc.method.annotation.RequestMappingHandlerAdapter.handleInternal(RequestMappingHandlerAdapter.java:689) ~[spring-webmvc-4.0.6.RELEASE.jar:4.0.6.RELEASE]
	at org.springframework.web.servlet.mvc.method.AbstractHandlerMethodAdapter.handle(AbstractHandlerMethodAdapter.java:83) ~[spring-webmvc-4.0.6.RELEASE.jar:4.0.6.RELEASE]
	at org.springframework.web.servlet.DispatcherServlet.doDispatch(DispatcherServlet.java:938) ~[spring-webmvc-4.0.6.RELEASE.jar:4.0.6.RELEASE]
	at org.springframework.web.servlet.DispatcherServlet.doService(DispatcherServlet.java:870) ~[spring-webmvc-4.0.6.RELEASE.jar:4.0.6.RELEASE]
	at org.springframework.web.servlet.FrameworkServlet.processRequest(FrameworkServlet.java:961) [spring-webmvc-4.0.6.RELEASE.jar:4.0.6.RELEASE]
	at org.springframework.web.servlet.FrameworkServlet.doGet(FrameworkServlet.java:852) [spring-webmvc-4.0.6.RELEASE.jar:4.0.6.RELEASE]
	at javax.servlet.http.HttpServlet.service(HttpServlet.java:621) [tomcat-servlet-api-3.0.jar:na]
	at org.springframework.web.servlet.FrameworkServlet.service(FrameworkServlet.java:837) [spring-webmvc-4.0.6.RELEASE.jar:4.0.6.RELEASE]
	at javax.servlet.http.HttpServlet.service(HttpServlet.java:722) [tomcat-servlet-api-3.0.jar:na]
	at org.apache.catalina.core.ApplicationFilterChain.internalDoFilter(ApplicationFilterChain.java:305) [tomcat-catalina-7.0.26.jar:7.0.26]
	at org.apache.catalina.core.ApplicationFilterChain.doFilter(ApplicationFilterChain.java:210) [tomcat-catalina-7.0.26.jar:7.0.26]
	at org.springframework.web.filter.CharacterEncodingFilter.doFilterInternal(CharacterEncodingFilter.java:88) [spring-web-4.0.6.RELEASE.jar:4.0.6.RELEASE]
	at org.springframework.web.filter.OncePerRequestFilter.doFilter(OncePerRequestFilter.java:107) [spring-web-4.0.6.RELEASE.jar:4.0.6.RELEASE]
	at org.apache.catalina.core.ApplicationFilterChain.internalDoFilter(ApplicationFilterChain.java:243) [tomcat-catalina-7.0.26.jar:7.0.26]
	at org.apache.catalina.core.ApplicationFilterChain.doFilter(ApplicationFilterChain.java:210) [tomcat-catalina-7.0.26.jar:7.0.26]
	at com.thetransactioncompany.cors.CORSFilter.doFilter(CORSFilter.java:158) [cors-filter-1.9.2.jar:1.9.2]
	at com.thetransactioncompany.cors.CORSFilter.doFilter(CORSFilter.java:232) [cors-filter-1.9.2.jar:1.9.2]
	at org.apache.catalina.core.ApplicationFilterChain.internalDoFilter(ApplicationFilterChain.java:243) [tomcat-catalina-7.0.26.jar:7.0.26]
	at org.apache.catalina.core.ApplicationFilterChain.doFilter(ApplicationFilterChain.java:210) [tomcat-catalina-7.0.26.jar:7.0.26]
	at org.apache.catalina.core.StandardWrapperValve.invoke(StandardWrapperValve.java:224) [tomcat-catalina-7.0.26.jar:7.0.26]
	at org.apache.catalina.core.StandardContextValve.invoke(StandardContextValve.java:169) [tomcat-catalina-7.0.26.jar:7.0.26]
	at org.apache.catalina.authenticator.AuthenticatorBase.invoke(AuthenticatorBase.java:472) [tomcat-catalina-7.0.26.jar:7.0.26]
	at org.apache.catalina.core.StandardHostValve.invoke(StandardHostValve.java:168) [tomcat-catalina-7.0.26.jar:7.0.26]
	at org.apache.catalina.valves.ErrorReportValve.invoke(ErrorReportValve.java:98) [tomcat-catalina-7.0.26.jar:7.0.26]
	at org.apache.catalina.valves.AccessLogValve.invoke(AccessLogValve.java:927) [tomcat-catalina-7.0.26.jar:7.0.26]
	at org.apache.catalina.core.StandardEngineValve.invoke(StandardEngineValve.java:118) [tomcat-catalina-7.0.26.jar:7.0.26]
	at org.apache.catalina.connector.CoyoteAdapter.service(CoyoteAdapter.java:407) [tomcat-catalina-7.0.26.jar:7.0.26]
	at org.apache.coyote.http11.AbstractHttp11Processor.process(AbstractHttp11Processor.java:987) [tomcat-coyote-7.0.26.jar:7.0.26]
	at org.apache.coyote.AbstractProtocol$AbstractConnectionHandler.process(AbstractProtocol.java:579) [tomcat-coyote-7.0.26.jar:7.0.26]
	at org.apache.tomcat.util.net.JIoEndpoint$SocketProcessor.run(JIoEndpoint.java:309) [tomcat-coyote-7.0.26.jar:7.0.26]
	at java.util.concurrent.ThreadPoolExecutor.runWorker(ThreadPoolExecutor.java:1145) [na:1.7.0_71]
	at java.util.concurrent.ThreadPoolExecutor$Worker.run(ThreadPoolExecutor.java:615) [na:1.7.0_71]
	at java.lang.Thread.run(Thread.java:745) [na:1.7.0_71]
Caused by: java.lang.NumberFormatException: For input string: "service"
	at java.lang.NumberFormatException.forInputString(NumberFormatException.java:65) ~[na:1.7.0_71]
	at java.lang.Long.parseLong(Long.java:441) ~[na:1.7.0_71]
	at java.lang.Long.valueOf(Long.java:540) ~[na:1.7.0_71]
	at org.springframework.util.NumberUtils.parseNumber(NumberUtils.java:174) ~[spring-core-4.0.6.RELEASE.jar:4.0.6.RELEASE]
	at org.springframework.beans.propertyeditors.CustomNumberEditor.setAsText(CustomNumberEditor.java:113) ~[spring-beans-4.0.6.RELEASE.jar:4.0.6.RELEASE]
	at org.springframework.beans.TypeConverterDelegate.doConvertTextValue(TypeConverterDelegate.java:430) ~[spring-beans-4.0.6.RELEASE.jar:4.0.6.RELEASE]
	at org.springframework.beans.TypeConverterDelegate.doConvertValue(TypeConverterDelegate.java:403) ~[spring-beans-4.0.6.RELEASE.jar:4.0.6.RELEASE]
	at org.springframework.beans.TypeConverterDelegate.convertIfNecessary(TypeConverterDelegate.java:181) ~[spring-beans-4.0.6.RELEASE.jar:4.0.6.RELEASE]
	at org.springframework.beans.TypeConverterDelegate.convertIfNecessary(TypeConverterDelegate.java:93) ~[spring-beans-4.0.6.RELEASE.jar:4.0.6.RELEASE]
	at org.springframework.beans.TypeConverterSupport.doConvert(TypeConverterSupport.java:64) ~[spring-beans-4.0.6.RELEASE.jar:4.0.6.RELEASE]
	... 41 common frames omitted
2015-06-12 14:14:51.873 [pool-2-thread-1] [ERROR] org.springframework.web.context.ContextLoader - Context initialization failed
org.springframework.beans.factory.BeanCreationException: Error creating bean with name 'OAuth2Service': Injection of autowired dependencies failed; nested exception is org.springframework.beans.factory.BeanCreationException: Could not autowire field: private com.datayes.paas.usermaster.oauth2.OAuth2Manager com.datayes.paas.usermaster.service.OAuth2Service.oAuth2Manager; nested exception is org.springframework.beans.factory.NoSuchBeanDefinitionException: No qualifying bean of type [com.datayes.paas.usermaster.oauth2.OAuth2Manager] found for dependency: expected at least 1 bean which qualifies as autowire candidate for this dependency. Dependency annotations: {@org.springframework.beans.factory.annotation.Autowired(required=true)}
	at org.springframework.beans.factory.annotation.AutowiredAnnotationBeanPostProcessor.postProcessPropertyValues(AutowiredAnnotationBeanPostProcessor.java:292) ~[spring-beans-4.0.6.RELEASE.jar:4.0.6.RELEASE]
	at org.springframework.beans.factory.support.AbstractAutowireCapableBeanFactory.populateBean(AbstractAutowireCapableBeanFactory.java:1185) ~[spring-beans-4.0.6.RELEASE.jar:4.0.6.RELEASE]
	at org.springframework.beans.factory.support.AbstractAutowireCapableBeanFactory.doCreateBean(AbstractAutowireCapableBeanFactory.java:537) ~[spring-beans-4.0.6.RELEASE.jar:4.0.6.RELEASE]
	at org.springframework.beans.factory.support.AbstractAutowireCapableBeanFactory.createBean(AbstractAutowireCapableBeanFactory.java:475) ~[spring-beans-4.0.6.RELEASE.jar:4.0.6.RELEASE]
	at org.springframework.beans.factory.support.AbstractBeanFactory$1.getObject(AbstractBeanFactory.java:302) ~[spring-beans-4.0.6.RELEASE.jar:4.0.6.RELEASE]
	at org.springframework.beans.factory.support.DefaultSingletonBeanRegistry.getSingleton(DefaultSingletonBeanRegistry.java:228) ~[spring-beans-4.0.6.RELEASE.jar:4.0.6.RELEASE]
	at org.springframework.beans.factory.support.AbstractBeanFactory.doGetBean(AbstractBeanFactory.java:298) ~[spring-beans-4.0.6.RELEASE.jar:4.0.6.RELEASE]
	at org.springframework.beans.factory.support.AbstractBeanFactory.getBean(AbstractBeanFactory.java:193) ~[spring-beans-4.0.6.RELEASE.jar:4.0.6.RELEASE]
	at org.springframework.beans.factory.support.DefaultListableBeanFactory.preInstantiateSingletons(DefaultListableBeanFactory.java:703) ~[spring-beans-4.0.6.RELEASE.jar:4.0.6.RELEASE]
	at org.springframework.context.support.AbstractApplicationContext.finishBeanFactoryInitialization(AbstractApplicationContext.java:760) ~[spring-context-4.0.6.RELEASE.jar:4.0.6.RELEASE]
	at org.springframework.context.support.AbstractApplicationContext.refresh(AbstractApplicationContext.java:482) ~[spring-context-4.0.6.RELEASE.jar:4.0.6.RELEASE]
	at org.springframework.web.context.ContextLoader.configureAndRefreshWebApplicationContext(ContextLoader.java:403) ~[spring-web-4.0.6.RELEASE.jar:4.0.6.RELEASE]
	at org.springframework.web.context.ContextLoader.initWebApplicationContext(ContextLoader.java:306) ~[spring-web-4.0.6.RELEASE.jar:4.0.6.RELEASE]
	at org.springframework.web.context.ContextLoaderListener.contextInitialized(ContextLoaderListener.java:106) [spring-web-4.0.6.RELEASE.jar:4.0.6.RELEASE]
	at org.apache.catalina.core.StandardContext.listenerStart(StandardContext.java:4779) [tomcat-catalina-7.0.26.jar:7.0.26]
	at org.apache.catalina.core.StandardContext.startInternal(StandardContext.java:5273) [tomcat-catalina-7.0.26.jar:7.0.26]
	at org.apache.catalina.util.LifecycleBase.start(LifecycleBase.java:150) [tomcat-catalina-7.0.26.jar:7.0.26]
	at org.apache.catalina.core.ContainerBase.addChildInternal(ContainerBase.java:895) [tomcat-catalina-7.0.26.jar:7.0.26]
	at org.apache.catalina.core.ContainerBase.addChild(ContainerBase.java:871) [tomcat-catalina-7.0.26.jar:7.0.26]
	at org.apache.catalina.core.StandardHost.addChild(StandardHost.java:615) [tomcat-catalina-7.0.26.jar:7.0.26]
	at org.apache.catalina.startup.HostConfig.deployDescriptor(HostConfig.java:649) [tomcat-catalina-7.0.26.jar:7.0.26]
	at org.apache.catalina.startup.HostConfig$DeployDescriptor.run(HostConfig.java:1581) [tomcat-catalina-7.0.26.jar:7.0.26]
	at java.util.concurrent.Executors$RunnableAdapter.call(Executors.java:471) [na:1.7.0_71]
	at java.util.concurrent.FutureTask.run(FutureTask.java:262) [na:1.7.0_71]
	at java.util.concurrent.ThreadPoolExecutor.runWorker(ThreadPoolExecutor.java:1145) [na:1.7.0_71]
	at java.util.concurrent.ThreadPoolExecutor$Worker.run(ThreadPoolExecutor.java:615) [na:1.7.0_71]
	at java.lang.Thread.run(Thread.java:745) [na:1.7.0_71]
Caused by: org.springframework.beans.factory.BeanCreationException: Could not autowire field: private com.datayes.paas.usermaster.oauth2.OAuth2Manager com.datayes.paas.usermaster.service.OAuth2Service.oAuth2Manager; nested exception is org.springframework.beans.factory.NoSuchBeanDefinitionException: No qualifying bean of type [com.datayes.paas.usermaster.oauth2.OAuth2Manager] found for dependency: expected at least 1 bean which qualifies as autowire candidate for this dependency. Dependency annotations: {@org.springframework.beans.factory.annotation.Autowired(required=true)}
	at org.springframework.beans.factory.annotation.AutowiredAnnotationBeanPostProcessor$AutowiredFieldElement.inject(AutowiredAnnotationBeanPostProcessor.java:508) ~[spring-beans-4.0.6.RELEASE.jar:4.0.6.RELEASE]
	at org.springframework.beans.factory.annotation.InjectionMetadata.inject(InjectionMetadata.java:87) ~[spring-beans-4.0.6.RELEASE.jar:4.0.6.RELEASE]
	at org.springframework.beans.factory.annotation.AutowiredAnnotationBeanPostProcessor.postProcessPropertyValues(AutowiredAnnotationBeanPostProcessor.java:289) ~[spring-beans-4.0.6.RELEASE.jar:4.0.6.RELEASE]
	... 26 common frames omitted
Caused by: org.springframework.beans.factory.NoSuchBeanDefinitionException: No qualifying bean of type [com.datayes.paas.usermaster.oauth2.OAuth2Manager] found for dependency: expected at least 1 bean which qualifies as autowire candidate for this dependency. Dependency annotations: {@org.springframework.beans.factory.annotation.Autowired(required=true)}
	at org.springframework.beans.factory.support.DefaultListableBeanFactory.raiseNoSuchBeanDefinitionException(DefaultListableBeanFactory.java:1103) ~[spring-beans-4.0.6.RELEASE.jar:4.0.6.RELEASE]
	at org.springframework.beans.factory.support.DefaultListableBeanFactory.doResolveDependency(DefaultListableBeanFactory.java:963) ~[spring-beans-4.0.6.RELEASE.jar:4.0.6.RELEASE]
	at org.springframework.beans.factory.support.DefaultListableBeanFactory.resolveDependency(DefaultListableBeanFactory.java:858) ~[spring-beans-4.0.6.RELEASE.jar:4.0.6.RELEASE]
	at org.springframework.beans.factory.annotation.AutowiredAnnotationBeanPostProcessor$AutowiredFieldElement.inject(AutowiredAnnotationBeanPostProcessor.java:480) ~[spring-beans-4.0.6.RELEASE.jar:4.0.6.RELEASE]
	... 28 common frames omitted
2015-06-12 14:29:45.017 [http-bio-8080-exec-8] [ERROR] com.datayes.paas.usermaster.util.CommonHandler - Invalid parameter
org.springframework.beans.TypeMismatchException: Failed to convert value of type 'java.lang.String' to required type 'long'; nested exception is java.lang.NumberFormatException: For input string: "service"
	at org.springframework.beans.TypeConverterSupport.doConvert(TypeConverterSupport.java:77) ~[spring-beans-4.0.6.RELEASE.jar:4.0.6.RELEASE]
	at org.springframework.beans.TypeConverterSupport.convertIfNecessary(TypeConverterSupport.java:47) ~[spring-beans-4.0.6.RELEASE.jar:4.0.6.RELEASE]
	at org.springframework.validation.DataBinder.convertIfNecessary(DataBinder.java:582) ~[spring-context-4.0.6.RELEASE.jar:4.0.6.RELEASE]
	at org.springframework.web.method.annotation.AbstractNamedValueMethodArgumentResolver.resolveArgument(AbstractNamedValueMethodArgumentResolver.java:105) ~[spring-web-4.0.6.RELEASE.jar:4.0.6.RELEASE]
	at org.springframework.web.method.support.HandlerMethodArgumentResolverComposite.resolveArgument(HandlerMethodArgumentResolverComposite.java:79) ~[spring-web-4.0.6.RELEASE.jar:4.0.6.RELEASE]
	at org.springframework.web.method.support.InvocableHandlerMethod.getMethodArgumentValues(InvocableHandlerMethod.java:157) ~[spring-web-4.0.6.RELEASE.jar:4.0.6.RELEASE]
	at org.springframework.web.method.support.InvocableHandlerMethod.invokeForRequest(InvocableHandlerMethod.java:124) ~[spring-web-4.0.6.RELEASE.jar:4.0.6.RELEASE]
	at org.springframework.web.servlet.mvc.method.annotation.ServletInvocableHandlerMethod.invokeAndHandle(ServletInvocableHandlerMethod.java:104) ~[spring-webmvc-4.0.6.RELEASE.jar:4.0.6.RELEASE]
	at org.springframework.web.servlet.mvc.method.annotation.RequestMappingHandlerAdapter.invokeHandleMethod(RequestMappingHandlerAdapter.java:749) ~[spring-webmvc-4.0.6.RELEASE.jar:4.0.6.RELEASE]
	at org.springframework.web.servlet.mvc.method.annotation.RequestMappingHandlerAdapter.handleInternal(RequestMappingHandlerAdapter.java:689) ~[spring-webmvc-4.0.6.RELEASE.jar:4.0.6.RELEASE]
	at org.springframework.web.servlet.mvc.method.AbstractHandlerMethodAdapter.handle(AbstractHandlerMethodAdapter.java:83) ~[spring-webmvc-4.0.6.RELEASE.jar:4.0.6.RELEASE]
	at org.springframework.web.servlet.DispatcherServlet.doDispatch(DispatcherServlet.java:938) ~[spring-webmvc-4.0.6.RELEASE.jar:4.0.6.RELEASE]
	at org.springframework.web.servlet.DispatcherServlet.doService(DispatcherServlet.java:870) ~[spring-webmvc-4.0.6.RELEASE.jar:4.0.6.RELEASE]
	at org.springframework.web.servlet.FrameworkServlet.processRequest(FrameworkServlet.java:961) [spring-webmvc-4.0.6.RELEASE.jar:4.0.6.RELEASE]
	at org.springframework.web.servlet.FrameworkServlet.doGet(FrameworkServlet.java:852) [spring-webmvc-4.0.6.RELEASE.jar:4.0.6.RELEASE]
	at javax.servlet.http.HttpServlet.service(HttpServlet.java:621) [tomcat-servlet-api-3.0.jar:na]
	at org.springframework.web.servlet.FrameworkServlet.service(FrameworkServlet.java:837) [spring-webmvc-4.0.6.RELEASE.jar:4.0.6.RELEASE]
	at javax.servlet.http.HttpServlet.service(HttpServlet.java:722) [tomcat-servlet-api-3.0.jar:na]
	at org.apache.catalina.core.ApplicationFilterChain.internalDoFilter(ApplicationFilterChain.java:305) [tomcat-catalina-7.0.26.jar:7.0.26]
	at org.apache.catalina.core.ApplicationFilterChain.doFilter(ApplicationFilterChain.java:210) [tomcat-catalina-7.0.26.jar:7.0.26]
	at org.springframework.web.filter.CharacterEncodingFilter.doFilterInternal(CharacterEncodingFilter.java:88) [spring-web-4.0.6.RELEASE.jar:4.0.6.RELEASE]
	at org.springframework.web.filter.OncePerRequestFilter.doFilter(OncePerRequestFilter.java:107) [spring-web-4.0.6.RELEASE.jar:4.0.6.RELEASE]
	at org.apache.catalina.core.ApplicationFilterChain.internalDoFilter(ApplicationFilterChain.java:243) [tomcat-catalina-7.0.26.jar:7.0.26]
	at org.apache.catalina.core.ApplicationFilterChain.doFilter(ApplicationFilterChain.java:210) [tomcat-catalina-7.0.26.jar:7.0.26]
	at com.thetransactioncompany.cors.CORSFilter.doFilter(CORSFilter.java:158) [cors-filter-1.9.2.jar:1.9.2]
	at com.thetransactioncompany.cors.CORSFilter.doFilter(CORSFilter.java:232) [cors-filter-1.9.2.jar:1.9.2]
	at org.apache.catalina.core.ApplicationFilterChain.internalDoFilter(ApplicationFilterChain.java:243) [tomcat-catalina-7.0.26.jar:7.0.26]
	at org.apache.catalina.core.ApplicationFilterChain.doFilter(ApplicationFilterChain.java:210) [tomcat-catalina-7.0.26.jar:7.0.26]
	at org.apache.catalina.core.StandardWrapperValve.invoke(StandardWrapperValve.java:224) [tomcat-catalina-7.0.26.jar:7.0.26]
	at org.apache.catalina.core.StandardContextValve.invoke(StandardContextValve.java:169) [tomcat-catalina-7.0.26.jar:7.0.26]
	at org.apache.catalina.authenticator.AuthenticatorBase.invoke(AuthenticatorBase.java:472) [tomcat-catalina-7.0.26.jar:7.0.26]
	at org.apache.catalina.core.StandardHostValve.invoke(StandardHostValve.java:168) [tomcat-catalina-7.0.26.jar:7.0.26]
	at org.apache.catalina.valves.ErrorReportValve.invoke(ErrorReportValve.java:98) [tomcat-catalina-7.0.26.jar:7.0.26]
	at org.apache.catalina.valves.AccessLogValve.invoke(AccessLogValve.java:927) [tomcat-catalina-7.0.26.jar:7.0.26]
	at org.apache.catalina.core.StandardEngineValve.invoke(StandardEngineValve.java:118) [tomcat-catalina-7.0.26.jar:7.0.26]
	at org.apache.catalina.connector.CoyoteAdapter.service(CoyoteAdapter.java:407) [tomcat-catalina-7.0.26.jar:7.0.26]
	at org.apache.coyote.http11.AbstractHttp11Processor.process(AbstractHttp11Processor.java:987) [tomcat-coyote-7.0.26.jar:7.0.26]
	at org.apache.coyote.AbstractProtocol$AbstractConnectionHandler.process(AbstractProtocol.java:579) [tomcat-coyote-7.0.26.jar:7.0.26]
	at org.apache.tomcat.util.net.JIoEndpoint$SocketProcessor.run(JIoEndpoint.java:309) [tomcat-coyote-7.0.26.jar:7.0.26]
	at java.util.concurrent.ThreadPoolExecutor.runWorker(ThreadPoolExecutor.java:1145) [na:1.7.0_71]
	at java.util.concurrent.ThreadPoolExecutor$Worker.run(ThreadPoolExecutor.java:615) [na:1.7.0_71]
	at java.lang.Thread.run(Thread.java:745) [na:1.7.0_71]
Caused by: java.lang.NumberFormatException: For input string: "service"
	at java.lang.NumberFormatException.forInputString(NumberFormatException.java:65) ~[na:1.7.0_71]
	at java.lang.Long.parseLong(Long.java:441) ~[na:1.7.0_71]
	at java.lang.Long.valueOf(Long.java:540) ~[na:1.7.0_71]
	at org.springframework.util.NumberUtils.parseNumber(NumberUtils.java:174) ~[spring-core-4.0.6.RELEASE.jar:4.0.6.RELEASE]
	at org.springframework.beans.propertyeditors.CustomNumberEditor.setAsText(CustomNumberEditor.java:113) ~[spring-beans-4.0.6.RELEASE.jar:4.0.6.RELEASE]
	at org.springframework.beans.TypeConverterDelegate.doConvertTextValue(TypeConverterDelegate.java:430) ~[spring-beans-4.0.6.RELEASE.jar:4.0.6.RELEASE]
	at org.springframework.beans.TypeConverterDelegate.doConvertValue(TypeConverterDelegate.java:403) ~[spring-beans-4.0.6.RELEASE.jar:4.0.6.RELEASE]
	at org.springframework.beans.TypeConverterDelegate.convertIfNecessary(TypeConverterDelegate.java:181) ~[spring-beans-4.0.6.RELEASE.jar:4.0.6.RELEASE]
	at org.springframework.beans.TypeConverterDelegate.convertIfNecessary(TypeConverterDelegate.java:93) ~[spring-beans-4.0.6.RELEASE.jar:4.0.6.RELEASE]
	at org.springframework.beans.TypeConverterSupport.doConvert(TypeConverterSupport.java:64) ~[spring-beans-4.0.6.RELEASE.jar:4.0.6.RELEASE]
	... 41 common frames omitted
2015-06-12 14:33:15.106 [http-bio-8080-exec-7] [ERROR] com.datayes.paas.usermaster.util.CommonHandler - Invalid parameter
org.springframework.beans.TypeMismatchException: Failed to convert value of type 'java.lang.String' to required type 'long'; nested exception is java.lang.NumberFormatException: For input string: "service"
	at org.springframework.beans.TypeConverterSupport.doConvert(TypeConverterSupport.java:77) ~[spring-beans-4.0.6.RELEASE.jar:4.0.6.RELEASE]
	at org.springframework.beans.TypeConverterSupport.convertIfNecessary(TypeConverterSupport.java:47) ~[spring-beans-4.0.6.RELEASE.jar:4.0.6.RELEASE]
	at org.springframework.validation.DataBinder.convertIfNecessary(DataBinder.java:582) ~[spring-context-4.0.6.RELEASE.jar:4.0.6.RELEASE]
	at org.springframework.web.method.annotation.AbstractNamedValueMethodArgumentResolver.resolveArgument(AbstractNamedValueMethodArgumentResolver.java:105) ~[spring-web-4.0.6.RELEASE.jar:4.0.6.RELEASE]
	at org.springframework.web.method.support.HandlerMethodArgumentResolverComposite.resolveArgument(HandlerMethodArgumentResolverComposite.java:79) ~[spring-web-4.0.6.RELEASE.jar:4.0.6.RELEASE]
	at org.springframework.web.method.support.InvocableHandlerMethod.getMethodArgumentValues(InvocableHandlerMethod.java:157) ~[spring-web-4.0.6.RELEASE.jar:4.0.6.RELEASE]
	at org.springframework.web.method.support.InvocableHandlerMethod.invokeForRequest(InvocableHandlerMethod.java:124) ~[spring-web-4.0.6.RELEASE.jar:4.0.6.RELEASE]
	at org.springframework.web.servlet.mvc.method.annotation.ServletInvocableHandlerMethod.invokeAndHandle(ServletInvocableHandlerMethod.java:104) ~[spring-webmvc-4.0.6.RELEASE.jar:4.0.6.RELEASE]
	at org.springframework.web.servlet.mvc.method.annotation.RequestMappingHandlerAdapter.invokeHandleMethod(RequestMappingHandlerAdapter.java:749) ~[spring-webmvc-4.0.6.RELEASE.jar:4.0.6.RELEASE]
	at org.springframework.web.servlet.mvc.method.annotation.RequestMappingHandlerAdapter.handleInternal(RequestMappingHandlerAdapter.java:689) ~[spring-webmvc-4.0.6.RELEASE.jar:4.0.6.RELEASE]
	at org.springframework.web.servlet.mvc.method.AbstractHandlerMethodAdapter.handle(AbstractHandlerMethodAdapter.java:83) ~[spring-webmvc-4.0.6.RELEASE.jar:4.0.6.RELEASE]
	at org.springframework.web.servlet.DispatcherServlet.doDispatch(DispatcherServlet.java:938) ~[spring-webmvc-4.0.6.RELEASE.jar:4.0.6.RELEASE]
	at org.springframework.web.servlet.DispatcherServlet.doService(DispatcherServlet.java:870) ~[spring-webmvc-4.0.6.RELEASE.jar:4.0.6.RELEASE]
	at org.springframework.web.servlet.FrameworkServlet.processRequest(FrameworkServlet.java:961) [spring-webmvc-4.0.6.RELEASE.jar:4.0.6.RELEASE]
	at org.springframework.web.servlet.FrameworkServlet.doGet(FrameworkServlet.java:852) [spring-webmvc-4.0.6.RELEASE.jar:4.0.6.RELEASE]
	at javax.servlet.http.HttpServlet.service(HttpServlet.java:621) [tomcat-servlet-api-3.0.jar:na]
	at org.springframework.web.servlet.FrameworkServlet.service(FrameworkServlet.java:837) [spring-webmvc-4.0.6.RELEASE.jar:4.0.6.RELEASE]
	at javax.servlet.http.HttpServlet.service(HttpServlet.java:722) [tomcat-servlet-api-3.0.jar:na]
	at org.apache.catalina.core.ApplicationFilterChain.internalDoFilter(ApplicationFilterChain.java:305) [tomcat-catalina-7.0.26.jar:7.0.26]
	at org.apache.catalina.core.ApplicationFilterChain.doFilter(ApplicationFilterChain.java:210) [tomcat-catalina-7.0.26.jar:7.0.26]
	at org.springframework.web.filter.CharacterEncodingFilter.doFilterInternal(CharacterEncodingFilter.java:88) [spring-web-4.0.6.RELEASE.jar:4.0.6.RELEASE]
	at org.springframework.web.filter.OncePerRequestFilter.doFilter(OncePerRequestFilter.java:107) [spring-web-4.0.6.RELEASE.jar:4.0.6.RELEASE]
	at org.apache.catalina.core.ApplicationFilterChain.internalDoFilter(ApplicationFilterChain.java:243) [tomcat-catalina-7.0.26.jar:7.0.26]
	at org.apache.catalina.core.ApplicationFilterChain.doFilter(ApplicationFilterChain.java:210) [tomcat-catalina-7.0.26.jar:7.0.26]
	at com.thetransactioncompany.cors.CORSFilter.doFilter(CORSFilter.java:158) [cors-filter-1.9.2.jar:1.9.2]
	at com.thetransactioncompany.cors.CORSFilter.doFilter(CORSFilter.java:232) [cors-filter-1.9.2.jar:1.9.2]
	at org.apache.catalina.core.ApplicationFilterChain.internalDoFilter(ApplicationFilterChain.java:243) [tomcat-catalina-7.0.26.jar:7.0.26]
	at org.apache.catalina.core.ApplicationFilterChain.doFilter(ApplicationFilterChain.java:210) [tomcat-catalina-7.0.26.jar:7.0.26]
	at org.apache.catalina.core.StandardWrapperValve.invoke(StandardWrapperValve.java:224) [tomcat-catalina-7.0.26.jar:7.0.26]
	at org.apache.catalina.core.StandardContextValve.invoke(StandardContextValve.java:169) [tomcat-catalina-7.0.26.jar:7.0.26]
	at org.apache.catalina.authenticator.AuthenticatorBase.invoke(AuthenticatorBase.java:472) [tomcat-catalina-7.0.26.jar:7.0.26]
	at org.apache.catalina.core.StandardHostValve.invoke(StandardHostValve.java:168) [tomcat-catalina-7.0.26.jar:7.0.26]
	at org.apache.catalina.valves.ErrorReportValve.invoke(ErrorReportValve.java:98) [tomcat-catalina-7.0.26.jar:7.0.26]
	at org.apache.catalina.valves.AccessLogValve.invoke(AccessLogValve.java:927) [tomcat-catalina-7.0.26.jar:7.0.26]
	at org.apache.catalina.core.StandardEngineValve.invoke(StandardEngineValve.java:118) [tomcat-catalina-7.0.26.jar:7.0.26]
	at org.apache.catalina.connector.CoyoteAdapter.service(CoyoteAdapter.java:407) [tomcat-catalina-7.0.26.jar:7.0.26]
	at org.apache.coyote.http11.AbstractHttp11Processor.process(AbstractHttp11Processor.java:987) [tomcat-coyote-7.0.26.jar:7.0.26]
	at org.apache.coyote.AbstractProtocol$AbstractConnectionHandler.process(AbstractProtocol.java:579) [tomcat-coyote-7.0.26.jar:7.0.26]
	at org.apache.tomcat.util.net.JIoEndpoint$SocketProcessor.run(JIoEndpoint.java:309) [tomcat-coyote-7.0.26.jar:7.0.26]
	at java.util.concurrent.ThreadPoolExecutor.runWorker(ThreadPoolExecutor.java:1145) [na:1.7.0_71]
	at java.util.concurrent.ThreadPoolExecutor$Worker.run(ThreadPoolExecutor.java:615) [na:1.7.0_71]
	at java.lang.Thread.run(Thread.java:745) [na:1.7.0_71]
Caused by: java.lang.NumberFormatException: For input string: "service"
	at java.lang.NumberFormatException.forInputString(NumberFormatException.java:65) ~[na:1.7.0_71]
	at java.lang.Long.parseLong(Long.java:441) ~[na:1.7.0_71]
	at java.lang.Long.valueOf(Long.java:540) ~[na:1.7.0_71]
	at org.springframework.util.NumberUtils.parseNumber(NumberUtils.java:174) ~[spring-core-4.0.6.RELEASE.jar:4.0.6.RELEASE]
	at org.springframework.beans.propertyeditors.CustomNumberEditor.setAsText(CustomNumberEditor.java:113) ~[spring-beans-4.0.6.RELEASE.jar:4.0.6.RELEASE]
	at org.springframework.beans.TypeConverterDelegate.doConvertTextValue(TypeConverterDelegate.java:430) ~[spring-beans-4.0.6.RELEASE.jar:4.0.6.RELEASE]
	at org.springframework.beans.TypeConverterDelegate.doConvertValue(TypeConverterDelegate.java:403) ~[spring-beans-4.0.6.RELEASE.jar:4.0.6.RELEASE]
	at org.springframework.beans.TypeConverterDelegate.convertIfNecessary(TypeConverterDelegate.java:181) ~[spring-beans-4.0.6.RELEASE.jar:4.0.6.RELEASE]
	at org.springframework.beans.TypeConverterDelegate.convertIfNecessary(TypeConverterDelegate.java:93) ~[spring-beans-4.0.6.RELEASE.jar:4.0.6.RELEASE]
	at org.springframework.beans.TypeConverterSupport.doConvert(TypeConverterSupport.java:64) ~[spring-beans-4.0.6.RELEASE.jar:4.0.6.RELEASE]
	... 41 common frames omitted
2015-06-12 14:34:39.129 [http-bio-8080-exec-6] [ERROR] com.datayes.paas.usermaster.util.CommonHandler - Invalid parameter
org.springframework.beans.TypeMismatchException: Failed to convert value of type 'java.lang.String' to required type 'long'; nested exception is java.lang.NumberFormatException: For input string: "service"
	at org.springframework.beans.TypeConverterSupport.doConvert(TypeConverterSupport.java:77) ~[spring-beans-4.0.6.RELEASE.jar:4.0.6.RELEASE]
	at org.springframework.beans.TypeConverterSupport.convertIfNecessary(TypeConverterSupport.java:47) ~[spring-beans-4.0.6.RELEASE.jar:4.0.6.RELEASE]
	at org.springframework.validation.DataBinder.convertIfNecessary(DataBinder.java:582) ~[spring-context-4.0.6.RELEASE.jar:4.0.6.RELEASE]
	at org.springframework.web.method.annotation.AbstractNamedValueMethodArgumentResolver.resolveArgument(AbstractNamedValueMethodArgumentResolver.java:105) ~[spring-web-4.0.6.RELEASE.jar:4.0.6.RELEASE]
	at org.springframework.web.method.support.HandlerMethodArgumentResolverComposite.resolveArgument(HandlerMethodArgumentResolverComposite.java:79) ~[spring-web-4.0.6.RELEASE.jar:4.0.6.RELEASE]
	at org.springframework.web.method.support.InvocableHandlerMethod.getMethodArgumentValues(InvocableHandlerMethod.java:157) ~[spring-web-4.0.6.RELEASE.jar:4.0.6.RELEASE]
	at org.springframework.web.method.support.InvocableHandlerMethod.invokeForRequest(InvocableHandlerMethod.java:124) ~[spring-web-4.0.6.RELEASE.jar:4.0.6.RELEASE]
	at org.springframework.web.servlet.mvc.method.annotation.ServletInvocableHandlerMethod.invokeAndHandle(ServletInvocableHandlerMethod.java:104) ~[spring-webmvc-4.0.6.RELEASE.jar:4.0.6.RELEASE]
	at org.springframework.web.servlet.mvc.method.annotation.RequestMappingHandlerAdapter.invokeHandleMethod(RequestMappingHandlerAdapter.java:749) ~[spring-webmvc-4.0.6.RELEASE.jar:4.0.6.RELEASE]
	at org.springframework.web.servlet.mvc.method.annotation.RequestMappingHandlerAdapter.handleInternal(RequestMappingHandlerAdapter.java:689) ~[spring-webmvc-4.0.6.RELEASE.jar:4.0.6.RELEASE]
	at org.springframework.web.servlet.mvc.method.AbstractHandlerMethodAdapter.handle(AbstractHandlerMethodAdapter.java:83) ~[spring-webmvc-4.0.6.RELEASE.jar:4.0.6.RELEASE]
	at org.springframework.web.servlet.DispatcherServlet.doDispatch(DispatcherServlet.java:938) ~[spring-webmvc-4.0.6.RELEASE.jar:4.0.6.RELEASE]
	at org.springframework.web.servlet.DispatcherServlet.doService(DispatcherServlet.java:870) ~[spring-webmvc-4.0.6.RELEASE.jar:4.0.6.RELEASE]
	at org.springframework.web.servlet.FrameworkServlet.processRequest(FrameworkServlet.java:961) [spring-webmvc-4.0.6.RELEASE.jar:4.0.6.RELEASE]
	at org.springframework.web.servlet.FrameworkServlet.doGet(FrameworkServlet.java:852) [spring-webmvc-4.0.6.RELEASE.jar:4.0.6.RELEASE]
	at javax.servlet.http.HttpServlet.service(HttpServlet.java:621) [tomcat-servlet-api-3.0.jar:na]
	at org.springframework.web.servlet.FrameworkServlet.service(FrameworkServlet.java:837) [spring-webmvc-4.0.6.RELEASE.jar:4.0.6.RELEASE]
	at javax.servlet.http.HttpServlet.service(HttpServlet.java:722) [tomcat-servlet-api-3.0.jar:na]
	at org.apache.catalina.core.ApplicationFilterChain.internalDoFilter(ApplicationFilterChain.java:305) [tomcat-catalina-7.0.26.jar:7.0.26]
	at org.apache.catalina.core.ApplicationFilterChain.doFilter(ApplicationFilterChain.java:210) [tomcat-catalina-7.0.26.jar:7.0.26]
	at org.springframework.web.filter.CharacterEncodingFilter.doFilterInternal(CharacterEncodingFilter.java:88) [spring-web-4.0.6.RELEASE.jar:4.0.6.RELEASE]
	at org.springframework.web.filter.OncePerRequestFilter.doFilter(OncePerRequestFilter.java:107) [spring-web-4.0.6.RELEASE.jar:4.0.6.RELEASE]
	at org.apache.catalina.core.ApplicationFilterChain.internalDoFilter(ApplicationFilterChain.java:243) [tomcat-catalina-7.0.26.jar:7.0.26]
	at org.apache.catalina.core.ApplicationFilterChain.doFilter(ApplicationFilterChain.java:210) [tomcat-catalina-7.0.26.jar:7.0.26]
	at com.thetransactioncompany.cors.CORSFilter.doFilter(CORSFilter.java:158) [cors-filter-1.9.2.jar:1.9.2]
	at com.thetransactioncompany.cors.CORSFilter.doFilter(CORSFilter.java:232) [cors-filter-1.9.2.jar:1.9.2]
	at org.apache.catalina.core.ApplicationFilterChain.internalDoFilter(ApplicationFilterChain.java:243) [tomcat-catalina-7.0.26.jar:7.0.26]
	at org.apache.catalina.core.ApplicationFilterChain.doFilter(ApplicationFilterChain.java:210) [tomcat-catalina-7.0.26.jar:7.0.26]
	at org.apache.catalina.core.StandardWrapperValve.invoke(StandardWrapperValve.java:224) [tomcat-catalina-7.0.26.jar:7.0.26]
	at org.apache.catalina.core.StandardContextValve.invoke(StandardContextValve.java:169) [tomcat-catalina-7.0.26.jar:7.0.26]
	at org.apache.catalina.authenticator.AuthenticatorBase.invoke(AuthenticatorBase.java:472) [tomcat-catalina-7.0.26.jar:7.0.26]
	at org.apache.catalina.core.StandardHostValve.invoke(StandardHostValve.java:168) [tomcat-catalina-7.0.26.jar:7.0.26]
	at org.apache.catalina.valves.ErrorReportValve.invoke(ErrorReportValve.java:98) [tomcat-catalina-7.0.26.jar:7.0.26]
	at org.apache.catalina.valves.AccessLogValve.invoke(AccessLogValve.java:927) [tomcat-catalina-7.0.26.jar:7.0.26]
	at org.apache.catalina.core.StandardEngineValve.invoke(StandardEngineValve.java:118) [tomcat-catalina-7.0.26.jar:7.0.26]
	at org.apache.catalina.connector.CoyoteAdapter.service(CoyoteAdapter.java:407) [tomcat-catalina-7.0.26.jar:7.0.26]
	at org.apache.coyote.http11.AbstractHttp11Processor.process(AbstractHttp11Processor.java:987) [tomcat-coyote-7.0.26.jar:7.0.26]
	at org.apache.coyote.AbstractProtocol$AbstractConnectionHandler.process(AbstractProtocol.java:579) [tomcat-coyote-7.0.26.jar:7.0.26]
	at org.apache.tomcat.util.net.JIoEndpoint$SocketProcessor.run(JIoEndpoint.java:309) [tomcat-coyote-7.0.26.jar:7.0.26]
	at java.util.concurrent.ThreadPoolExecutor.runWorker(ThreadPoolExecutor.java:1145) [na:1.7.0_71]
	at java.util.concurrent.ThreadPoolExecutor$Worker.run(ThreadPoolExecutor.java:615) [na:1.7.0_71]
	at java.lang.Thread.run(Thread.java:745) [na:1.7.0_71]
Caused by: java.lang.NumberFormatException: For input string: "service"
	at java.lang.NumberFormatException.forInputString(NumberFormatException.java:65) ~[na:1.7.0_71]
	at java.lang.Long.parseLong(Long.java:441) ~[na:1.7.0_71]
	at java.lang.Long.valueOf(Long.java:540) ~[na:1.7.0_71]
	at org.springframework.util.NumberUtils.parseNumber(NumberUtils.java:174) ~[spring-core-4.0.6.RELEASE.jar:4.0.6.RELEASE]
	at org.springframework.beans.propertyeditors.CustomNumberEditor.setAsText(CustomNumberEditor.java:113) ~[spring-beans-4.0.6.RELEASE.jar:4.0.6.RELEASE]
	at org.springframework.beans.TypeConverterDelegate.doConvertTextValue(TypeConverterDelegate.java:430) ~[spring-beans-4.0.6.RELEASE.jar:4.0.6.RELEASE]
	at org.springframework.beans.TypeConverterDelegate.doConvertValue(TypeConverterDelegate.java:403) ~[spring-beans-4.0.6.RELEASE.jar:4.0.6.RELEASE]
	at org.springframework.beans.TypeConverterDelegate.convertIfNecessary(TypeConverterDelegate.java:181) ~[spring-beans-4.0.6.RELEASE.jar:4.0.6.RELEASE]
	at org.springframework.beans.TypeConverterDelegate.convertIfNecessary(TypeConverterDelegate.java:93) ~[spring-beans-4.0.6.RELEASE.jar:4.0.6.RELEASE]
	at org.springframework.beans.TypeConverterSupport.doConvert(TypeConverterSupport.java:64) ~[spring-beans-4.0.6.RELEASE.jar:4.0.6.RELEASE]
	... 41 common frames omitted
2015-06-12 15:26:26.302 [http-bio-8080-exec-5] [ERROR] com.datayes.paas.usermaster.util.CommonHandler - Invalid parameter
org.springframework.beans.TypeMismatchException: Failed to convert value of type 'java.lang.String' to required type 'long'; nested exception is java.lang.NumberFormatException: For input string: "service"
	at org.springframework.beans.TypeConverterSupport.doConvert(TypeConverterSupport.java:77) ~[spring-beans-4.0.6.RELEASE.jar:4.0.6.RELEASE]
	at org.springframework.beans.TypeConverterSupport.convertIfNecessary(TypeConverterSupport.java:47) ~[spring-beans-4.0.6.RELEASE.jar:4.0.6.RELEASE]
	at org.springframework.validation.DataBinder.convertIfNecessary(DataBinder.java:582) ~[spring-context-4.0.6.RELEASE.jar:4.0.6.RELEASE]
	at org.springframework.web.method.annotation.AbstractNamedValueMethodArgumentResolver.resolveArgument(AbstractNamedValueMethodArgumentResolver.java:105) ~[spring-web-4.0.6.RELEASE.jar:4.0.6.RELEASE]
	at org.springframework.web.method.support.HandlerMethodArgumentResolverComposite.resolveArgument(HandlerMethodArgumentResolverComposite.java:79) ~[spring-web-4.0.6.RELEASE.jar:4.0.6.RELEASE]
	at org.springframework.web.method.support.InvocableHandlerMethod.getMethodArgumentValues(InvocableHandlerMethod.java:157) ~[spring-web-4.0.6.RELEASE.jar:4.0.6.RELEASE]
	at org.springframework.web.method.support.InvocableHandlerMethod.invokeForRequest(InvocableHandlerMethod.java:124) ~[spring-web-4.0.6.RELEASE.jar:4.0.6.RELEASE]
	at org.springframework.web.servlet.mvc.method.annotation.ServletInvocableHandlerMethod.invokeAndHandle(ServletInvocableHandlerMethod.java:104) ~[spring-webmvc-4.0.6.RELEASE.jar:4.0.6.RELEASE]
	at org.springframework.web.servlet.mvc.method.annotation.RequestMappingHandlerAdapter.invokeHandleMethod(RequestMappingHandlerAdapter.java:749) ~[spring-webmvc-4.0.6.RELEASE.jar:4.0.6.RELEASE]
	at org.springframework.web.servlet.mvc.method.annotation.RequestMappingHandlerAdapter.handleInternal(RequestMappingHandlerAdapter.java:689) ~[spring-webmvc-4.0.6.RELEASE.jar:4.0.6.RELEASE]
	at org.springframework.web.servlet.mvc.method.AbstractHandlerMethodAdapter.handle(AbstractHandlerMethodAdapter.java:83) ~[spring-webmvc-4.0.6.RELEASE.jar:4.0.6.RELEASE]
	at org.springframework.web.servlet.DispatcherServlet.doDispatch(DispatcherServlet.java:938) ~[spring-webmvc-4.0.6.RELEASE.jar:4.0.6.RELEASE]
	at org.springframework.web.servlet.DispatcherServlet.doService(DispatcherServlet.java:870) ~[spring-webmvc-4.0.6.RELEASE.jar:4.0.6.RELEASE]
	at org.springframework.web.servlet.FrameworkServlet.processRequest(FrameworkServlet.java:961) [spring-webmvc-4.0.6.RELEASE.jar:4.0.6.RELEASE]
	at org.springframework.web.servlet.FrameworkServlet.doGet(FrameworkServlet.java:852) [spring-webmvc-4.0.6.RELEASE.jar:4.0.6.RELEASE]
	at javax.servlet.http.HttpServlet.service(HttpServlet.java:621) [tomcat-servlet-api-3.0.jar:na]
	at org.springframework.web.servlet.FrameworkServlet.service(FrameworkServlet.java:837) [spring-webmvc-4.0.6.RELEASE.jar:4.0.6.RELEASE]
	at javax.servlet.http.HttpServlet.service(HttpServlet.java:722) [tomcat-servlet-api-3.0.jar:na]
	at org.apache.catalina.core.ApplicationFilterChain.internalDoFilter(ApplicationFilterChain.java:305) [tomcat-catalina-7.0.26.jar:7.0.26]
	at org.apache.catalina.core.ApplicationFilterChain.doFilter(ApplicationFilterChain.java:210) [tomcat-catalina-7.0.26.jar:7.0.26]
	at org.springframework.web.filter.CharacterEncodingFilter.doFilterInternal(CharacterEncodingFilter.java:88) [spring-web-4.0.6.RELEASE.jar:4.0.6.RELEASE]
	at org.springframework.web.filter.OncePerRequestFilter.doFilter(OncePerRequestFilter.java:107) [spring-web-4.0.6.RELEASE.jar:4.0.6.RELEASE]
	at org.apache.catalina.core.ApplicationFilterChain.internalDoFilter(ApplicationFilterChain.java:243) [tomcat-catalina-7.0.26.jar:7.0.26]
	at org.apache.catalina.core.ApplicationFilterChain.doFilter(ApplicationFilterChain.java:210) [tomcat-catalina-7.0.26.jar:7.0.26]
	at com.thetransactioncompany.cors.CORSFilter.doFilter(CORSFilter.java:158) [cors-filter-1.9.2.jar:1.9.2]
	at com.thetransactioncompany.cors.CORSFilter.doFilter(CORSFilter.java:232) [cors-filter-1.9.2.jar:1.9.2]
	at org.apache.catalina.core.ApplicationFilterChain.internalDoFilter(ApplicationFilterChain.java:243) [tomcat-catalina-7.0.26.jar:7.0.26]
	at org.apache.catalina.core.ApplicationFilterChain.doFilter(ApplicationFilterChain.java:210) [tomcat-catalina-7.0.26.jar:7.0.26]
	at org.apache.catalina.core.StandardWrapperValve.invoke(StandardWrapperValve.java:224) [tomcat-catalina-7.0.26.jar:7.0.26]
	at org.apache.catalina.core.StandardContextValve.invoke(StandardContextValve.java:169) [tomcat-catalina-7.0.26.jar:7.0.26]
	at org.apache.catalina.authenticator.AuthenticatorBase.invoke(AuthenticatorBase.java:472) [tomcat-catalina-7.0.26.jar:7.0.26]
	at org.apache.catalina.core.StandardHostValve.invoke(StandardHostValve.java:168) [tomcat-catalina-7.0.26.jar:7.0.26]
	at org.apache.catalina.valves.ErrorReportValve.invoke(ErrorReportValve.java:98) [tomcat-catalina-7.0.26.jar:7.0.26]
	at org.apache.catalina.valves.AccessLogValve.invoke(AccessLogValve.java:927) [tomcat-catalina-7.0.26.jar:7.0.26]
	at org.apache.catalina.core.StandardEngineValve.invoke(StandardEngineValve.java:118) [tomcat-catalina-7.0.26.jar:7.0.26]
	at org.apache.catalina.connector.CoyoteAdapter.service(CoyoteAdapter.java:407) [tomcat-catalina-7.0.26.jar:7.0.26]
	at org.apache.coyote.http11.AbstractHttp11Processor.process(AbstractHttp11Processor.java:987) [tomcat-coyote-7.0.26.jar:7.0.26]
	at org.apache.coyote.AbstractProtocol$AbstractConnectionHandler.process(AbstractProtocol.java:579) [tomcat-coyote-7.0.26.jar:7.0.26]
	at org.apache.tomcat.util.net.JIoEndpoint$SocketProcessor.run(JIoEndpoint.java:309) [tomcat-coyote-7.0.26.jar:7.0.26]
	at java.util.concurrent.ThreadPoolExecutor.runWorker(ThreadPoolExecutor.java:1145) [na:1.7.0_71]
	at java.util.concurrent.ThreadPoolExecutor$Worker.run(ThreadPoolExecutor.java:615) [na:1.7.0_71]
	at java.lang.Thread.run(Thread.java:745) [na:1.7.0_71]
Caused by: java.lang.NumberFormatException: For input string: "service"
	at java.lang.NumberFormatException.forInputString(NumberFormatException.java:65) ~[na:1.7.0_71]
	at java.lang.Long.parseLong(Long.java:441) ~[na:1.7.0_71]
	at java.lang.Long.valueOf(Long.java:540) ~[na:1.7.0_71]
	at org.springframework.util.NumberUtils.parseNumber(NumberUtils.java:174) ~[spring-core-4.0.6.RELEASE.jar:4.0.6.RELEASE]
	at org.springframework.beans.propertyeditors.CustomNumberEditor.setAsText(CustomNumberEditor.java:113) ~[spring-beans-4.0.6.RELEASE.jar:4.0.6.RELEASE]
	at org.springframework.beans.TypeConverterDelegate.doConvertTextValue(TypeConverterDelegate.java:430) ~[spring-beans-4.0.6.RELEASE.jar:4.0.6.RELEASE]
	at org.springframework.beans.TypeConverterDelegate.doConvertValue(TypeConverterDelegate.java:403) ~[spring-beans-4.0.6.RELEASE.jar:4.0.6.RELEASE]
	at org.springframework.beans.TypeConverterDelegate.convertIfNecessary(TypeConverterDelegate.java:181) ~[spring-beans-4.0.6.RELEASE.jar:4.0.6.RELEASE]
	at org.springframework.beans.TypeConverterDelegate.convertIfNecessary(TypeConverterDelegate.java:93) ~[spring-beans-4.0.6.RELEASE.jar:4.0.6.RELEASE]
	at org.springframework.beans.TypeConverterSupport.doConvert(TypeConverterSupport.java:64) ~[spring-beans-4.0.6.RELEASE.jar:4.0.6.RELEASE]
	... 41 common frames omitted
2015-06-12 15:26:48.475 [http-bio-8080-exec-2] [ERROR] com.datayes.paas.usermaster.util.CommonHandler - Invalid parameter
org.springframework.beans.TypeMismatchException: Failed to convert value of type 'java.lang.String' to required type 'long'; nested exception is java.lang.NumberFormatException: For input string: "service"
	at org.springframework.beans.TypeConverterSupport.doConvert(TypeConverterSupport.java:77) ~[spring-beans-4.0.6.RELEASE.jar:4.0.6.RELEASE]
	at org.springframework.beans.TypeConverterSupport.convertIfNecessary(TypeConverterSupport.java:47) ~[spring-beans-4.0.6.RELEASE.jar:4.0.6.RELEASE]
	at org.springframework.validation.DataBinder.convertIfNecessary(DataBinder.java:582) ~[spring-context-4.0.6.RELEASE.jar:4.0.6.RELEASE]
	at org.springframework.web.method.annotation.AbstractNamedValueMethodArgumentResolver.resolveArgument(AbstractNamedValueMethodArgumentResolver.java:105) ~[spring-web-4.0.6.RELEASE.jar:4.0.6.RELEASE]
	at org.springframework.web.method.support.HandlerMethodArgumentResolverComposite.resolveArgument(HandlerMethodArgumentResolverComposite.java:79) ~[spring-web-4.0.6.RELEASE.jar:4.0.6.RELEASE]
	at org.springframework.web.method.support.InvocableHandlerMethod.getMethodArgumentValues(InvocableHandlerMethod.java:157) ~[spring-web-4.0.6.RELEASE.jar:4.0.6.RELEASE]
	at org.springframework.web.method.support.InvocableHandlerMethod.invokeForRequest(InvocableHandlerMethod.java:124) ~[spring-web-4.0.6.RELEASE.jar:4.0.6.RELEASE]
	at org.springframework.web.servlet.mvc.method.annotation.ServletInvocableHandlerMethod.invokeAndHandle(ServletInvocableHandlerMethod.java:104) ~[spring-webmvc-4.0.6.RELEASE.jar:4.0.6.RELEASE]
	at org.springframework.web.servlet.mvc.method.annotation.RequestMappingHandlerAdapter.invokeHandleMethod(RequestMappingHandlerAdapter.java:749) ~[spring-webmvc-4.0.6.RELEASE.jar:4.0.6.RELEASE]
	at org.springframework.web.servlet.mvc.method.annotation.RequestMappingHandlerAdapter.handleInternal(RequestMappingHandlerAdapter.java:689) ~[spring-webmvc-4.0.6.RELEASE.jar:4.0.6.RELEASE]
	at org.springframework.web.servlet.mvc.method.AbstractHandlerMethodAdapter.handle(AbstractHandlerMethodAdapter.java:83) ~[spring-webmvc-4.0.6.RELEASE.jar:4.0.6.RELEASE]
	at org.springframework.web.servlet.DispatcherServlet.doDispatch(DispatcherServlet.java:938) ~[spring-webmvc-4.0.6.RELEASE.jar:4.0.6.RELEASE]
	at org.springframework.web.servlet.DispatcherServlet.doService(DispatcherServlet.java:870) ~[spring-webmvc-4.0.6.RELEASE.jar:4.0.6.RELEASE]
	at org.springframework.web.servlet.FrameworkServlet.processRequest(FrameworkServlet.java:961) [spring-webmvc-4.0.6.RELEASE.jar:4.0.6.RELEASE]
	at org.springframework.web.servlet.FrameworkServlet.doGet(FrameworkServlet.java:852) [spring-webmvc-4.0.6.RELEASE.jar:4.0.6.RELEASE]
	at javax.servlet.http.HttpServlet.service(HttpServlet.java:621) [tomcat-servlet-api-3.0.jar:na]
	at org.springframework.web.servlet.FrameworkServlet.service(FrameworkServlet.java:837) [spring-webmvc-4.0.6.RELEASE.jar:4.0.6.RELEASE]
	at javax.servlet.http.HttpServlet.service(HttpServlet.java:722) [tomcat-servlet-api-3.0.jar:na]
	at org.apache.catalina.core.ApplicationFilterChain.internalDoFilter(ApplicationFilterChain.java:305) [tomcat-catalina-7.0.26.jar:7.0.26]
	at org.apache.catalina.core.ApplicationFilterChain.doFilter(ApplicationFilterChain.java:210) [tomcat-catalina-7.0.26.jar:7.0.26]
	at org.springframework.web.filter.CharacterEncodingFilter.doFilterInternal(CharacterEncodingFilter.java:88) [spring-web-4.0.6.RELEASE.jar:4.0.6.RELEASE]
	at org.springframework.web.filter.OncePerRequestFilter.doFilter(OncePerRequestFilter.java:107) [spring-web-4.0.6.RELEASE.jar:4.0.6.RELEASE]
	at org.apache.catalina.core.ApplicationFilterChain.internalDoFilter(ApplicationFilterChain.java:243) [tomcat-catalina-7.0.26.jar:7.0.26]
	at org.apache.catalina.core.ApplicationFilterChain.doFilter(ApplicationFilterChain.java:210) [tomcat-catalina-7.0.26.jar:7.0.26]
	at com.thetransactioncompany.cors.CORSFilter.doFilter(CORSFilter.java:158) [cors-filter-1.9.2.jar:1.9.2]
	at com.thetransactioncompany.cors.CORSFilter.doFilter(CORSFilter.java:232) [cors-filter-1.9.2.jar:1.9.2]
	at org.apache.catalina.core.ApplicationFilterChain.internalDoFilter(ApplicationFilterChain.java:243) [tomcat-catalina-7.0.26.jar:7.0.26]
	at org.apache.catalina.core.ApplicationFilterChain.doFilter(ApplicationFilterChain.java:210) [tomcat-catalina-7.0.26.jar:7.0.26]
	at org.apache.catalina.core.StandardWrapperValve.invoke(StandardWrapperValve.java:224) [tomcat-catalina-7.0.26.jar:7.0.26]
	at org.apache.catalina.core.StandardContextValve.invoke(StandardContextValve.java:169) [tomcat-catalina-7.0.26.jar:7.0.26]
	at org.apache.catalina.authenticator.AuthenticatorBase.invoke(AuthenticatorBase.java:472) [tomcat-catalina-7.0.26.jar:7.0.26]
	at org.apache.catalina.core.StandardHostValve.invoke(StandardHostValve.java:168) [tomcat-catalina-7.0.26.jar:7.0.26]
	at org.apache.catalina.valves.ErrorReportValve.invoke(ErrorReportValve.java:98) [tomcat-catalina-7.0.26.jar:7.0.26]
	at org.apache.catalina.valves.AccessLogValve.invoke(AccessLogValve.java:927) [tomcat-catalina-7.0.26.jar:7.0.26]
	at org.apache.catalina.core.StandardEngineValve.invoke(StandardEngineValve.java:118) [tomcat-catalina-7.0.26.jar:7.0.26]
	at org.apache.catalina.connector.CoyoteAdapter.service(CoyoteAdapter.java:407) [tomcat-catalina-7.0.26.jar:7.0.26]
	at org.apache.coyote.http11.AbstractHttp11Processor.process(AbstractHttp11Processor.java:987) [tomcat-coyote-7.0.26.jar:7.0.26]
	at org.apache.coyote.AbstractProtocol$AbstractConnectionHandler.process(AbstractProtocol.java:579) [tomcat-coyote-7.0.26.jar:7.0.26]
	at org.apache.tomcat.util.net.JIoEndpoint$SocketProcessor.run(JIoEndpoint.java:309) [tomcat-coyote-7.0.26.jar:7.0.26]
	at java.util.concurrent.ThreadPoolExecutor.runWorker(ThreadPoolExecutor.java:1145) [na:1.7.0_71]
	at java.util.concurrent.ThreadPoolExecutor$Worker.run(ThreadPoolExecutor.java:615) [na:1.7.0_71]
	at java.lang.Thread.run(Thread.java:745) [na:1.7.0_71]
Caused by: java.lang.NumberFormatException: For input string: "service"
	at java.lang.NumberFormatException.forInputString(NumberFormatException.java:65) ~[na:1.7.0_71]
	at java.lang.Long.parseLong(Long.java:441) ~[na:1.7.0_71]
	at java.lang.Long.valueOf(Long.java:540) ~[na:1.7.0_71]
	at org.springframework.util.NumberUtils.parseNumber(NumberUtils.java:174) ~[spring-core-4.0.6.RELEASE.jar:4.0.6.RELEASE]
	at org.springframework.beans.propertyeditors.CustomNumberEditor.setAsText(CustomNumberEditor.java:113) ~[spring-beans-4.0.6.RELEASE.jar:4.0.6.RELEASE]
	at org.springframework.beans.TypeConverterDelegate.doConvertTextValue(TypeConverterDelegate.java:430) ~[spring-beans-4.0.6.RELEASE.jar:4.0.6.RELEASE]
	at org.springframework.beans.TypeConverterDelegate.doConvertValue(TypeConverterDelegate.java:403) ~[spring-beans-4.0.6.RELEASE.jar:4.0.6.RELEASE]
	at org.springframework.beans.TypeConverterDelegate.convertIfNecessary(TypeConverterDelegate.java:181) ~[spring-beans-4.0.6.RELEASE.jar:4.0.6.RELEASE]
	at org.springframework.beans.TypeConverterDelegate.convertIfNecessary(TypeConverterDelegate.java:93) ~[spring-beans-4.0.6.RELEASE.jar:4.0.6.RELEASE]
	at org.springframework.beans.TypeConverterSupport.doConvert(TypeConverterSupport.java:64) ~[spring-beans-4.0.6.RELEASE.jar:4.0.6.RELEASE]
	... 41 common frames omitted
