2015-06-08 13:50:37.420 [http-bio-8080-exec-2] [ERROR] com.datayes.paas.usermaster.util.CommonHandler - Invalid parameter
org.springframework.beans.TypeMismatchException: Failed to convert value of type 'java.lang.String' to required type 'long'; nested exception is java.lang.NumberFormatException: For input string: "service"
	at org.springframework.beans.TypeConverterSupport.doConvert(TypeConverterSupport.java:77) ~[spring-beans-4.0.6.RELEASE.jar:4.0.6.RELEASE]
	at org.springframework.beans.TypeConverterSupport.convertIfNecessary(TypeConverterSupport.java:47) ~[spring-beans-4.0.6.RELEASE.jar:4.0.6.RELEASE]
	at org.springframework.validation.DataBinder.convertIfNecessary(DataBinder.java:582) ~[spring-context-4.0.6.RELEASE.jar:4.0.6.RELEASE]
	at org.springframework.web.method.annotation.AbstractNamedValueMethodArgumentResolver.resolveArgument(AbstractNamedValueMethodArgumentResolver.java:105) ~[spring-web-4.0.6.RELEASE.jar:4.0.6.RELEASE]
	at org.springframework.web.method.support.HandlerMethodArgumentResolverComposite.resolveArgument(HandlerMethodArgumentResolverComposite.java:79) ~[spring-web-4.0.6.RELEASE.jar:4.0.6.RELEASE]
	at org.springframework.web.method.support.InvocableHandlerMethod.getMethodArgumentValues(InvocableHandlerMethod.java:157) ~[spring-web-4.0.6.RELEASE.jar:4.0.6.RELEASE]
	at org.springframework.web.method.support.InvocableHandlerMethod.invokeForRequest(InvocableHandlerMethod.java:124) ~[spring-web-4.0.6.RELEASE.jar:4.0.6.RELEASE]
	at org.springframework.web.servlet.mvc.method.annotation.ServletInvocableHandlerMethod.invokeAndHandle(ServletInvocableHandlerMethod.java:104) ~[spring-webmvc-4.0.6.RELEASE.jar:4.0.6.RELEASE]
	at org.springframework.web.servlet.mvc.method.annotation.RequestMappingHandlerAdapter.invokeHandleMethod(RequestMappingHandlerAdapter.java:749) ~[spring-webmvc-4.0.6.RELEASE.jar:4.0.6.RELEASE]
	at org.springframework.web.servlet.mvc.method.annotation.RequestMappingHandlerAdapter.handleInternal(RequestMappingHandlerAdapter.java:689) ~[spring-webmvc-4.0.6.RELEASE.jar:4.0.6.RELEASE]
	at org.springframework.web.servlet.mvc.method.AbstractHandlerMethodAdapter.handle(AbstractHandlerMethodAdapter.java:83) ~[spring-webmvc-4.0.6.RELEASE.jar:4.0.6.RELEASE]
	at org.springframework.web.servlet.DispatcherServlet.doDispatch(DispatcherServlet.java:938) ~[spring-webmvc-4.0.6.RELEASE.jar:4.0.6.RELEASE]
	at org.springframework.web.servlet.DispatcherServlet.doService(DispatcherServlet.java:870) ~[spring-webmvc-4.0.6.RELEASE.jar:4.0.6.RELEASE]
	at org.springframework.web.servlet.FrameworkServlet.processRequest(FrameworkServlet.java:961) [spring-webmvc-4.0.6.RELEASE.jar:4.0.6.RELEASE]
	at org.springframework.web.servlet.FrameworkServlet.doGet(FrameworkServlet.java:852) [spring-webmvc-4.0.6.RELEASE.jar:4.0.6.RELEASE]
	at javax.servlet.http.HttpServlet.service(HttpServlet.java:621) [tomcat-servlet-api-3.0.jar:na]
	at org.springframework.web.servlet.FrameworkServlet.service(FrameworkServlet.java:837) [spring-webmvc-4.0.6.RELEASE.jar:4.0.6.RELEASE]
	at javax.servlet.http.HttpServlet.service(HttpServlet.java:722) [tomcat-servlet-api-3.0.jar:na]
	at org.apache.catalina.core.ApplicationFilterChain.internalDoFilter(ApplicationFilterChain.java:305) [tomcat-catalina-7.0.26.jar:7.0.26]
	at org.apache.catalina.core.ApplicationFilterChain.doFilter(ApplicationFilterChain.java:210) [tomcat-catalina-7.0.26.jar:7.0.26]
	at org.springframework.web.filter.CharacterEncodingFilter.doFilterInternal(CharacterEncodingFilter.java:88) [spring-web-4.0.6.RELEASE.jar:4.0.6.RELEASE]
	at org.springframework.web.filter.OncePerRequestFilter.doFilter(OncePerRequestFilter.java:107) [spring-web-4.0.6.RELEASE.jar:4.0.6.RELEASE]
	at org.apache.catalina.core.ApplicationFilterChain.internalDoFilter(ApplicationFilterChain.java:243) [tomcat-catalina-7.0.26.jar:7.0.26]
	at org.apache.catalina.core.ApplicationFilterChain.doFilter(ApplicationFilterChain.java:210) [tomcat-catalina-7.0.26.jar:7.0.26]
	at com.thetransactioncompany.cors.CORSFilter.doFilter(CORSFilter.java:158) [cors-filter-1.9.2.jar:1.9.2]
	at com.thetransactioncompany.cors.CORSFilter.doFilter(CORSFilter.java:232) [cors-filter-1.9.2.jar:1.9.2]
	at org.apache.catalina.core.ApplicationFilterChain.internalDoFilter(ApplicationFilterChain.java:243) [tomcat-catalina-7.0.26.jar:7.0.26]
	at org.apache.catalina.core.ApplicationFilterChain.doFilter(ApplicationFilterChain.java:210) [tomcat-catalina-7.0.26.jar:7.0.26]
	at org.apache.catalina.core.StandardWrapperValve.invoke(StandardWrapperValve.java:224) [tomcat-catalina-7.0.26.jar:7.0.26]
	at org.apache.catalina.core.StandardContextValve.invoke(StandardContextValve.java:169) [tomcat-catalina-7.0.26.jar:7.0.26]
	at org.apache.catalina.authenticator.AuthenticatorBase.invoke(AuthenticatorBase.java:472) [tomcat-catalina-7.0.26.jar:7.0.26]
	at org.apache.catalina.core.StandardHostValve.invoke(StandardHostValve.java:168) [tomcat-catalina-7.0.26.jar:7.0.26]
	at org.apache.catalina.valves.ErrorReportValve.invoke(ErrorReportValve.java:98) [tomcat-catalina-7.0.26.jar:7.0.26]
	at org.apache.catalina.valves.AccessLogValve.invoke(AccessLogValve.java:927) [tomcat-catalina-7.0.26.jar:7.0.26]
	at org.apache.catalina.core.StandardEngineValve.invoke(StandardEngineValve.java:118) [tomcat-catalina-7.0.26.jar:7.0.26]
	at org.apache.catalina.connector.CoyoteAdapter.service(CoyoteAdapter.java:407) [tomcat-catalina-7.0.26.jar:7.0.26]
	at org.apache.coyote.http11.AbstractHttp11Processor.process(AbstractHttp11Processor.java:987) [tomcat-coyote-7.0.26.jar:7.0.26]
	at org.apache.coyote.AbstractProtocol$AbstractConnectionHandler.process(AbstractProtocol.java:579) [tomcat-coyote-7.0.26.jar:7.0.26]
	at org.apache.tomcat.util.net.JIoEndpoint$SocketProcessor.run(JIoEndpoint.java:309) [tomcat-coyote-7.0.26.jar:7.0.26]
	at java.util.concurrent.ThreadPoolExecutor.runWorker(ThreadPoolExecutor.java:1145) [na:1.7.0_71]
	at java.util.concurrent.ThreadPoolExecutor$Worker.run(ThreadPoolExecutor.java:615) [na:1.7.0_71]
	at java.lang.Thread.run(Thread.java:745) [na:1.7.0_71]
Caused by: java.lang.NumberFormatException: For input string: "service"
	at java.lang.NumberFormatException.forInputString(NumberFormatException.java:65) ~[na:1.7.0_71]
	at java.lang.Long.parseLong(Long.java:441) ~[na:1.7.0_71]
	at java.lang.Long.valueOf(Long.java:540) ~[na:1.7.0_71]
	at org.springframework.util.NumberUtils.parseNumber(NumberUtils.java:174) ~[spring-core-4.0.6.RELEASE.jar:4.0.6.RELEASE]
	at org.springframework.beans.propertyeditors.CustomNumberEditor.setAsText(CustomNumberEditor.java:113) ~[spring-beans-4.0.6.RELEASE.jar:4.0.6.RELEASE]
	at org.springframework.beans.TypeConverterDelegate.doConvertTextValue(TypeConverterDelegate.java:430) ~[spring-beans-4.0.6.RELEASE.jar:4.0.6.RELEASE]
	at org.springframework.beans.TypeConverterDelegate.doConvertValue(TypeConverterDelegate.java:403) ~[spring-beans-4.0.6.RELEASE.jar:4.0.6.RELEASE]
	at org.springframework.beans.TypeConverterDelegate.convertIfNecessary(TypeConverterDelegate.java:181) ~[spring-beans-4.0.6.RELEASE.jar:4.0.6.RELEASE]
	at org.springframework.beans.TypeConverterDelegate.convertIfNecessary(TypeConverterDelegate.java:93) ~[spring-beans-4.0.6.RELEASE.jar:4.0.6.RELEASE]
	at org.springframework.beans.TypeConverterSupport.doConvert(TypeConverterSupport.java:64) ~[spring-beans-4.0.6.RELEASE.jar:4.0.6.RELEASE]
	... 41 common frames omitted
2015-06-08 13:51:31.107 [http-bio-8080-exec-6] [ERROR] com.datayes.paas.usermaster.util.CommonHandler - Invalid parameter
org.springframework.beans.TypeMismatchException: Failed to convert value of type 'java.lang.String' to required type 'long'; nested exception is java.lang.NumberFormatException: For input string: "service"
	at org.springframework.beans.TypeConverterSupport.doConvert(TypeConverterSupport.java:77) ~[spring-beans-4.0.6.RELEASE.jar:4.0.6.RELEASE]
	at org.springframework.beans.TypeConverterSupport.convertIfNecessary(TypeConverterSupport.java:47) ~[spring-beans-4.0.6.RELEASE.jar:4.0.6.RELEASE]
	at org.springframework.validation.DataBinder.convertIfNecessary(DataBinder.java:582) ~[spring-context-4.0.6.RELEASE.jar:4.0.6.RELEASE]
	at org.springframework.web.method.annotation.AbstractNamedValueMethodArgumentResolver.resolveArgument(AbstractNamedValueMethodArgumentResolver.java:105) ~[spring-web-4.0.6.RELEASE.jar:4.0.6.RELEASE]
	at org.springframework.web.method.support.HandlerMethodArgumentResolverComposite.resolveArgument(HandlerMethodArgumentResolverComposite.java:79) ~[spring-web-4.0.6.RELEASE.jar:4.0.6.RELEASE]
	at org.springframework.web.method.support.InvocableHandlerMethod.getMethodArgumentValues(InvocableHandlerMethod.java:157) ~[spring-web-4.0.6.RELEASE.jar:4.0.6.RELEASE]
	at org.springframework.web.method.support.InvocableHandlerMethod.invokeForRequest(InvocableHandlerMethod.java:124) ~[spring-web-4.0.6.RELEASE.jar:4.0.6.RELEASE]
	at org.springframework.web.servlet.mvc.method.annotation.ServletInvocableHandlerMethod.invokeAndHandle(ServletInvocableHandlerMethod.java:104) ~[spring-webmvc-4.0.6.RELEASE.jar:4.0.6.RELEASE]
	at org.springframework.web.servlet.mvc.method.annotation.RequestMappingHandlerAdapter.invokeHandleMethod(RequestMappingHandlerAdapter.java:749) ~[spring-webmvc-4.0.6.RELEASE.jar:4.0.6.RELEASE]
	at org.springframework.web.servlet.mvc.method.annotation.RequestMappingHandlerAdapter.handleInternal(RequestMappingHandlerAdapter.java:689) ~[spring-webmvc-4.0.6.RELEASE.jar:4.0.6.RELEASE]
	at org.springframework.web.servlet.mvc.method.AbstractHandlerMethodAdapter.handle(AbstractHandlerMethodAdapter.java:83) ~[spring-webmvc-4.0.6.RELEASE.jar:4.0.6.RELEASE]
	at org.springframework.web.servlet.DispatcherServlet.doDispatch(DispatcherServlet.java:938) ~[spring-webmvc-4.0.6.RELEASE.jar:4.0.6.RELEASE]
	at org.springframework.web.servlet.DispatcherServlet.doService(DispatcherServlet.java:870) ~[spring-webmvc-4.0.6.RELEASE.jar:4.0.6.RELEASE]
	at org.springframework.web.servlet.FrameworkServlet.processRequest(FrameworkServlet.java:961) [spring-webmvc-4.0.6.RELEASE.jar:4.0.6.RELEASE]
	at org.springframework.web.servlet.FrameworkServlet.doGet(FrameworkServlet.java:852) [spring-webmvc-4.0.6.RELEASE.jar:4.0.6.RELEASE]
	at javax.servlet.http.HttpServlet.service(HttpServlet.java:621) [tomcat-servlet-api-3.0.jar:na]
	at org.springframework.web.servlet.FrameworkServlet.service(FrameworkServlet.java:837) [spring-webmvc-4.0.6.RELEASE.jar:4.0.6.RELEASE]
	at javax.servlet.http.HttpServlet.service(HttpServlet.java:722) [tomcat-servlet-api-3.0.jar:na]
	at org.apache.catalina.core.ApplicationFilterChain.internalDoFilter(ApplicationFilterChain.java:305) [tomcat-catalina-7.0.26.jar:7.0.26]
	at org.apache.catalina.core.ApplicationFilterChain.doFilter(ApplicationFilterChain.java:210) [tomcat-catalina-7.0.26.jar:7.0.26]
	at org.springframework.web.filter.CharacterEncodingFilter.doFilterInternal(CharacterEncodingFilter.java:88) [spring-web-4.0.6.RELEASE.jar:4.0.6.RELEASE]
	at org.springframework.web.filter.OncePerRequestFilter.doFilter(OncePerRequestFilter.java:107) [spring-web-4.0.6.RELEASE.jar:4.0.6.RELEASE]
	at org.apache.catalina.core.ApplicationFilterChain.internalDoFilter(ApplicationFilterChain.java:243) [tomcat-catalina-7.0.26.jar:7.0.26]
	at org.apache.catalina.core.ApplicationFilterChain.doFilter(ApplicationFilterChain.java:210) [tomcat-catalina-7.0.26.jar:7.0.26]
	at com.thetransactioncompany.cors.CORSFilter.doFilter(CORSFilter.java:158) [cors-filter-1.9.2.jar:1.9.2]
	at com.thetransactioncompany.cors.CORSFilter.doFilter(CORSFilter.java:232) [cors-filter-1.9.2.jar:1.9.2]
	at org.apache.catalina.core.ApplicationFilterChain.internalDoFilter(ApplicationFilterChain.java:243) [tomcat-catalina-7.0.26.jar:7.0.26]
	at org.apache.catalina.core.ApplicationFilterChain.doFilter(ApplicationFilterChain.java:210) [tomcat-catalina-7.0.26.jar:7.0.26]
	at org.apache.catalina.core.StandardWrapperValve.invoke(StandardWrapperValve.java:224) [tomcat-catalina-7.0.26.jar:7.0.26]
	at org.apache.catalina.core.StandardContextValve.invoke(StandardContextValve.java:169) [tomcat-catalina-7.0.26.jar:7.0.26]
	at org.apache.catalina.authenticator.AuthenticatorBase.invoke(AuthenticatorBase.java:472) [tomcat-catalina-7.0.26.jar:7.0.26]
	at org.apache.catalina.core.StandardHostValve.invoke(StandardHostValve.java:168) [tomcat-catalina-7.0.26.jar:7.0.26]
	at org.apache.catalina.valves.ErrorReportValve.invoke(ErrorReportValve.java:98) [tomcat-catalina-7.0.26.jar:7.0.26]
	at org.apache.catalina.valves.AccessLogValve.invoke(AccessLogValve.java:927) [tomcat-catalina-7.0.26.jar:7.0.26]
	at org.apache.catalina.core.StandardEngineValve.invoke(StandardEngineValve.java:118) [tomcat-catalina-7.0.26.jar:7.0.26]
	at org.apache.catalina.connector.CoyoteAdapter.service(CoyoteAdapter.java:407) [tomcat-catalina-7.0.26.jar:7.0.26]
	at org.apache.coyote.http11.AbstractHttp11Processor.process(AbstractHttp11Processor.java:987) [tomcat-coyote-7.0.26.jar:7.0.26]
	at org.apache.coyote.AbstractProtocol$AbstractConnectionHandler.process(AbstractProtocol.java:579) [tomcat-coyote-7.0.26.jar:7.0.26]
	at org.apache.tomcat.util.net.JIoEndpoint$SocketProcessor.run(JIoEndpoint.java:309) [tomcat-coyote-7.0.26.jar:7.0.26]
	at java.util.concurrent.ThreadPoolExecutor.runWorker(ThreadPoolExecutor.java:1145) [na:1.7.0_71]
	at java.util.concurrent.ThreadPoolExecutor$Worker.run(ThreadPoolExecutor.java:615) [na:1.7.0_71]
	at java.lang.Thread.run(Thread.java:745) [na:1.7.0_71]
Caused by: java.lang.NumberFormatException: For input string: "service"
	at java.lang.NumberFormatException.forInputString(NumberFormatException.java:65) ~[na:1.7.0_71]
	at java.lang.Long.parseLong(Long.java:441) ~[na:1.7.0_71]
	at java.lang.Long.valueOf(Long.java:540) ~[na:1.7.0_71]
	at org.springframework.util.NumberUtils.parseNumber(NumberUtils.java:174) ~[spring-core-4.0.6.RELEASE.jar:4.0.6.RELEASE]
	at org.springframework.beans.propertyeditors.CustomNumberEditor.setAsText(CustomNumberEditor.java:113) ~[spring-beans-4.0.6.RELEASE.jar:4.0.6.RELEASE]
	at org.springframework.beans.TypeConverterDelegate.doConvertTextValue(TypeConverterDelegate.java:430) ~[spring-beans-4.0.6.RELEASE.jar:4.0.6.RELEASE]
	at org.springframework.beans.TypeConverterDelegate.doConvertValue(TypeConverterDelegate.java:403) ~[spring-beans-4.0.6.RELEASE.jar:4.0.6.RELEASE]
	at org.springframework.beans.TypeConverterDelegate.convertIfNecessary(TypeConverterDelegate.java:181) ~[spring-beans-4.0.6.RELEASE.jar:4.0.6.RELEASE]
	at org.springframework.beans.TypeConverterDelegate.convertIfNecessary(TypeConverterDelegate.java:93) ~[spring-beans-4.0.6.RELEASE.jar:4.0.6.RELEASE]
	at org.springframework.beans.TypeConverterSupport.doConvert(TypeConverterSupport.java:64) ~[spring-beans-4.0.6.RELEASE.jar:4.0.6.RELEASE]
	... 41 common frames omitted
2015-06-08 13:51:45.224 [http-bio-8080-exec-9] [ERROR] com.datayes.paas.usermaster.util.CommonHandler - Invalid parameter
org.springframework.beans.TypeMismatchException: Failed to convert value of type 'java.lang.String' to required type 'long'; nested exception is java.lang.NumberFormatException: For input string: "service"
	at org.springframework.beans.TypeConverterSupport.doConvert(TypeConverterSupport.java:77) ~[spring-beans-4.0.6.RELEASE.jar:4.0.6.RELEASE]
	at org.springframework.beans.TypeConverterSupport.convertIfNecessary(TypeConverterSupport.java:47) ~[spring-beans-4.0.6.RELEASE.jar:4.0.6.RELEASE]
	at org.springframework.validation.DataBinder.convertIfNecessary(DataBinder.java:582) ~[spring-context-4.0.6.RELEASE.jar:4.0.6.RELEASE]
	at org.springframework.web.method.annotation.AbstractNamedValueMethodArgumentResolver.resolveArgument(AbstractNamedValueMethodArgumentResolver.java:105) ~[spring-web-4.0.6.RELEASE.jar:4.0.6.RELEASE]
	at org.springframework.web.method.support.HandlerMethodArgumentResolverComposite.resolveArgument(HandlerMethodArgumentResolverComposite.java:79) ~[spring-web-4.0.6.RELEASE.jar:4.0.6.RELEASE]
	at org.springframework.web.method.support.InvocableHandlerMethod.getMethodArgumentValues(InvocableHandlerMethod.java:157) ~[spring-web-4.0.6.RELEASE.jar:4.0.6.RELEASE]
	at org.springframework.web.method.support.InvocableHandlerMethod.invokeForRequest(InvocableHandlerMethod.java:124) ~[spring-web-4.0.6.RELEASE.jar:4.0.6.RELEASE]
	at org.springframework.web.servlet.mvc.method.annotation.ServletInvocableHandlerMethod.invokeAndHandle(ServletInvocableHandlerMethod.java:104) ~[spring-webmvc-4.0.6.RELEASE.jar:4.0.6.RELEASE]
	at org.springframework.web.servlet.mvc.method.annotation.RequestMappingHandlerAdapter.invokeHandleMethod(RequestMappingHandlerAdapter.java:749) ~[spring-webmvc-4.0.6.RELEASE.jar:4.0.6.RELEASE]
	at org.springframework.web.servlet.mvc.method.annotation.RequestMappingHandlerAdapter.handleInternal(RequestMappingHandlerAdapter.java:689) ~[spring-webmvc-4.0.6.RELEASE.jar:4.0.6.RELEASE]
	at org.springframework.web.servlet.mvc.method.AbstractHandlerMethodAdapter.handle(AbstractHandlerMethodAdapter.java:83) ~[spring-webmvc-4.0.6.RELEASE.jar:4.0.6.RELEASE]
	at org.springframework.web.servlet.DispatcherServlet.doDispatch(DispatcherServlet.java:938) ~[spring-webmvc-4.0.6.RELEASE.jar:4.0.6.RELEASE]
	at org.springframework.web.servlet.DispatcherServlet.doService(DispatcherServlet.java:870) ~[spring-webmvc-4.0.6.RELEASE.jar:4.0.6.RELEASE]
	at org.springframework.web.servlet.FrameworkServlet.processRequest(FrameworkServlet.java:961) [spring-webmvc-4.0.6.RELEASE.jar:4.0.6.RELEASE]
	at org.springframework.web.servlet.FrameworkServlet.doGet(FrameworkServlet.java:852) [spring-webmvc-4.0.6.RELEASE.jar:4.0.6.RELEASE]
	at javax.servlet.http.HttpServlet.service(HttpServlet.java:621) [tomcat-servlet-api-3.0.jar:na]
	at org.springframework.web.servlet.FrameworkServlet.service(FrameworkServlet.java:837) [spring-webmvc-4.0.6.RELEASE.jar:4.0.6.RELEASE]
	at javax.servlet.http.HttpServlet.service(HttpServlet.java:722) [tomcat-servlet-api-3.0.jar:na]
	at org.apache.catalina.core.ApplicationFilterChain.internalDoFilter(ApplicationFilterChain.java:305) [tomcat-catalina-7.0.26.jar:7.0.26]
	at org.apache.catalina.core.ApplicationFilterChain.doFilter(ApplicationFilterChain.java:210) [tomcat-catalina-7.0.26.jar:7.0.26]
	at org.springframework.web.filter.CharacterEncodingFilter.doFilterInternal(CharacterEncodingFilter.java:88) [spring-web-4.0.6.RELEASE.jar:4.0.6.RELEASE]
	at org.springframework.web.filter.OncePerRequestFilter.doFilter(OncePerRequestFilter.java:107) [spring-web-4.0.6.RELEASE.jar:4.0.6.RELEASE]
	at org.apache.catalina.core.ApplicationFilterChain.internalDoFilter(ApplicationFilterChain.java:243) [tomcat-catalina-7.0.26.jar:7.0.26]
	at org.apache.catalina.core.ApplicationFilterChain.doFilter(ApplicationFilterChain.java:210) [tomcat-catalina-7.0.26.jar:7.0.26]
	at com.thetransactioncompany.cors.CORSFilter.doFilter(CORSFilter.java:158) [cors-filter-1.9.2.jar:1.9.2]
	at com.thetransactioncompany.cors.CORSFilter.doFilter(CORSFilter.java:232) [cors-filter-1.9.2.jar:1.9.2]
	at org.apache.catalina.core.ApplicationFilterChain.internalDoFilter(ApplicationFilterChain.java:243) [tomcat-catalina-7.0.26.jar:7.0.26]
	at org.apache.catalina.core.ApplicationFilterChain.doFilter(ApplicationFilterChain.java:210) [tomcat-catalina-7.0.26.jar:7.0.26]
	at org.apache.catalina.core.StandardWrapperValve.invoke(StandardWrapperValve.java:224) [tomcat-catalina-7.0.26.jar:7.0.26]
	at org.apache.catalina.core.StandardContextValve.invoke(StandardContextValve.java:169) [tomcat-catalina-7.0.26.jar:7.0.26]
	at org.apache.catalina.authenticator.AuthenticatorBase.invoke(AuthenticatorBase.java:472) [tomcat-catalina-7.0.26.jar:7.0.26]
	at org.apache.catalina.core.StandardHostValve.invoke(StandardHostValve.java:168) [tomcat-catalina-7.0.26.jar:7.0.26]
	at org.apache.catalina.valves.ErrorReportValve.invoke(ErrorReportValve.java:98) [tomcat-catalina-7.0.26.jar:7.0.26]
	at org.apache.catalina.valves.AccessLogValve.invoke(AccessLogValve.java:927) [tomcat-catalina-7.0.26.jar:7.0.26]
	at org.apache.catalina.core.StandardEngineValve.invoke(StandardEngineValve.java:118) [tomcat-catalina-7.0.26.jar:7.0.26]
	at org.apache.catalina.connector.CoyoteAdapter.service(CoyoteAdapter.java:407) [tomcat-catalina-7.0.26.jar:7.0.26]
	at org.apache.coyote.http11.AbstractHttp11Processor.process(AbstractHttp11Processor.java:987) [tomcat-coyote-7.0.26.jar:7.0.26]
	at org.apache.coyote.AbstractProtocol$AbstractConnectionHandler.process(AbstractProtocol.java:579) [tomcat-coyote-7.0.26.jar:7.0.26]
	at org.apache.tomcat.util.net.JIoEndpoint$SocketProcessor.run(JIoEndpoint.java:309) [tomcat-coyote-7.0.26.jar:7.0.26]
	at java.util.concurrent.ThreadPoolExecutor.runWorker(ThreadPoolExecutor.java:1145) [na:1.7.0_71]
	at java.util.concurrent.ThreadPoolExecutor$Worker.run(ThreadPoolExecutor.java:615) [na:1.7.0_71]
	at java.lang.Thread.run(Thread.java:745) [na:1.7.0_71]
Caused by: java.lang.NumberFormatException: For input string: "service"
	at java.lang.NumberFormatException.forInputString(NumberFormatException.java:65) ~[na:1.7.0_71]
	at java.lang.Long.parseLong(Long.java:441) ~[na:1.7.0_71]
	at java.lang.Long.valueOf(Long.java:540) ~[na:1.7.0_71]
	at org.springframework.util.NumberUtils.parseNumber(NumberUtils.java:174) ~[spring-core-4.0.6.RELEASE.jar:4.0.6.RELEASE]
	at org.springframework.beans.propertyeditors.CustomNumberEditor.setAsText(CustomNumberEditor.java:113) ~[spring-beans-4.0.6.RELEASE.jar:4.0.6.RELEASE]
	at org.springframework.beans.TypeConverterDelegate.doConvertTextValue(TypeConverterDelegate.java:430) ~[spring-beans-4.0.6.RELEASE.jar:4.0.6.RELEASE]
	at org.springframework.beans.TypeConverterDelegate.doConvertValue(TypeConverterDelegate.java:403) ~[spring-beans-4.0.6.RELEASE.jar:4.0.6.RELEASE]
	at org.springframework.beans.TypeConverterDelegate.convertIfNecessary(TypeConverterDelegate.java:181) ~[spring-beans-4.0.6.RELEASE.jar:4.0.6.RELEASE]
	at org.springframework.beans.TypeConverterDelegate.convertIfNecessary(TypeConverterDelegate.java:93) ~[spring-beans-4.0.6.RELEASE.jar:4.0.6.RELEASE]
	at org.springframework.beans.TypeConverterSupport.doConvert(TypeConverterSupport.java:64) ~[spring-beans-4.0.6.RELEASE.jar:4.0.6.RELEASE]
	... 41 common frames omitted
2015-06-08 13:54:53.061 [http-bio-8080-exec-3] [ERROR] com.datayes.paas.usermaster.util.CommonHandler - Invalid parameter
org.springframework.beans.TypeMismatchException: Failed to convert value of type 'java.lang.String' to required type 'long'; nested exception is java.lang.NumberFormatException: For input string: "service"
	at org.springframework.beans.TypeConverterSupport.doConvert(TypeConverterSupport.java:77) ~[spring-beans-4.0.6.RELEASE.jar:4.0.6.RELEASE]
	at org.springframework.beans.TypeConverterSupport.convertIfNecessary(TypeConverterSupport.java:47) ~[spring-beans-4.0.6.RELEASE.jar:4.0.6.RELEASE]
	at org.springframework.validation.DataBinder.convertIfNecessary(DataBinder.java:582) ~[spring-context-4.0.6.RELEASE.jar:4.0.6.RELEASE]
	at org.springframework.web.method.annotation.AbstractNamedValueMethodArgumentResolver.resolveArgument(AbstractNamedValueMethodArgumentResolver.java:105) ~[spring-web-4.0.6.RELEASE.jar:4.0.6.RELEASE]
	at org.springframework.web.method.support.HandlerMethodArgumentResolverComposite.resolveArgument(HandlerMethodArgumentResolverComposite.java:79) ~[spring-web-4.0.6.RELEASE.jar:4.0.6.RELEASE]
	at org.springframework.web.method.support.InvocableHandlerMethod.getMethodArgumentValues(InvocableHandlerMethod.java:157) ~[spring-web-4.0.6.RELEASE.jar:4.0.6.RELEASE]
	at org.springframework.web.method.support.InvocableHandlerMethod.invokeForRequest(InvocableHandlerMethod.java:124) ~[spring-web-4.0.6.RELEASE.jar:4.0.6.RELEASE]
	at org.springframework.web.servlet.mvc.method.annotation.ServletInvocableHandlerMethod.invokeAndHandle(ServletInvocableHandlerMethod.java:104) ~[spring-webmvc-4.0.6.RELEASE.jar:4.0.6.RELEASE]
	at org.springframework.web.servlet.mvc.method.annotation.RequestMappingHandlerAdapter.invokeHandleMethod(RequestMappingHandlerAdapter.java:749) ~[spring-webmvc-4.0.6.RELEASE.jar:4.0.6.RELEASE]
	at org.springframework.web.servlet.mvc.method.annotation.RequestMappingHandlerAdapter.handleInternal(RequestMappingHandlerAdapter.java:689) ~[spring-webmvc-4.0.6.RELEASE.jar:4.0.6.RELEASE]
	at org.springframework.web.servlet.mvc.method.AbstractHandlerMethodAdapter.handle(AbstractHandlerMethodAdapter.java:83) ~[spring-webmvc-4.0.6.RELEASE.jar:4.0.6.RELEASE]
	at org.springframework.web.servlet.DispatcherServlet.doDispatch(DispatcherServlet.java:938) ~[spring-webmvc-4.0.6.RELEASE.jar:4.0.6.RELEASE]
	at org.springframework.web.servlet.DispatcherServlet.doService(DispatcherServlet.java:870) ~[spring-webmvc-4.0.6.RELEASE.jar:4.0.6.RELEASE]
	at org.springframework.web.servlet.FrameworkServlet.processRequest(FrameworkServlet.java:961) [spring-webmvc-4.0.6.RELEASE.jar:4.0.6.RELEASE]
	at org.springframework.web.servlet.FrameworkServlet.doGet(FrameworkServlet.java:852) [spring-webmvc-4.0.6.RELEASE.jar:4.0.6.RELEASE]
	at javax.servlet.http.HttpServlet.service(HttpServlet.java:621) [tomcat-servlet-api-3.0.jar:na]
	at org.springframework.web.servlet.FrameworkServlet.service(FrameworkServlet.java:837) [spring-webmvc-4.0.6.RELEASE.jar:4.0.6.RELEASE]
	at javax.servlet.http.HttpServlet.service(HttpServlet.java:722) [tomcat-servlet-api-3.0.jar:na]
	at org.apache.catalina.core.ApplicationFilterChain.internalDoFilter(ApplicationFilterChain.java:305) [tomcat-catalina-7.0.26.jar:7.0.26]
	at org.apache.catalina.core.ApplicationFilterChain.doFilter(ApplicationFilterChain.java:210) [tomcat-catalina-7.0.26.jar:7.0.26]
	at org.springframework.web.filter.CharacterEncodingFilter.doFilterInternal(CharacterEncodingFilter.java:88) [spring-web-4.0.6.RELEASE.jar:4.0.6.RELEASE]
	at org.springframework.web.filter.OncePerRequestFilter.doFilter(OncePerRequestFilter.java:107) [spring-web-4.0.6.RELEASE.jar:4.0.6.RELEASE]
	at org.apache.catalina.core.ApplicationFilterChain.internalDoFilter(ApplicationFilterChain.java:243) [tomcat-catalina-7.0.26.jar:7.0.26]
	at org.apache.catalina.core.ApplicationFilterChain.doFilter(ApplicationFilterChain.java:210) [tomcat-catalina-7.0.26.jar:7.0.26]
	at com.thetransactioncompany.cors.CORSFilter.doFilter(CORSFilter.java:158) [cors-filter-1.9.2.jar:1.9.2]
	at com.thetransactioncompany.cors.CORSFilter.doFilter(CORSFilter.java:232) [cors-filter-1.9.2.jar:1.9.2]
	at org.apache.catalina.core.ApplicationFilterChain.internalDoFilter(ApplicationFilterChain.java:243) [tomcat-catalina-7.0.26.jar:7.0.26]
	at org.apache.catalina.core.ApplicationFilterChain.doFilter(ApplicationFilterChain.java:210) [tomcat-catalina-7.0.26.jar:7.0.26]
	at org.apache.catalina.core.StandardWrapperValve.invoke(StandardWrapperValve.java:224) [tomcat-catalina-7.0.26.jar:7.0.26]
	at org.apache.catalina.core.StandardContextValve.invoke(StandardContextValve.java:169) [tomcat-catalina-7.0.26.jar:7.0.26]
	at org.apache.catalina.authenticator.AuthenticatorBase.invoke(AuthenticatorBase.java:472) [tomcat-catalina-7.0.26.jar:7.0.26]
	at org.apache.catalina.core.StandardHostValve.invoke(StandardHostValve.java:168) [tomcat-catalina-7.0.26.jar:7.0.26]
	at org.apache.catalina.valves.ErrorReportValve.invoke(ErrorReportValve.java:98) [tomcat-catalina-7.0.26.jar:7.0.26]
	at org.apache.catalina.valves.AccessLogValve.invoke(AccessLogValve.java:927) [tomcat-catalina-7.0.26.jar:7.0.26]
	at org.apache.catalina.core.StandardEngineValve.invoke(StandardEngineValve.java:118) [tomcat-catalina-7.0.26.jar:7.0.26]
	at org.apache.catalina.connector.CoyoteAdapter.service(CoyoteAdapter.java:407) [tomcat-catalina-7.0.26.jar:7.0.26]
	at org.apache.coyote.http11.AbstractHttp11Processor.process(AbstractHttp11Processor.java:987) [tomcat-coyote-7.0.26.jar:7.0.26]
	at org.apache.coyote.AbstractProtocol$AbstractConnectionHandler.process(AbstractProtocol.java:579) [tomcat-coyote-7.0.26.jar:7.0.26]
	at org.apache.tomcat.util.net.JIoEndpoint$SocketProcessor.run(JIoEndpoint.java:309) [tomcat-coyote-7.0.26.jar:7.0.26]
	at java.util.concurrent.ThreadPoolExecutor.runWorker(ThreadPoolExecutor.java:1145) [na:1.7.0_71]
	at java.util.concurrent.ThreadPoolExecutor$Worker.run(ThreadPoolExecutor.java:615) [na:1.7.0_71]
	at java.lang.Thread.run(Thread.java:745) [na:1.7.0_71]
Caused by: java.lang.NumberFormatException: For input string: "service"
	at java.lang.NumberFormatException.forInputString(NumberFormatException.java:65) ~[na:1.7.0_71]
	at java.lang.Long.parseLong(Long.java:441) ~[na:1.7.0_71]
	at java.lang.Long.valueOf(Long.java:540) ~[na:1.7.0_71]
	at org.springframework.util.NumberUtils.parseNumber(NumberUtils.java:174) ~[spring-core-4.0.6.RELEASE.jar:4.0.6.RELEASE]
	at org.springframework.beans.propertyeditors.CustomNumberEditor.setAsText(CustomNumberEditor.java:113) ~[spring-beans-4.0.6.RELEASE.jar:4.0.6.RELEASE]
	at org.springframework.beans.TypeConverterDelegate.doConvertTextValue(TypeConverterDelegate.java:430) ~[spring-beans-4.0.6.RELEASE.jar:4.0.6.RELEASE]
	at org.springframework.beans.TypeConverterDelegate.doConvertValue(TypeConverterDelegate.java:403) ~[spring-beans-4.0.6.RELEASE.jar:4.0.6.RELEASE]
	at org.springframework.beans.TypeConverterDelegate.convertIfNecessary(TypeConverterDelegate.java:181) ~[spring-beans-4.0.6.RELEASE.jar:4.0.6.RELEASE]
	at org.springframework.beans.TypeConverterDelegate.convertIfNecessary(TypeConverterDelegate.java:93) ~[spring-beans-4.0.6.RELEASE.jar:4.0.6.RELEASE]
	at org.springframework.beans.TypeConverterSupport.doConvert(TypeConverterSupport.java:64) ~[spring-beans-4.0.6.RELEASE.jar:4.0.6.RELEASE]
	... 41 common frames omitted
2015-06-08 14:03:59.139 [http-bio-8080-exec-9] [ERROR] com.datayes.paas.usermaster.util.CommonHandler - Invalid parameter
org.springframework.beans.TypeMismatchException: Failed to convert value of type 'java.lang.String' to required type 'long'; nested exception is java.lang.NumberFormatException: For input string: "service"
	at org.springframework.beans.TypeConverterSupport.doConvert(TypeConverterSupport.java:77) ~[spring-beans-4.0.6.RELEASE.jar:4.0.6.RELEASE]
	at org.springframework.beans.TypeConverterSupport.convertIfNecessary(TypeConverterSupport.java:47) ~[spring-beans-4.0.6.RELEASE.jar:4.0.6.RELEASE]
	at org.springframework.validation.DataBinder.convertIfNecessary(DataBinder.java:582) ~[spring-context-4.0.6.RELEASE.jar:4.0.6.RELEASE]
	at org.springframework.web.method.annotation.AbstractNamedValueMethodArgumentResolver.resolveArgument(AbstractNamedValueMethodArgumentResolver.java:105) ~[spring-web-4.0.6.RELEASE.jar:4.0.6.RELEASE]
	at org.springframework.web.method.support.HandlerMethodArgumentResolverComposite.resolveArgument(HandlerMethodArgumentResolverComposite.java:79) ~[spring-web-4.0.6.RELEASE.jar:4.0.6.RELEASE]
	at org.springframework.web.method.support.InvocableHandlerMethod.getMethodArgumentValues(InvocableHandlerMethod.java:157) ~[spring-web-4.0.6.RELEASE.jar:4.0.6.RELEASE]
	at org.springframework.web.method.support.InvocableHandlerMethod.invokeForRequest(InvocableHandlerMethod.java:124) ~[spring-web-4.0.6.RELEASE.jar:4.0.6.RELEASE]
	at org.springframework.web.servlet.mvc.method.annotation.ServletInvocableHandlerMethod.invokeAndHandle(ServletInvocableHandlerMethod.java:104) ~[spring-webmvc-4.0.6.RELEASE.jar:4.0.6.RELEASE]
	at org.springframework.web.servlet.mvc.method.annotation.RequestMappingHandlerAdapter.invokeHandleMethod(RequestMappingHandlerAdapter.java:749) ~[spring-webmvc-4.0.6.RELEASE.jar:4.0.6.RELEASE]
	at org.springframework.web.servlet.mvc.method.annotation.RequestMappingHandlerAdapter.handleInternal(RequestMappingHandlerAdapter.java:689) ~[spring-webmvc-4.0.6.RELEASE.jar:4.0.6.RELEASE]
	at org.springframework.web.servlet.mvc.method.AbstractHandlerMethodAdapter.handle(AbstractHandlerMethodAdapter.java:83) ~[spring-webmvc-4.0.6.RELEASE.jar:4.0.6.RELEASE]
	at org.springframework.web.servlet.DispatcherServlet.doDispatch(DispatcherServlet.java:938) ~[spring-webmvc-4.0.6.RELEASE.jar:4.0.6.RELEASE]
	at org.springframework.web.servlet.DispatcherServlet.doService(DispatcherServlet.java:870) ~[spring-webmvc-4.0.6.RELEASE.jar:4.0.6.RELEASE]
	at org.springframework.web.servlet.FrameworkServlet.processRequest(FrameworkServlet.java:961) [spring-webmvc-4.0.6.RELEASE.jar:4.0.6.RELEASE]
	at org.springframework.web.servlet.FrameworkServlet.doGet(FrameworkServlet.java:852) [spring-webmvc-4.0.6.RELEASE.jar:4.0.6.RELEASE]
	at javax.servlet.http.HttpServlet.service(HttpServlet.java:621) [tomcat-servlet-api-3.0.jar:na]
	at org.springframework.web.servlet.FrameworkServlet.service(FrameworkServlet.java:837) [spring-webmvc-4.0.6.RELEASE.jar:4.0.6.RELEASE]
	at javax.servlet.http.HttpServlet.service(HttpServlet.java:722) [tomcat-servlet-api-3.0.jar:na]
	at org.apache.catalina.core.ApplicationFilterChain.internalDoFilter(ApplicationFilterChain.java:305) [tomcat-catalina-7.0.26.jar:7.0.26]
	at org.apache.catalina.core.ApplicationFilterChain.doFilter(ApplicationFilterChain.java:210) [tomcat-catalina-7.0.26.jar:7.0.26]
	at org.springframework.web.filter.CharacterEncodingFilter.doFilterInternal(CharacterEncodingFilter.java:88) [spring-web-4.0.6.RELEASE.jar:4.0.6.RELEASE]
	at org.springframework.web.filter.OncePerRequestFilter.doFilter(OncePerRequestFilter.java:107) [spring-web-4.0.6.RELEASE.jar:4.0.6.RELEASE]
	at org.apache.catalina.core.ApplicationFilterChain.internalDoFilter(ApplicationFilterChain.java:243) [tomcat-catalina-7.0.26.jar:7.0.26]
	at org.apache.catalina.core.ApplicationFilterChain.doFilter(ApplicationFilterChain.java:210) [tomcat-catalina-7.0.26.jar:7.0.26]
	at com.thetransactioncompany.cors.CORSFilter.doFilter(CORSFilter.java:158) [cors-filter-1.9.2.jar:1.9.2]
	at com.thetransactioncompany.cors.CORSFilter.doFilter(CORSFilter.java:232) [cors-filter-1.9.2.jar:1.9.2]
	at org.apache.catalina.core.ApplicationFilterChain.internalDoFilter(ApplicationFilterChain.java:243) [tomcat-catalina-7.0.26.jar:7.0.26]
	at org.apache.catalina.core.ApplicationFilterChain.doFilter(ApplicationFilterChain.java:210) [tomcat-catalina-7.0.26.jar:7.0.26]
	at org.apache.catalina.core.StandardWrapperValve.invoke(StandardWrapperValve.java:224) [tomcat-catalina-7.0.26.jar:7.0.26]
	at org.apache.catalina.core.StandardContextValve.invoke(StandardContextValve.java:169) [tomcat-catalina-7.0.26.jar:7.0.26]
	at org.apache.catalina.authenticator.AuthenticatorBase.invoke(AuthenticatorBase.java:472) [tomcat-catalina-7.0.26.jar:7.0.26]
	at org.apache.catalina.core.StandardHostValve.invoke(StandardHostValve.java:168) [tomcat-catalina-7.0.26.jar:7.0.26]
	at org.apache.catalina.valves.ErrorReportValve.invoke(ErrorReportValve.java:98) [tomcat-catalina-7.0.26.jar:7.0.26]
	at org.apache.catalina.valves.AccessLogValve.invoke(AccessLogValve.java:927) [tomcat-catalina-7.0.26.jar:7.0.26]
	at org.apache.catalina.core.StandardEngineValve.invoke(StandardEngineValve.java:118) [tomcat-catalina-7.0.26.jar:7.0.26]
	at org.apache.catalina.connector.CoyoteAdapter.service(CoyoteAdapter.java:407) [tomcat-catalina-7.0.26.jar:7.0.26]
	at org.apache.coyote.http11.AbstractHttp11Processor.process(AbstractHttp11Processor.java:987) [tomcat-coyote-7.0.26.jar:7.0.26]
	at org.apache.coyote.AbstractProtocol$AbstractConnectionHandler.process(AbstractProtocol.java:579) [tomcat-coyote-7.0.26.jar:7.0.26]
	at org.apache.tomcat.util.net.JIoEndpoint$SocketProcessor.run(JIoEndpoint.java:309) [tomcat-coyote-7.0.26.jar:7.0.26]
	at java.util.concurrent.ThreadPoolExecutor.runWorker(ThreadPoolExecutor.java:1145) [na:1.7.0_71]
	at java.util.concurrent.ThreadPoolExecutor$Worker.run(ThreadPoolExecutor.java:615) [na:1.7.0_71]
	at java.lang.Thread.run(Thread.java:745) [na:1.7.0_71]
Caused by: java.lang.NumberFormatException: For input string: "service"
	at java.lang.NumberFormatException.forInputString(NumberFormatException.java:65) ~[na:1.7.0_71]
	at java.lang.Long.parseLong(Long.java:441) ~[na:1.7.0_71]
	at java.lang.Long.valueOf(Long.java:540) ~[na:1.7.0_71]
	at org.springframework.util.NumberUtils.parseNumber(NumberUtils.java:174) ~[spring-core-4.0.6.RELEASE.jar:4.0.6.RELEASE]
	at org.springframework.beans.propertyeditors.CustomNumberEditor.setAsText(CustomNumberEditor.java:113) ~[spring-beans-4.0.6.RELEASE.jar:4.0.6.RELEASE]
	at org.springframework.beans.TypeConverterDelegate.doConvertTextValue(TypeConverterDelegate.java:430) ~[spring-beans-4.0.6.RELEASE.jar:4.0.6.RELEASE]
	at org.springframework.beans.TypeConverterDelegate.doConvertValue(TypeConverterDelegate.java:403) ~[spring-beans-4.0.6.RELEASE.jar:4.0.6.RELEASE]
	at org.springframework.beans.TypeConverterDelegate.convertIfNecessary(TypeConverterDelegate.java:181) ~[spring-beans-4.0.6.RELEASE.jar:4.0.6.RELEASE]
	at org.springframework.beans.TypeConverterDelegate.convertIfNecessary(TypeConverterDelegate.java:93) ~[spring-beans-4.0.6.RELEASE.jar:4.0.6.RELEASE]
	at org.springframework.beans.TypeConverterSupport.doConvert(TypeConverterSupport.java:64) ~[spring-beans-4.0.6.RELEASE.jar:4.0.6.RELEASE]
	... 41 common frames omitted
