2015-06-03 10:27:36.550 [http-bio-8080-exec-8] [ERROR] com.datayes.paas.usermaster.util.CommonHandler - Missing parameter
org.springframework.web.bind.MissingServletRequestParameterException: Required String parameter 'username' is not present
	at org.springframework.web.method.annotation.RequestParamMethodArgumentResolver.handleMissingValue(RequestParamMethodArgumentResolver.java:255) ~[spring-web-4.0.6.RELEASE.jar:4.0.6.RELEASE]
	at org.springframework.web.method.annotation.AbstractNamedValueMethodArgumentResolver.resolveArgument(AbstractNamedValueMethodArgumentResolver.java:95) ~[spring-web-4.0.6.RELEASE.jar:4.0.6.RELEASE]
	at org.springframework.web.method.support.HandlerMethodArgumentResolverComposite.resolveArgument(HandlerMethodArgumentResolverComposite.java:79) ~[spring-web-4.0.6.RELEASE.jar:4.0.6.RELEASE]
	at org.springframework.web.method.support.InvocableHandlerMethod.getMethodArgumentValues(InvocableHandlerMethod.java:157) ~[spring-web-4.0.6.RELEASE.jar:4.0.6.RELEASE]
	at org.springframework.web.method.support.InvocableHandlerMethod.invokeForRequest(InvocableHandlerMethod.java:124) ~[spring-web-4.0.6.RELEASE.jar:4.0.6.RELEASE]
	at org.springframework.web.servlet.mvc.method.annotation.ServletInvocableHandlerMethod.invokeAndHandle(ServletInvocableHandlerMethod.java:104) ~[spring-webmvc-4.0.6.RELEASE.jar:4.0.6.RELEASE]
	at org.springframework.web.servlet.mvc.method.annotation.RequestMappingHandlerAdapter.invokeHandleMethod(RequestMappingHandlerAdapter.java:749) ~[spring-webmvc-4.0.6.RELEASE.jar:4.0.6.RELEASE]
	at org.springframework.web.servlet.mvc.method.annotation.RequestMappingHandlerAdapter.handleInternal(RequestMappingHandlerAdapter.java:689) ~[spring-webmvc-4.0.6.RELEASE.jar:4.0.6.RELEASE]
	at org.springframework.web.servlet.mvc.method.AbstractHandlerMethodAdapter.handle(AbstractHandlerMethodAdapter.java:83) ~[spring-webmvc-4.0.6.RELEASE.jar:4.0.6.RELEASE]
	at org.springframework.web.servlet.DispatcherServlet.doDispatch(DispatcherServlet.java:938) ~[spring-webmvc-4.0.6.RELEASE.jar:4.0.6.RELEASE]
	at org.springframework.web.servlet.DispatcherServlet.doService(DispatcherServlet.java:870) ~[spring-webmvc-4.0.6.RELEASE.jar:4.0.6.RELEASE]
	at org.springframework.web.servlet.FrameworkServlet.processRequest(FrameworkServlet.java:961) [spring-webmvc-4.0.6.RELEASE.jar:4.0.6.RELEASE]
	at org.springframework.web.servlet.FrameworkServlet.doPost(FrameworkServlet.java:863) [spring-webmvc-4.0.6.RELEASE.jar:4.0.6.RELEASE]
	at javax.servlet.http.HttpServlet.service(HttpServlet.java:641) [tomcat-servlet-api-3.0.jar:na]
	at org.springframework.web.servlet.FrameworkServlet.service(FrameworkServlet.java:837) [spring-webmvc-4.0.6.RELEASE.jar:4.0.6.RELEASE]
	at javax.servlet.http.HttpServlet.service(HttpServlet.java:722) [tomcat-servlet-api-3.0.jar:na]
	at org.apache.catalina.core.ApplicationFilterChain.internalDoFilter(ApplicationFilterChain.java:305) [tomcat-catalina-7.0.26.jar:7.0.26]
	at org.apache.catalina.core.ApplicationFilterChain.doFilter(ApplicationFilterChain.java:210) [tomcat-catalina-7.0.26.jar:7.0.26]
	at org.springframework.web.filter.CharacterEncodingFilter.doFilterInternal(CharacterEncodingFilter.java:88) [spring-web-4.0.6.RELEASE.jar:4.0.6.RELEASE]
	at org.springframework.web.filter.OncePerRequestFilter.doFilter(OncePerRequestFilter.java:107) [spring-web-4.0.6.RELEASE.jar:4.0.6.RELEASE]
	at org.apache.catalina.core.ApplicationFilterChain.internalDoFilter(ApplicationFilterChain.java:243) [tomcat-catalina-7.0.26.jar:7.0.26]
	at org.apache.catalina.core.ApplicationFilterChain.doFilter(ApplicationFilterChain.java:210) [tomcat-catalina-7.0.26.jar:7.0.26]
	at com.thetransactioncompany.cors.CORSFilter.doFilter(CORSFilter.java:158) [cors-filter-1.9.2.jar:1.9.2]
	at com.thetransactioncompany.cors.CORSFilter.doFilter(CORSFilter.java:232) [cors-filter-1.9.2.jar:1.9.2]
	at org.apache.catalina.core.ApplicationFilterChain.internalDoFilter(ApplicationFilterChain.java:243) [tomcat-catalina-7.0.26.jar:7.0.26]
	at org.apache.catalina.core.ApplicationFilterChain.doFilter(ApplicationFilterChain.java:210) [tomcat-catalina-7.0.26.jar:7.0.26]
	at org.apache.catalina.core.StandardWrapperValve.invoke(StandardWrapperValve.java:224) [tomcat-catalina-7.0.26.jar:7.0.26]
	at org.apache.catalina.core.StandardContextValve.invoke(StandardContextValve.java:169) [tomcat-catalina-7.0.26.jar:7.0.26]
	at org.apache.catalina.authenticator.AuthenticatorBase.invoke(AuthenticatorBase.java:472) [tomcat-catalina-7.0.26.jar:7.0.26]
	at org.apache.catalina.core.StandardHostValve.invoke(StandardHostValve.java:168) [tomcat-catalina-7.0.26.jar:7.0.26]
	at org.apache.catalina.valves.ErrorReportValve.invoke(ErrorReportValve.java:98) [tomcat-catalina-7.0.26.jar:7.0.26]
	at org.apache.catalina.valves.AccessLogValve.invoke(AccessLogValve.java:927) [tomcat-catalina-7.0.26.jar:7.0.26]
	at org.apache.catalina.core.StandardEngineValve.invoke(StandardEngineValve.java:118) [tomcat-catalina-7.0.26.jar:7.0.26]
	at org.apache.catalina.connector.CoyoteAdapter.service(CoyoteAdapter.java:407) [tomcat-catalina-7.0.26.jar:7.0.26]
	at org.apache.coyote.http11.AbstractHttp11Processor.process(AbstractHttp11Processor.java:987) [tomcat-coyote-7.0.26.jar:7.0.26]
	at org.apache.coyote.AbstractProtocol$AbstractConnectionHandler.process(AbstractProtocol.java:579) [tomcat-coyote-7.0.26.jar:7.0.26]
	at org.apache.tomcat.util.net.JIoEndpoint$SocketProcessor.run(JIoEndpoint.java:307) [tomcat-coyote-7.0.26.jar:7.0.26]
	at java.util.concurrent.ThreadPoolExecutor.runWorker(ThreadPoolExecutor.java:1145) [na:1.7.0_71]
	at java.util.concurrent.ThreadPoolExecutor$Worker.run(ThreadPoolExecutor.java:615) [na:1.7.0_71]
	at java.lang.Thread.run(Thread.java:745) [na:1.7.0_71]
2015-06-03 15:54:42.964 [http-bio-8080-exec-2] [ERROR] com.datayes.paas.usermaster.util.CommonHandler - Invalid Json data
org.springframework.http.converter.HttpMessageNotReadableException: Could not read JSON: Can not deserialize instance of java.util.ArrayList out of START_OBJECT token
 at [Source: org.apache.catalina.connector.CoyoteInputStream@3d522d19; line: 2, column: 3]; nested exception is com.fasterxml.jackson.databind.JsonMappingException: Can not deserialize instance of java.util.ArrayList out of START_OBJECT token
 at [Source: org.apache.catalina.connector.CoyoteInputStream@3d522d19; line: 2, column: 3]
	at org.springframework.http.converter.json.MappingJackson2HttpMessageConverter.readJavaType(MappingJackson2HttpMessageConverter.java:228) ~[spring-web-4.0.6.RELEASE.jar:4.0.6.RELEASE]
	at org.springframework.http.converter.json.MappingJackson2HttpMessageConverter.read(MappingJackson2HttpMessageConverter.java:220) ~[spring-web-4.0.6.RELEASE.jar:4.0.6.RELEASE]
	at org.springframework.web.servlet.mvc.method.annotation.AbstractMessageConverterMethodArgumentResolver.readWithMessageConverters(AbstractMessageConverterMethodArgumentResolver.java:138) ~[spring-webmvc-4.0.6.RELEASE.jar:4.0.6.RELEASE]
	at org.springframework.web.servlet.mvc.method.annotation.RequestResponseBodyMethodProcessor.readWithMessageConverters(RequestResponseBodyMethodProcessor.java:183) ~[spring-webmvc-4.0.6.RELEASE.jar:4.0.6.RELEASE]
	at org.springframework.web.servlet.mvc.method.annotation.RequestResponseBodyMethodProcessor.resolveArgument(RequestResponseBodyMethodProcessor.java:98) ~[spring-webmvc-4.0.6.RELEASE.jar:4.0.6.RELEASE]
	at org.springframework.web.method.support.HandlerMethodArgumentResolverComposite.resolveArgument(HandlerMethodArgumentResolverComposite.java:79) ~[spring-web-4.0.6.RELEASE.jar:4.0.6.RELEASE]
	at org.springframework.web.method.support.InvocableHandlerMethod.getMethodArgumentValues(InvocableHandlerMethod.java:157) ~[spring-web-4.0.6.RELEASE.jar:4.0.6.RELEASE]
	at org.springframework.web.method.support.InvocableHandlerMethod.invokeForRequest(InvocableHandlerMethod.java:124) ~[spring-web-4.0.6.RELEASE.jar:4.0.6.RELEASE]
	at org.springframework.web.servlet.mvc.method.annotation.ServletInvocableHandlerMethod.invokeAndHandle(ServletInvocableHandlerMethod.java:104) ~[spring-webmvc-4.0.6.RELEASE.jar:4.0.6.RELEASE]
	at org.springframework.web.servlet.mvc.method.annotation.RequestMappingHandlerAdapter.invokeHandleMethod(RequestMappingHandlerAdapter.java:749) ~[spring-webmvc-4.0.6.RELEASE.jar:4.0.6.RELEASE]
	at org.springframework.web.servlet.mvc.method.annotation.RequestMappingHandlerAdapter.handleInternal(RequestMappingHandlerAdapter.java:689) ~[spring-webmvc-4.0.6.RELEASE.jar:4.0.6.RELEASE]
	at org.springframework.web.servlet.mvc.method.AbstractHandlerMethodAdapter.handle(AbstractHandlerMethodAdapter.java:83) ~[spring-webmvc-4.0.6.RELEASE.jar:4.0.6.RELEASE]
	at org.springframework.web.servlet.DispatcherServlet.doDispatch(DispatcherServlet.java:938) ~[spring-webmvc-4.0.6.RELEASE.jar:4.0.6.RELEASE]
	at org.springframework.web.servlet.DispatcherServlet.doService(DispatcherServlet.java:870) ~[spring-webmvc-4.0.6.RELEASE.jar:4.0.6.RELEASE]
	at org.springframework.web.servlet.FrameworkServlet.processRequest(FrameworkServlet.java:961) [spring-webmvc-4.0.6.RELEASE.jar:4.0.6.RELEASE]
	at org.springframework.web.servlet.FrameworkServlet.doPost(FrameworkServlet.java:863) [spring-webmvc-4.0.6.RELEASE.jar:4.0.6.RELEASE]
	at javax.servlet.http.HttpServlet.service(HttpServlet.java:641) [tomcat-servlet-api-3.0.jar:na]
	at org.springframework.web.servlet.FrameworkServlet.service(FrameworkServlet.java:837) [spring-webmvc-4.0.6.RELEASE.jar:4.0.6.RELEASE]
	at javax.servlet.http.HttpServlet.service(HttpServlet.java:722) [tomcat-servlet-api-3.0.jar:na]
	at org.apache.catalina.core.ApplicationFilterChain.internalDoFilter(ApplicationFilterChain.java:305) [tomcat-catalina-7.0.26.jar:7.0.26]
	at org.apache.catalina.core.ApplicationFilterChain.doFilter(ApplicationFilterChain.java:210) [tomcat-catalina-7.0.26.jar:7.0.26]
	at org.springframework.web.filter.CharacterEncodingFilter.doFilterInternal(CharacterEncodingFilter.java:88) [spring-web-4.0.6.RELEASE.jar:4.0.6.RELEASE]
	at org.springframework.web.filter.OncePerRequestFilter.doFilter(OncePerRequestFilter.java:107) [spring-web-4.0.6.RELEASE.jar:4.0.6.RELEASE]
	at org.apache.catalina.core.ApplicationFilterChain.internalDoFilter(ApplicationFilterChain.java:243) [tomcat-catalina-7.0.26.jar:7.0.26]
	at org.apache.catalina.core.ApplicationFilterChain.doFilter(ApplicationFilterChain.java:210) [tomcat-catalina-7.0.26.jar:7.0.26]
	at com.thetransactioncompany.cors.CORSFilter.doFilter(CORSFilter.java:158) [cors-filter-1.9.2.jar:1.9.2]
	at com.thetransactioncompany.cors.CORSFilter.doFilter(CORSFilter.java:232) [cors-filter-1.9.2.jar:1.9.2]
	at org.apache.catalina.core.ApplicationFilterChain.internalDoFilter(ApplicationFilterChain.java:243) [tomcat-catalina-7.0.26.jar:7.0.26]
	at org.apache.catalina.core.ApplicationFilterChain.doFilter(ApplicationFilterChain.java:210) [tomcat-catalina-7.0.26.jar:7.0.26]
	at org.apache.catalina.core.StandardWrapperValve.invoke(StandardWrapperValve.java:224) [tomcat-catalina-7.0.26.jar:7.0.26]
	at org.apache.catalina.core.StandardContextValve.invoke(StandardContextValve.java:169) [tomcat-catalina-7.0.26.jar:7.0.26]
	at org.apache.catalina.authenticator.AuthenticatorBase.invoke(AuthenticatorBase.java:472) [tomcat-catalina-7.0.26.jar:7.0.26]
	at org.apache.catalina.core.StandardHostValve.invoke(StandardHostValve.java:168) [tomcat-catalina-7.0.26.jar:7.0.26]
	at org.apache.catalina.valves.ErrorReportValve.invoke(ErrorReportValve.java:98) [tomcat-catalina-7.0.26.jar:7.0.26]
	at org.apache.catalina.valves.AccessLogValve.invoke(AccessLogValve.java:927) [tomcat-catalina-7.0.26.jar:7.0.26]
	at org.apache.catalina.core.StandardEngineValve.invoke(StandardEngineValve.java:118) [tomcat-catalina-7.0.26.jar:7.0.26]
	at org.apache.catalina.connector.CoyoteAdapter.service(CoyoteAdapter.java:407) [tomcat-catalina-7.0.26.jar:7.0.26]
	at org.apache.coyote.http11.AbstractHttp11Processor.process(AbstractHttp11Processor.java:987) [tomcat-coyote-7.0.26.jar:7.0.26]
	at org.apache.coyote.AbstractProtocol$AbstractConnectionHandler.process(AbstractProtocol.java:579) [tomcat-coyote-7.0.26.jar:7.0.26]
	at org.apache.tomcat.util.net.JIoEndpoint$SocketProcessor.run(JIoEndpoint.java:307) [tomcat-coyote-7.0.26.jar:7.0.26]
	at java.util.concurrent.ThreadPoolExecutor.runWorker(ThreadPoolExecutor.java:1145) [na:1.7.0_71]
	at java.util.concurrent.ThreadPoolExecutor$Worker.run(ThreadPoolExecutor.java:615) [na:1.7.0_71]
	at java.lang.Thread.run(Thread.java:745) [na:1.7.0_71]
Caused by: com.fasterxml.jackson.databind.JsonMappingException: Can not deserialize instance of java.util.ArrayList out of START_OBJECT token
 at [Source: org.apache.catalina.connector.CoyoteInputStream@3d522d19; line: 2, column: 3]
	at com.fasterxml.jackson.databind.JsonMappingException.from(JsonMappingException.java:163) ~[jackson-databind-2.0.6.jar:na]
	at com.fasterxml.jackson.databind.DeserializationContext.mappingException(DeserializationContext.java:588) ~[jackson-databind-2.0.6.jar:na]
	at com.fasterxml.jackson.databind.DeserializationContext.mappingException(DeserializationContext.java:582) ~[jackson-databind-2.0.6.jar:na]
	at com.fasterxml.jackson.databind.deser.std.CollectionDeserializer.handleNonArray(CollectionDeserializer.java:255) ~[jackson-databind-2.0.6.jar:na]
	at com.fasterxml.jackson.databind.deser.std.CollectionDeserializer.deserialize(CollectionDeserializer.java:213) ~[jackson-databind-2.0.6.jar:na]
	at com.fasterxml.jackson.databind.deser.std.CollectionDeserializer.deserialize(CollectionDeserializer.java:203) ~[jackson-databind-2.0.6.jar:na]
	at com.fasterxml.jackson.databind.deser.std.CollectionDeserializer.deserialize(CollectionDeserializer.java:23) ~[jackson-databind-2.0.6.jar:na]
	at com.fasterxml.jackson.databind.ObjectMapper._readMapAndClose(ObjectMapper.java:2575) ~[jackson-databind-2.0.6.jar:na]
	at com.fasterxml.jackson.databind.ObjectMapper.readValue(ObjectMapper.java:1865) ~[jackson-databind-2.0.6.jar:na]
	at org.springframework.http.converter.json.MappingJackson2HttpMessageConverter.readJavaType(MappingJackson2HttpMessageConverter.java:225) ~[spring-web-4.0.6.RELEASE.jar:4.0.6.RELEASE]
	... 42 common frames omitted
2015-06-03 17:25:46.369 [http-bio-8080-exec-9] [ERROR] com.datayes.paas.usermaster.util.CommonHandler - Invalid Json data
org.springframework.http.converter.HttpMessageNotReadableException: Could not read JSON: Unexpected character ('â' (code 226)): was expecting double-quote to start field name
 at [Source: org.apache.catalina.connector.CoyoteInputStream@5aa91edb; line: 4, column: 2]; nested exception is com.fasterxml.jackson.core.JsonParseException: Unexpected character ('â' (code 226)): was expecting double-quote to start field name
 at [Source: org.apache.catalina.connector.CoyoteInputStream@5aa91edb; line: 4, column: 2]
	at org.springframework.http.converter.json.MappingJackson2HttpMessageConverter.readJavaType(MappingJackson2HttpMessageConverter.java:228) ~[spring-web-4.0.6.RELEASE.jar:4.0.6.RELEASE]
	at org.springframework.http.converter.json.MappingJackson2HttpMessageConverter.read(MappingJackson2HttpMessageConverter.java:220) ~[spring-web-4.0.6.RELEASE.jar:4.0.6.RELEASE]
	at org.springframework.web.servlet.mvc.method.annotation.AbstractMessageConverterMethodArgumentResolver.readWithMessageConverters(AbstractMessageConverterMethodArgumentResolver.java:138) ~[spring-webmvc-4.0.6.RELEASE.jar:4.0.6.RELEASE]
	at org.springframework.web.servlet.mvc.method.annotation.RequestResponseBodyMethodProcessor.readWithMessageConverters(RequestResponseBodyMethodProcessor.java:183) ~[spring-webmvc-4.0.6.RELEASE.jar:4.0.6.RELEASE]
	at org.springframework.web.servlet.mvc.method.annotation.RequestResponseBodyMethodProcessor.resolveArgument(RequestResponseBodyMethodProcessor.java:98) ~[spring-webmvc-4.0.6.RELEASE.jar:4.0.6.RELEASE]
	at org.springframework.web.method.support.HandlerMethodArgumentResolverComposite.resolveArgument(HandlerMethodArgumentResolverComposite.java:79) ~[spring-web-4.0.6.RELEASE.jar:4.0.6.RELEASE]
	at org.springframework.web.method.support.InvocableHandlerMethod.getMethodArgumentValues(InvocableHandlerMethod.java:157) ~[spring-web-4.0.6.RELEASE.jar:4.0.6.RELEASE]
	at org.springframework.web.method.support.InvocableHandlerMethod.invokeForRequest(InvocableHandlerMethod.java:124) ~[spring-web-4.0.6.RELEASE.jar:4.0.6.RELEASE]
	at org.springframework.web.servlet.mvc.method.annotation.ServletInvocableHandlerMethod.invokeAndHandle(ServletInvocableHandlerMethod.java:104) ~[spring-webmvc-4.0.6.RELEASE.jar:4.0.6.RELEASE]
	at org.springframework.web.servlet.mvc.method.annotation.RequestMappingHandlerAdapter.invokeHandleMethod(RequestMappingHandlerAdapter.java:749) ~[spring-webmvc-4.0.6.RELEASE.jar:4.0.6.RELEASE]
	at org.springframework.web.servlet.mvc.method.annotation.RequestMappingHandlerAdapter.handleInternal(RequestMappingHandlerAdapter.java:689) ~[spring-webmvc-4.0.6.RELEASE.jar:4.0.6.RELEASE]
	at org.springframework.web.servlet.mvc.method.AbstractHandlerMethodAdapter.handle(AbstractHandlerMethodAdapter.java:83) ~[spring-webmvc-4.0.6.RELEASE.jar:4.0.6.RELEASE]
	at org.springframework.web.servlet.DispatcherServlet.doDispatch(DispatcherServlet.java:938) ~[spring-webmvc-4.0.6.RELEASE.jar:4.0.6.RELEASE]
	at org.springframework.web.servlet.DispatcherServlet.doService(DispatcherServlet.java:870) ~[spring-webmvc-4.0.6.RELEASE.jar:4.0.6.RELEASE]
	at org.springframework.web.servlet.FrameworkServlet.processRequest(FrameworkServlet.java:961) [spring-webmvc-4.0.6.RELEASE.jar:4.0.6.RELEASE]
	at org.springframework.web.servlet.FrameworkServlet.doPost(FrameworkServlet.java:863) [spring-webmvc-4.0.6.RELEASE.jar:4.0.6.RELEASE]
	at javax.servlet.http.HttpServlet.service(HttpServlet.java:641) [tomcat-servlet-api-3.0.jar:na]
	at org.springframework.web.servlet.FrameworkServlet.service(FrameworkServlet.java:837) [spring-webmvc-4.0.6.RELEASE.jar:4.0.6.RELEASE]
	at javax.servlet.http.HttpServlet.service(HttpServlet.java:722) [tomcat-servlet-api-3.0.jar:na]
	at org.apache.catalina.core.ApplicationFilterChain.internalDoFilter(ApplicationFilterChain.java:305) [tomcat-catalina-7.0.26.jar:7.0.26]
	at org.apache.catalina.core.ApplicationFilterChain.doFilter(ApplicationFilterChain.java:210) [tomcat-catalina-7.0.26.jar:7.0.26]
	at org.springframework.web.filter.CharacterEncodingFilter.doFilterInternal(CharacterEncodingFilter.java:88) [spring-web-4.0.6.RELEASE.jar:4.0.6.RELEASE]
	at org.springframework.web.filter.OncePerRequestFilter.doFilter(OncePerRequestFilter.java:107) [spring-web-4.0.6.RELEASE.jar:4.0.6.RELEASE]
	at org.apache.catalina.core.ApplicationFilterChain.internalDoFilter(ApplicationFilterChain.java:243) [tomcat-catalina-7.0.26.jar:7.0.26]
	at org.apache.catalina.core.ApplicationFilterChain.doFilter(ApplicationFilterChain.java:210) [tomcat-catalina-7.0.26.jar:7.0.26]
	at com.thetransactioncompany.cors.CORSFilter.doFilter(CORSFilter.java:158) [cors-filter-1.9.2.jar:1.9.2]
	at com.thetransactioncompany.cors.CORSFilter.doFilter(CORSFilter.java:232) [cors-filter-1.9.2.jar:1.9.2]
	at org.apache.catalina.core.ApplicationFilterChain.internalDoFilter(ApplicationFilterChain.java:243) [tomcat-catalina-7.0.26.jar:7.0.26]
	at org.apache.catalina.core.ApplicationFilterChain.doFilter(ApplicationFilterChain.java:210) [tomcat-catalina-7.0.26.jar:7.0.26]
	at org.apache.catalina.core.StandardWrapperValve.invoke(StandardWrapperValve.java:224) [tomcat-catalina-7.0.26.jar:7.0.26]
	at org.apache.catalina.core.StandardContextValve.invoke(StandardContextValve.java:169) [tomcat-catalina-7.0.26.jar:7.0.26]
	at org.apache.catalina.authenticator.AuthenticatorBase.invoke(AuthenticatorBase.java:472) [tomcat-catalina-7.0.26.jar:7.0.26]
	at org.apache.catalina.core.StandardHostValve.invoke(StandardHostValve.java:168) [tomcat-catalina-7.0.26.jar:7.0.26]
	at org.apache.catalina.valves.ErrorReportValve.invoke(ErrorReportValve.java:98) [tomcat-catalina-7.0.26.jar:7.0.26]
	at org.apache.catalina.valves.AccessLogValve.invoke(AccessLogValve.java:927) [tomcat-catalina-7.0.26.jar:7.0.26]
	at org.apache.catalina.core.StandardEngineValve.invoke(StandardEngineValve.java:118) [tomcat-catalina-7.0.26.jar:7.0.26]
	at org.apache.catalina.connector.CoyoteAdapter.service(CoyoteAdapter.java:407) [tomcat-catalina-7.0.26.jar:7.0.26]
	at org.apache.coyote.http11.AbstractHttp11Processor.process(AbstractHttp11Processor.java:987) [tomcat-coyote-7.0.26.jar:7.0.26]
	at org.apache.coyote.AbstractProtocol$AbstractConnectionHandler.process(AbstractProtocol.java:579) [tomcat-coyote-7.0.26.jar:7.0.26]
	at org.apache.tomcat.util.net.JIoEndpoint$SocketProcessor.run(JIoEndpoint.java:307) [tomcat-coyote-7.0.26.jar:7.0.26]
	at java.util.concurrent.ThreadPoolExecutor.runWorker(ThreadPoolExecutor.java:1145) [na:1.7.0_71]
	at java.util.concurrent.ThreadPoolExecutor$Worker.run(ThreadPoolExecutor.java:615) [na:1.7.0_71]
	at java.lang.Thread.run(Thread.java:745) [na:1.7.0_71]
Caused by: com.fasterxml.jackson.core.JsonParseException: Unexpected character ('â' (code 226)): was expecting double-quote to start field name
 at [Source: org.apache.catalina.connector.CoyoteInputStream@5aa91edb; line: 4, column: 2]
	at com.fasterxml.jackson.core.JsonParser._constructError(JsonParser.java:1284) ~[jackson-core-2.0.6.jar:na]
	at com.fasterxml.jackson.core.base.ParserMinimalBase._reportError(ParserMinimalBase.java:588) ~[jackson-core-2.0.6.jar:na]
	at com.fasterxml.jackson.core.base.ParserMinimalBase._reportUnexpectedChar(ParserMinimalBase.java:509) ~[jackson-core-2.0.6.jar:na]
	at com.fasterxml.jackson.core.json.UTF8StreamJsonParser._handleUnusualFieldName(UTF8StreamJsonParser.java:1543) ~[jackson-core-2.0.6.jar:na]
	at com.fasterxml.jackson.core.json.UTF8StreamJsonParser._parseFieldName(UTF8StreamJsonParser.java:1233) ~[jackson-core-2.0.6.jar:na]
	at com.fasterxml.jackson.core.json.UTF8StreamJsonParser.nextToken(UTF8StreamJsonParser.java:501) ~[jackson-core-2.0.6.jar:na]
	at com.fasterxml.jackson.databind.deser.BeanDeserializer.deserializeFromObject(BeanDeserializer.java:283) ~[jackson-databind-2.0.6.jar:na]
	at com.fasterxml.jackson.databind.deser.BeanDeserializer.deserialize(BeanDeserializer.java:112) ~[jackson-databind-2.0.6.jar:na]
	at com.fasterxml.jackson.databind.ObjectMapper._readMapAndClose(ObjectMapper.java:2575) ~[jackson-databind-2.0.6.jar:na]
	at com.fasterxml.jackson.databind.ObjectMapper.readValue(ObjectMapper.java:1865) ~[jackson-databind-2.0.6.jar:na]
	at org.springframework.http.converter.json.MappingJackson2HttpMessageConverter.readJavaType(MappingJackson2HttpMessageConverter.java:225) ~[spring-web-4.0.6.RELEASE.jar:4.0.6.RELEASE]
	... 42 common frames omitted
