2015-05-25 15:20:44.501 [myScheduler-1] [ERROR] com.datayes.paas.usermaster.service.VpcService - error when doing sync account. sync will continue...
com.datayes.paas.usermaster.util.UserMasterException: duplicated roleName
	at com.datayes.paas.usermaster.service.RoleService.addRole(RoleService.java:70) ~[RoleService.class:na]
	at com.datayes.paas.usermaster.service.RoleService$$FastClassBySpringCGLIB$$9cb96c12.invoke(<generated>) ~[spring-core-4.0.6.RELEASE.jar:na]
	at org.springframework.cglib.proxy.MethodProxy.invoke(MethodProxy.java:204) ~[spring-core-4.0.6.RELEASE.jar:4.0.6.RELEASE]
	at org.springframework.aop.framework.CglibAopProxy$CglibMethodInvocation.invokeJoinpoint(CglibAopProxy.java:708) ~[spring-aop-4.0.6.RELEASE.jar:4.0.6.RELEASE]
	at org.springframework.aop.framework.ReflectiveMethodInvocation.proceed(ReflectiveMethodInvocation.java:157) ~[spring-aop-4.0.6.RELEASE.jar:4.0.6.RELEASE]
	at org.springframework.transaction.interceptor.TransactionInterceptor$1.proceedWithInvocation(TransactionInterceptor.java:98) ~[spring-tx-4.0.6.RELEASE.jar:4.0.6.RELEASE]
	at org.springframework.transaction.interceptor.TransactionAspectSupport.invokeWithinTransaction(TransactionAspectSupport.java:262) ~[spring-tx-4.0.6.RELEASE.jar:4.0.6.RELEASE]
	at org.springframework.transaction.interceptor.TransactionInterceptor.invoke(TransactionInterceptor.java:95) ~[spring-tx-4.0.6.RELEASE.jar:4.0.6.RELEASE]
	at org.springframework.aop.framework.ReflectiveMethodInvocation.proceed(ReflectiveMethodInvocation.java:179) ~[spring-aop-4.0.6.RELEASE.jar:4.0.6.RELEASE]
	at org.springframework.aop.framework.CglibAopProxy$DynamicAdvisedInterceptor.intercept(CglibAopProxy.java:644) ~[spring-aop-4.0.6.RELEASE.jar:4.0.6.RELEASE]
	at com.datayes.paas.usermaster.service.RoleService$$EnhancerBySpringCGLIB$$451130a7.addRole(<generated>) ~[spring-core-4.0.6.RELEASE.jar:na]
	at com.datayes.paas.usermaster.service.VpcService.syncAccounts(VpcService.java:214) ~[VpcService.class:na]
	at sun.reflect.NativeMethodAccessorImpl.invoke0(Native Method) ~[na:1.7.0_45]
	at sun.reflect.NativeMethodAccessorImpl.invoke(NativeMethodAccessorImpl.java:57) ~[na:1.7.0_45]
	at sun.reflect.DelegatingMethodAccessorImpl.invoke(DelegatingMethodAccessorImpl.java:43) ~[na:1.7.0_45]
	at java.lang.reflect.Method.invoke(Method.java:606) ~[na:1.7.0_45]
	at org.springframework.scheduling.support.ScheduledMethodRunnable.run(ScheduledMethodRunnable.java:65) [spring-context-4.0.6.RELEASE.jar:4.0.6.RELEASE]
	at org.springframework.scheduling.support.DelegatingErrorHandlingRunnable.run(DelegatingErrorHandlingRunnable.java:54) [spring-context-4.0.6.RELEASE.jar:4.0.6.RELEASE]
	at java.util.concurrent.Executors$RunnableAdapter.call(Executors.java:471) [na:1.7.0_45]
	at java.util.concurrent.FutureTask.runAndReset(FutureTask.java:304) [na:1.7.0_45]
	at java.util.concurrent.ScheduledThreadPoolExecutor$ScheduledFutureTask.access$301(ScheduledThreadPoolExecutor.java:178) [na:1.7.0_45]
	at java.util.concurrent.ScheduledThreadPoolExecutor$ScheduledFutureTask.run(ScheduledThreadPoolExecutor.java:293) [na:1.7.0_45]
	at java.util.concurrent.ThreadPoolExecutor.runWorker(ThreadPoolExecutor.java:1145) [na:1.7.0_45]
	at java.util.concurrent.ThreadPoolExecutor$Worker.run(ThreadPoolExecutor.java:615) [na:1.7.0_45]
	at java.lang.Thread.run(Thread.java:744) [na:1.7.0_45]
2015-05-25 15:20:44.915 [myScheduler-1] [ERROR] com.datayes.paas.usermaster.service.VpcService - error when doing sync account. sync will continue...
com.datayes.paas.usermaster.util.UserMasterException: duplicated roleName
	at com.datayes.paas.usermaster.service.RoleService.addRole(RoleService.java:70) ~[RoleService.class:na]
	at com.datayes.paas.usermaster.service.RoleService$$FastClassBySpringCGLIB$$9cb96c12.invoke(<generated>) ~[spring-core-4.0.6.RELEASE.jar:na]
	at org.springframework.cglib.proxy.MethodProxy.invoke(MethodProxy.java:204) ~[spring-core-4.0.6.RELEASE.jar:4.0.6.RELEASE]
	at org.springframework.aop.framework.CglibAopProxy$CglibMethodInvocation.invokeJoinpoint(CglibAopProxy.java:708) ~[spring-aop-4.0.6.RELEASE.jar:4.0.6.RELEASE]
	at org.springframework.aop.framework.ReflectiveMethodInvocation.proceed(ReflectiveMethodInvocation.java:157) ~[spring-aop-4.0.6.RELEASE.jar:4.0.6.RELEASE]
	at org.springframework.transaction.interceptor.TransactionInterceptor$1.proceedWithInvocation(TransactionInterceptor.java:98) ~[spring-tx-4.0.6.RELEASE.jar:4.0.6.RELEASE]
	at org.springframework.transaction.interceptor.TransactionAspectSupport.invokeWithinTransaction(TransactionAspectSupport.java:262) ~[spring-tx-4.0.6.RELEASE.jar:4.0.6.RELEASE]
	at org.springframework.transaction.interceptor.TransactionInterceptor.invoke(TransactionInterceptor.java:95) ~[spring-tx-4.0.6.RELEASE.jar:4.0.6.RELEASE]
	at org.springframework.aop.framework.ReflectiveMethodInvocation.proceed(ReflectiveMethodInvocation.java:179) ~[spring-aop-4.0.6.RELEASE.jar:4.0.6.RELEASE]
	at org.springframework.aop.framework.CglibAopProxy$DynamicAdvisedInterceptor.intercept(CglibAopProxy.java:644) ~[spring-aop-4.0.6.RELEASE.jar:4.0.6.RELEASE]
	at com.datayes.paas.usermaster.service.RoleService$$EnhancerBySpringCGLIB$$451130a7.addRole(<generated>) ~[spring-core-4.0.6.RELEASE.jar:na]
	at com.datayes.paas.usermaster.service.VpcService.syncAccounts(VpcService.java:214) ~[VpcService.class:na]
	at sun.reflect.NativeMethodAccessorImpl.invoke0(Native Method) ~[na:1.7.0_45]
	at sun.reflect.NativeMethodAccessorImpl.invoke(NativeMethodAccessorImpl.java:57) ~[na:1.7.0_45]
	at sun.reflect.DelegatingMethodAccessorImpl.invoke(DelegatingMethodAccessorImpl.java:43) ~[na:1.7.0_45]
	at java.lang.reflect.Method.invoke(Method.java:606) ~[na:1.7.0_45]
	at org.springframework.scheduling.support.ScheduledMethodRunnable.run(ScheduledMethodRunnable.java:65) [spring-context-4.0.6.RELEASE.jar:4.0.6.RELEASE]
	at org.springframework.scheduling.support.DelegatingErrorHandlingRunnable.run(DelegatingErrorHandlingRunnable.java:54) [spring-context-4.0.6.RELEASE.jar:4.0.6.RELEASE]
	at java.util.concurrent.Executors$RunnableAdapter.call(Executors.java:471) [na:1.7.0_45]
	at java.util.concurrent.FutureTask.runAndReset(FutureTask.java:304) [na:1.7.0_45]
	at java.util.concurrent.ScheduledThreadPoolExecutor$ScheduledFutureTask.access$301(ScheduledThreadPoolExecutor.java:178) [na:1.7.0_45]
	at java.util.concurrent.ScheduledThreadPoolExecutor$ScheduledFutureTask.run(ScheduledThreadPoolExecutor.java:293) [na:1.7.0_45]
	at java.util.concurrent.ThreadPoolExecutor.runWorker(ThreadPoolExecutor.java:1145) [na:1.7.0_45]
	at java.util.concurrent.ThreadPoolExecutor$Worker.run(ThreadPoolExecutor.java:615) [na:1.7.0_45]
	at java.lang.Thread.run(Thread.java:744) [na:1.7.0_45]
2015-05-25 15:20:45.015 [myScheduler-1] [ERROR] com.datayes.paas.usermaster.service.VpcService - error when doing sync account. sync will continue...
com.datayes.paas.usermaster.util.UserMasterException: duplicated roleName
	at com.datayes.paas.usermaster.service.RoleService.addRole(RoleService.java:70) ~[RoleService.class:na]
	at com.datayes.paas.usermaster.service.RoleService$$FastClassBySpringCGLIB$$9cb96c12.invoke(<generated>) ~[spring-core-4.0.6.RELEASE.jar:na]
	at org.springframework.cglib.proxy.MethodProxy.invoke(MethodProxy.java:204) ~[spring-core-4.0.6.RELEASE.jar:4.0.6.RELEASE]
	at org.springframework.aop.framework.CglibAopProxy$CglibMethodInvocation.invokeJoinpoint(CglibAopProxy.java:708) ~[spring-aop-4.0.6.RELEASE.jar:4.0.6.RELEASE]
	at org.springframework.aop.framework.ReflectiveMethodInvocation.proceed(ReflectiveMethodInvocation.java:157) ~[spring-aop-4.0.6.RELEASE.jar:4.0.6.RELEASE]
	at org.springframework.transaction.interceptor.TransactionInterceptor$1.proceedWithInvocation(TransactionInterceptor.java:98) ~[spring-tx-4.0.6.RELEASE.jar:4.0.6.RELEASE]
	at org.springframework.transaction.interceptor.TransactionAspectSupport.invokeWithinTransaction(TransactionAspectSupport.java:262) ~[spring-tx-4.0.6.RELEASE.jar:4.0.6.RELEASE]
	at org.springframework.transaction.interceptor.TransactionInterceptor.invoke(TransactionInterceptor.java:95) ~[spring-tx-4.0.6.RELEASE.jar:4.0.6.RELEASE]
	at org.springframework.aop.framework.ReflectiveMethodInvocation.proceed(ReflectiveMethodInvocation.java:179) ~[spring-aop-4.0.6.RELEASE.jar:4.0.6.RELEASE]
	at org.springframework.aop.framework.CglibAopProxy$DynamicAdvisedInterceptor.intercept(CglibAopProxy.java:644) ~[spring-aop-4.0.6.RELEASE.jar:4.0.6.RELEASE]
	at com.datayes.paas.usermaster.service.RoleService$$EnhancerBySpringCGLIB$$451130a7.addRole(<generated>) ~[spring-core-4.0.6.RELEASE.jar:na]
	at com.datayes.paas.usermaster.service.VpcService.syncAccounts(VpcService.java:214) ~[VpcService.class:na]
	at sun.reflect.NativeMethodAccessorImpl.invoke0(Native Method) ~[na:1.7.0_45]
	at sun.reflect.NativeMethodAccessorImpl.invoke(NativeMethodAccessorImpl.java:57) ~[na:1.7.0_45]
	at sun.reflect.DelegatingMethodAccessorImpl.invoke(DelegatingMethodAccessorImpl.java:43) ~[na:1.7.0_45]
	at java.lang.reflect.Method.invoke(Method.java:606) ~[na:1.7.0_45]
	at org.springframework.scheduling.support.ScheduledMethodRunnable.run(ScheduledMethodRunnable.java:65) [spring-context-4.0.6.RELEASE.jar:4.0.6.RELEASE]
	at org.springframework.scheduling.support.DelegatingErrorHandlingRunnable.run(DelegatingErrorHandlingRunnable.java:54) [spring-context-4.0.6.RELEASE.jar:4.0.6.RELEASE]
	at java.util.concurrent.Executors$RunnableAdapter.call(Executors.java:471) [na:1.7.0_45]
	at java.util.concurrent.FutureTask.runAndReset(FutureTask.java:304) [na:1.7.0_45]
	at java.util.concurrent.ScheduledThreadPoolExecutor$ScheduledFutureTask.access$301(ScheduledThreadPoolExecutor.java:178) [na:1.7.0_45]
	at java.util.concurrent.ScheduledThreadPoolExecutor$ScheduledFutureTask.run(ScheduledThreadPoolExecutor.java:293) [na:1.7.0_45]
	at java.util.concurrent.ThreadPoolExecutor.runWorker(ThreadPoolExecutor.java:1145) [na:1.7.0_45]
	at java.util.concurrent.ThreadPoolExecutor$Worker.run(ThreadPoolExecutor.java:615) [na:1.7.0_45]
	at java.lang.Thread.run(Thread.java:744) [na:1.7.0_45]
2015-05-25 15:20:45.114 [myScheduler-1] [ERROR] com.datayes.paas.usermaster.service.VpcService - error when doing sync account. sync will continue...
com.datayes.paas.usermaster.util.UserMasterException: duplicated roleName
	at com.datayes.paas.usermaster.service.RoleService.addRole(RoleService.java:70) ~[RoleService.class:na]
	at com.datayes.paas.usermaster.service.RoleService$$FastClassBySpringCGLIB$$9cb96c12.invoke(<generated>) ~[spring-core-4.0.6.RELEASE.jar:na]
	at org.springframework.cglib.proxy.MethodProxy.invoke(MethodProxy.java:204) ~[spring-core-4.0.6.RELEASE.jar:4.0.6.RELEASE]
	at org.springframework.aop.framework.CglibAopProxy$CglibMethodInvocation.invokeJoinpoint(CglibAopProxy.java:708) ~[spring-aop-4.0.6.RELEASE.jar:4.0.6.RELEASE]
	at org.springframework.aop.framework.ReflectiveMethodInvocation.proceed(ReflectiveMethodInvocation.java:157) ~[spring-aop-4.0.6.RELEASE.jar:4.0.6.RELEASE]
	at org.springframework.transaction.interceptor.TransactionInterceptor$1.proceedWithInvocation(TransactionInterceptor.java:98) ~[spring-tx-4.0.6.RELEASE.jar:4.0.6.RELEASE]
	at org.springframework.transaction.interceptor.TransactionAspectSupport.invokeWithinTransaction(TransactionAspectSupport.java:262) ~[spring-tx-4.0.6.RELEASE.jar:4.0.6.RELEASE]
	at org.springframework.transaction.interceptor.TransactionInterceptor.invoke(TransactionInterceptor.java:95) ~[spring-tx-4.0.6.RELEASE.jar:4.0.6.RELEASE]
	at org.springframework.aop.framework.ReflectiveMethodInvocation.proceed(ReflectiveMethodInvocation.java:179) ~[spring-aop-4.0.6.RELEASE.jar:4.0.6.RELEASE]
	at org.springframework.aop.framework.CglibAopProxy$DynamicAdvisedInterceptor.intercept(CglibAopProxy.java:644) ~[spring-aop-4.0.6.RELEASE.jar:4.0.6.RELEASE]
	at com.datayes.paas.usermaster.service.RoleService$$EnhancerBySpringCGLIB$$451130a7.addRole(<generated>) ~[spring-core-4.0.6.RELEASE.jar:na]
	at com.datayes.paas.usermaster.service.VpcService.syncAccounts(VpcService.java:214) ~[VpcService.class:na]
	at sun.reflect.NativeMethodAccessorImpl.invoke0(Native Method) ~[na:1.7.0_45]
	at sun.reflect.NativeMethodAccessorImpl.invoke(NativeMethodAccessorImpl.java:57) ~[na:1.7.0_45]
	at sun.reflect.DelegatingMethodAccessorImpl.invoke(DelegatingMethodAccessorImpl.java:43) ~[na:1.7.0_45]
	at java.lang.reflect.Method.invoke(Method.java:606) ~[na:1.7.0_45]
	at org.springframework.scheduling.support.ScheduledMethodRunnable.run(ScheduledMethodRunnable.java:65) [spring-context-4.0.6.RELEASE.jar:4.0.6.RELEASE]
	at org.springframework.scheduling.support.DelegatingErrorHandlingRunnable.run(DelegatingErrorHandlingRunnable.java:54) [spring-context-4.0.6.RELEASE.jar:4.0.6.RELEASE]
	at java.util.concurrent.Executors$RunnableAdapter.call(Executors.java:471) [na:1.7.0_45]
	at java.util.concurrent.FutureTask.runAndReset(FutureTask.java:304) [na:1.7.0_45]
	at java.util.concurrent.ScheduledThreadPoolExecutor$ScheduledFutureTask.access$301(ScheduledThreadPoolExecutor.java:178) [na:1.7.0_45]
	at java.util.concurrent.ScheduledThreadPoolExecutor$ScheduledFutureTask.run(ScheduledThreadPoolExecutor.java:293) [na:1.7.0_45]
	at java.util.concurrent.ThreadPoolExecutor.runWorker(ThreadPoolExecutor.java:1145) [na:1.7.0_45]
	at java.util.concurrent.ThreadPoolExecutor$Worker.run(ThreadPoolExecutor.java:615) [na:1.7.0_45]
	at java.lang.Thread.run(Thread.java:744) [na:1.7.0_45]
2015-05-25 15:20:45.214 [myScheduler-1] [ERROR] com.datayes.paas.usermaster.service.VpcService - error when doing sync account. sync will continue...
com.datayes.paas.usermaster.util.UserMasterException: duplicated roleName
	at com.datayes.paas.usermaster.service.RoleService.addRole(RoleService.java:70) ~[RoleService.class:na]
	at com.datayes.paas.usermaster.service.RoleService$$FastClassBySpringCGLIB$$9cb96c12.invoke(<generated>) ~[spring-core-4.0.6.RELEASE.jar:na]
	at org.springframework.cglib.proxy.MethodProxy.invoke(MethodProxy.java:204) ~[spring-core-4.0.6.RELEASE.jar:4.0.6.RELEASE]
	at org.springframework.aop.framework.CglibAopProxy$CglibMethodInvocation.invokeJoinpoint(CglibAopProxy.java:708) ~[spring-aop-4.0.6.RELEASE.jar:4.0.6.RELEASE]
	at org.springframework.aop.framework.ReflectiveMethodInvocation.proceed(ReflectiveMethodInvocation.java:157) ~[spring-aop-4.0.6.RELEASE.jar:4.0.6.RELEASE]
	at org.springframework.transaction.interceptor.TransactionInterceptor$1.proceedWithInvocation(TransactionInterceptor.java:98) ~[spring-tx-4.0.6.RELEASE.jar:4.0.6.RELEASE]
	at org.springframework.transaction.interceptor.TransactionAspectSupport.invokeWithinTransaction(TransactionAspectSupport.java:262) ~[spring-tx-4.0.6.RELEASE.jar:4.0.6.RELEASE]
	at org.springframework.transaction.interceptor.TransactionInterceptor.invoke(TransactionInterceptor.java:95) ~[spring-tx-4.0.6.RELEASE.jar:4.0.6.RELEASE]
	at org.springframework.aop.framework.ReflectiveMethodInvocation.proceed(ReflectiveMethodInvocation.java:179) ~[spring-aop-4.0.6.RELEASE.jar:4.0.6.RELEASE]
	at org.springframework.aop.framework.CglibAopProxy$DynamicAdvisedInterceptor.intercept(CglibAopProxy.java:644) ~[spring-aop-4.0.6.RELEASE.jar:4.0.6.RELEASE]
	at com.datayes.paas.usermaster.service.RoleService$$EnhancerBySpringCGLIB$$451130a7.addRole(<generated>) ~[spring-core-4.0.6.RELEASE.jar:na]
	at com.datayes.paas.usermaster.service.VpcService.syncAccounts(VpcService.java:214) ~[VpcService.class:na]
	at sun.reflect.NativeMethodAccessorImpl.invoke0(Native Method) ~[na:1.7.0_45]
	at sun.reflect.NativeMethodAccessorImpl.invoke(NativeMethodAccessorImpl.java:57) ~[na:1.7.0_45]
	at sun.reflect.DelegatingMethodAccessorImpl.invoke(DelegatingMethodAccessorImpl.java:43) ~[na:1.7.0_45]
	at java.lang.reflect.Method.invoke(Method.java:606) ~[na:1.7.0_45]
	at org.springframework.scheduling.support.ScheduledMethodRunnable.run(ScheduledMethodRunnable.java:65) [spring-context-4.0.6.RELEASE.jar:4.0.6.RELEASE]
	at org.springframework.scheduling.support.DelegatingErrorHandlingRunnable.run(DelegatingErrorHandlingRunnable.java:54) [spring-context-4.0.6.RELEASE.jar:4.0.6.RELEASE]
	at java.util.concurrent.Executors$RunnableAdapter.call(Executors.java:471) [na:1.7.0_45]
	at java.util.concurrent.FutureTask.runAndReset(FutureTask.java:304) [na:1.7.0_45]
	at java.util.concurrent.ScheduledThreadPoolExecutor$ScheduledFutureTask.access$301(ScheduledThreadPoolExecutor.java:178) [na:1.7.0_45]
	at java.util.concurrent.ScheduledThreadPoolExecutor$ScheduledFutureTask.run(ScheduledThreadPoolExecutor.java:293) [na:1.7.0_45]
	at java.util.concurrent.ThreadPoolExecutor.runWorker(ThreadPoolExecutor.java:1145) [na:1.7.0_45]
	at java.util.concurrent.ThreadPoolExecutor$Worker.run(ThreadPoolExecutor.java:615) [na:1.7.0_45]
	at java.lang.Thread.run(Thread.java:744) [na:1.7.0_45]
2015-05-25 15:20:45.309 [myScheduler-1] [ERROR] com.datayes.paas.usermaster.service.VpcService - error when doing sync account. sync will continue...
com.datayes.paas.usermaster.util.UserMasterException: duplicated roleName
	at com.datayes.paas.usermaster.service.RoleService.addRole(RoleService.java:70) ~[RoleService.class:na]
	at com.datayes.paas.usermaster.service.RoleService$$FastClassBySpringCGLIB$$9cb96c12.invoke(<generated>) ~[spring-core-4.0.6.RELEASE.jar:na]
	at org.springframework.cglib.proxy.MethodProxy.invoke(MethodProxy.java:204) ~[spring-core-4.0.6.RELEASE.jar:4.0.6.RELEASE]
	at org.springframework.aop.framework.CglibAopProxy$CglibMethodInvocation.invokeJoinpoint(CglibAopProxy.java:708) ~[spring-aop-4.0.6.RELEASE.jar:4.0.6.RELEASE]
	at org.springframework.aop.framework.ReflectiveMethodInvocation.proceed(ReflectiveMethodInvocation.java:157) ~[spring-aop-4.0.6.RELEASE.jar:4.0.6.RELEASE]
	at org.springframework.transaction.interceptor.TransactionInterceptor$1.proceedWithInvocation(TransactionInterceptor.java:98) ~[spring-tx-4.0.6.RELEASE.jar:4.0.6.RELEASE]
	at org.springframework.transaction.interceptor.TransactionAspectSupport.invokeWithinTransaction(TransactionAspectSupport.java:262) ~[spring-tx-4.0.6.RELEASE.jar:4.0.6.RELEASE]
	at org.springframework.transaction.interceptor.TransactionInterceptor.invoke(TransactionInterceptor.java:95) ~[spring-tx-4.0.6.RELEASE.jar:4.0.6.RELEASE]
	at org.springframework.aop.framework.ReflectiveMethodInvocation.proceed(ReflectiveMethodInvocation.java:179) ~[spring-aop-4.0.6.RELEASE.jar:4.0.6.RELEASE]
	at org.springframework.aop.framework.CglibAopProxy$DynamicAdvisedInterceptor.intercept(CglibAopProxy.java:644) ~[spring-aop-4.0.6.RELEASE.jar:4.0.6.RELEASE]
	at com.datayes.paas.usermaster.service.RoleService$$EnhancerBySpringCGLIB$$451130a7.addRole(<generated>) ~[spring-core-4.0.6.RELEASE.jar:na]
	at com.datayes.paas.usermaster.service.VpcService.syncAccounts(VpcService.java:214) ~[VpcService.class:na]
	at sun.reflect.NativeMethodAccessorImpl.invoke0(Native Method) ~[na:1.7.0_45]
	at sun.reflect.NativeMethodAccessorImpl.invoke(NativeMethodAccessorImpl.java:57) ~[na:1.7.0_45]
	at sun.reflect.DelegatingMethodAccessorImpl.invoke(DelegatingMethodAccessorImpl.java:43) ~[na:1.7.0_45]
	at java.lang.reflect.Method.invoke(Method.java:606) ~[na:1.7.0_45]
	at org.springframework.scheduling.support.ScheduledMethodRunnable.run(ScheduledMethodRunnable.java:65) [spring-context-4.0.6.RELEASE.jar:4.0.6.RELEASE]
	at org.springframework.scheduling.support.DelegatingErrorHandlingRunnable.run(DelegatingErrorHandlingRunnable.java:54) [spring-context-4.0.6.RELEASE.jar:4.0.6.RELEASE]
	at java.util.concurrent.Executors$RunnableAdapter.call(Executors.java:471) [na:1.7.0_45]
	at java.util.concurrent.FutureTask.runAndReset(FutureTask.java:304) [na:1.7.0_45]
	at java.util.concurrent.ScheduledThreadPoolExecutor$ScheduledFutureTask.access$301(ScheduledThreadPoolExecutor.java:178) [na:1.7.0_45]
	at java.util.concurrent.ScheduledThreadPoolExecutor$ScheduledFutureTask.run(ScheduledThreadPoolExecutor.java:293) [na:1.7.0_45]
	at java.util.concurrent.ThreadPoolExecutor.runWorker(ThreadPoolExecutor.java:1145) [na:1.7.0_45]
	at java.util.concurrent.ThreadPoolExecutor$Worker.run(ThreadPoolExecutor.java:615) [na:1.7.0_45]
	at java.lang.Thread.run(Thread.java:744) [na:1.7.0_45]
2015-05-25 15:20:45.410 [myScheduler-1] [ERROR] com.datayes.paas.usermaster.service.VpcService - error when doing sync account. sync will continue...
com.datayes.paas.usermaster.util.UserMasterException: duplicated roleName
	at com.datayes.paas.usermaster.service.RoleService.addRole(RoleService.java:70) ~[RoleService.class:na]
	at com.datayes.paas.usermaster.service.RoleService$$FastClassBySpringCGLIB$$9cb96c12.invoke(<generated>) ~[spring-core-4.0.6.RELEASE.jar:na]
	at org.springframework.cglib.proxy.MethodProxy.invoke(MethodProxy.java:204) ~[spring-core-4.0.6.RELEASE.jar:4.0.6.RELEASE]
	at org.springframework.aop.framework.CglibAopProxy$CglibMethodInvocation.invokeJoinpoint(CglibAopProxy.java:708) ~[spring-aop-4.0.6.RELEASE.jar:4.0.6.RELEASE]
	at org.springframework.aop.framework.ReflectiveMethodInvocation.proceed(ReflectiveMethodInvocation.java:157) ~[spring-aop-4.0.6.RELEASE.jar:4.0.6.RELEASE]
	at org.springframework.transaction.interceptor.TransactionInterceptor$1.proceedWithInvocation(TransactionInterceptor.java:98) ~[spring-tx-4.0.6.RELEASE.jar:4.0.6.RELEASE]
	at org.springframework.transaction.interceptor.TransactionAspectSupport.invokeWithinTransaction(TransactionAspectSupport.java:262) ~[spring-tx-4.0.6.RELEASE.jar:4.0.6.RELEASE]
	at org.springframework.transaction.interceptor.TransactionInterceptor.invoke(TransactionInterceptor.java:95) ~[spring-tx-4.0.6.RELEASE.jar:4.0.6.RELEASE]
	at org.springframework.aop.framework.ReflectiveMethodInvocation.proceed(ReflectiveMethodInvocation.java:179) ~[spring-aop-4.0.6.RELEASE.jar:4.0.6.RELEASE]
	at org.springframework.aop.framework.CglibAopProxy$DynamicAdvisedInterceptor.intercept(CglibAopProxy.java:644) ~[spring-aop-4.0.6.RELEASE.jar:4.0.6.RELEASE]
	at com.datayes.paas.usermaster.service.RoleService$$EnhancerBySpringCGLIB$$451130a7.addRole(<generated>) ~[spring-core-4.0.6.RELEASE.jar:na]
	at com.datayes.paas.usermaster.service.VpcService.syncAccounts(VpcService.java:214) ~[VpcService.class:na]
	at sun.reflect.NativeMethodAccessorImpl.invoke0(Native Method) ~[na:1.7.0_45]
	at sun.reflect.NativeMethodAccessorImpl.invoke(NativeMethodAccessorImpl.java:57) ~[na:1.7.0_45]
	at sun.reflect.DelegatingMethodAccessorImpl.invoke(DelegatingMethodAccessorImpl.java:43) ~[na:1.7.0_45]
	at java.lang.reflect.Method.invoke(Method.java:606) ~[na:1.7.0_45]
	at org.springframework.scheduling.support.ScheduledMethodRunnable.run(ScheduledMethodRunnable.java:65) [spring-context-4.0.6.RELEASE.jar:4.0.6.RELEASE]
	at org.springframework.scheduling.support.DelegatingErrorHandlingRunnable.run(DelegatingErrorHandlingRunnable.java:54) [spring-context-4.0.6.RELEASE.jar:4.0.6.RELEASE]
	at java.util.concurrent.Executors$RunnableAdapter.call(Executors.java:471) [na:1.7.0_45]
	at java.util.concurrent.FutureTask.runAndReset(FutureTask.java:304) [na:1.7.0_45]
	at java.util.concurrent.ScheduledThreadPoolExecutor$ScheduledFutureTask.access$301(ScheduledThreadPoolExecutor.java:178) [na:1.7.0_45]
	at java.util.concurrent.ScheduledThreadPoolExecutor$ScheduledFutureTask.run(ScheduledThreadPoolExecutor.java:293) [na:1.7.0_45]
	at java.util.concurrent.ThreadPoolExecutor.runWorker(ThreadPoolExecutor.java:1145) [na:1.7.0_45]
	at java.util.concurrent.ThreadPoolExecutor$Worker.run(ThreadPoolExecutor.java:615) [na:1.7.0_45]
	at java.lang.Thread.run(Thread.java:744) [na:1.7.0_45]
2015-05-25 15:20:45.511 [myScheduler-1] [ERROR] com.datayes.paas.usermaster.service.VpcService - error when doing sync account. sync will continue...
com.datayes.paas.usermaster.util.UserMasterException: duplicated roleName
	at com.datayes.paas.usermaster.service.RoleService.addRole(RoleService.java:70) ~[RoleService.class:na]
	at com.datayes.paas.usermaster.service.RoleService$$FastClassBySpringCGLIB$$9cb96c12.invoke(<generated>) ~[spring-core-4.0.6.RELEASE.jar:na]
	at org.springframework.cglib.proxy.MethodProxy.invoke(MethodProxy.java:204) ~[spring-core-4.0.6.RELEASE.jar:4.0.6.RELEASE]
	at org.springframework.aop.framework.CglibAopProxy$CglibMethodInvocation.invokeJoinpoint(CglibAopProxy.java:708) ~[spring-aop-4.0.6.RELEASE.jar:4.0.6.RELEASE]
	at org.springframework.aop.framework.ReflectiveMethodInvocation.proceed(ReflectiveMethodInvocation.java:157) ~[spring-aop-4.0.6.RELEASE.jar:4.0.6.RELEASE]
	at org.springframework.transaction.interceptor.TransactionInterceptor$1.proceedWithInvocation(TransactionInterceptor.java:98) ~[spring-tx-4.0.6.RELEASE.jar:4.0.6.RELEASE]
	at org.springframework.transaction.interceptor.TransactionAspectSupport.invokeWithinTransaction(TransactionAspectSupport.java:262) ~[spring-tx-4.0.6.RELEASE.jar:4.0.6.RELEASE]
	at org.springframework.transaction.interceptor.TransactionInterceptor.invoke(TransactionInterceptor.java:95) ~[spring-tx-4.0.6.RELEASE.jar:4.0.6.RELEASE]
	at org.springframework.aop.framework.ReflectiveMethodInvocation.proceed(ReflectiveMethodInvocation.java:179) ~[spring-aop-4.0.6.RELEASE.jar:4.0.6.RELEASE]
	at org.springframework.aop.framework.CglibAopProxy$DynamicAdvisedInterceptor.intercept(CglibAopProxy.java:644) ~[spring-aop-4.0.6.RELEASE.jar:4.0.6.RELEASE]
	at com.datayes.paas.usermaster.service.RoleService$$EnhancerBySpringCGLIB$$451130a7.addRole(<generated>) ~[spring-core-4.0.6.RELEASE.jar:na]
	at com.datayes.paas.usermaster.service.VpcService.syncAccounts(VpcService.java:214) ~[VpcService.class:na]
	at sun.reflect.NativeMethodAccessorImpl.invoke0(Native Method) ~[na:1.7.0_45]
	at sun.reflect.NativeMethodAccessorImpl.invoke(NativeMethodAccessorImpl.java:57) ~[na:1.7.0_45]
	at sun.reflect.DelegatingMethodAccessorImpl.invoke(DelegatingMethodAccessorImpl.java:43) ~[na:1.7.0_45]
	at java.lang.reflect.Method.invoke(Method.java:606) ~[na:1.7.0_45]
	at org.springframework.scheduling.support.ScheduledMethodRunnable.run(ScheduledMethodRunnable.java:65) [spring-context-4.0.6.RELEASE.jar:4.0.6.RELEASE]
	at org.springframework.scheduling.support.DelegatingErrorHandlingRunnable.run(DelegatingErrorHandlingRunnable.java:54) [spring-context-4.0.6.RELEASE.jar:4.0.6.RELEASE]
	at java.util.concurrent.Executors$RunnableAdapter.call(Executors.java:471) [na:1.7.0_45]
	at java.util.concurrent.FutureTask.runAndReset(FutureTask.java:304) [na:1.7.0_45]
	at java.util.concurrent.ScheduledThreadPoolExecutor$ScheduledFutureTask.access$301(ScheduledThreadPoolExecutor.java:178) [na:1.7.0_45]
	at java.util.concurrent.ScheduledThreadPoolExecutor$ScheduledFutureTask.run(ScheduledThreadPoolExecutor.java:293) [na:1.7.0_45]
	at java.util.concurrent.ThreadPoolExecutor.runWorker(ThreadPoolExecutor.java:1145) [na:1.7.0_45]
	at java.util.concurrent.ThreadPoolExecutor$Worker.run(ThreadPoolExecutor.java:615) [na:1.7.0_45]
	at java.lang.Thread.run(Thread.java:744) [na:1.7.0_45]
2015-05-25 15:20:45.588 [myScheduler-1] [ERROR] com.datayes.paas.usermaster.service.VpcService - error when doing sync account. sync will continue...
com.datayes.paas.usermaster.util.UserMasterException: duplicated roleName
	at com.datayes.paas.usermaster.service.RoleService.addRole(RoleService.java:70) ~[RoleService.class:na]
	at com.datayes.paas.usermaster.service.RoleService$$FastClassBySpringCGLIB$$9cb96c12.invoke(<generated>) ~[spring-core-4.0.6.RELEASE.jar:na]
	at org.springframework.cglib.proxy.MethodProxy.invoke(MethodProxy.java:204) ~[spring-core-4.0.6.RELEASE.jar:4.0.6.RELEASE]
	at org.springframework.aop.framework.CglibAopProxy$CglibMethodInvocation.invokeJoinpoint(CglibAopProxy.java:708) ~[spring-aop-4.0.6.RELEASE.jar:4.0.6.RELEASE]
	at org.springframework.aop.framework.ReflectiveMethodInvocation.proceed(ReflectiveMethodInvocation.java:157) ~[spring-aop-4.0.6.RELEASE.jar:4.0.6.RELEASE]
	at org.springframework.transaction.interceptor.TransactionInterceptor$1.proceedWithInvocation(TransactionInterceptor.java:98) ~[spring-tx-4.0.6.RELEASE.jar:4.0.6.RELEASE]
	at org.springframework.transaction.interceptor.TransactionAspectSupport.invokeWithinTransaction(TransactionAspectSupport.java:262) ~[spring-tx-4.0.6.RELEASE.jar:4.0.6.RELEASE]
	at org.springframework.transaction.interceptor.TransactionInterceptor.invoke(TransactionInterceptor.java:95) ~[spring-tx-4.0.6.RELEASE.jar:4.0.6.RELEASE]
	at org.springframework.aop.framework.ReflectiveMethodInvocation.proceed(ReflectiveMethodInvocation.java:179) ~[spring-aop-4.0.6.RELEASE.jar:4.0.6.RELEASE]
	at org.springframework.aop.framework.CglibAopProxy$DynamicAdvisedInterceptor.intercept(CglibAopProxy.java:644) ~[spring-aop-4.0.6.RELEASE.jar:4.0.6.RELEASE]
	at com.datayes.paas.usermaster.service.RoleService$$EnhancerBySpringCGLIB$$451130a7.addRole(<generated>) ~[spring-core-4.0.6.RELEASE.jar:na]
	at com.datayes.paas.usermaster.service.VpcService.syncAccounts(VpcService.java:214) ~[VpcService.class:na]
	at sun.reflect.NativeMethodAccessorImpl.invoke0(Native Method) ~[na:1.7.0_45]
	at sun.reflect.NativeMethodAccessorImpl.invoke(NativeMethodAccessorImpl.java:57) ~[na:1.7.0_45]
	at sun.reflect.DelegatingMethodAccessorImpl.invoke(DelegatingMethodAccessorImpl.java:43) ~[na:1.7.0_45]
	at java.lang.reflect.Method.invoke(Method.java:606) ~[na:1.7.0_45]
	at org.springframework.scheduling.support.ScheduledMethodRunnable.run(ScheduledMethodRunnable.java:65) [spring-context-4.0.6.RELEASE.jar:4.0.6.RELEASE]
	at org.springframework.scheduling.support.DelegatingErrorHandlingRunnable.run(DelegatingErrorHandlingRunnable.java:54) [spring-context-4.0.6.RELEASE.jar:4.0.6.RELEASE]
	at java.util.concurrent.Executors$RunnableAdapter.call(Executors.java:471) [na:1.7.0_45]
	at java.util.concurrent.FutureTask.runAndReset(FutureTask.java:304) [na:1.7.0_45]
	at java.util.concurrent.ScheduledThreadPoolExecutor$ScheduledFutureTask.access$301(ScheduledThreadPoolExecutor.java:178) [na:1.7.0_45]
	at java.util.concurrent.ScheduledThreadPoolExecutor$ScheduledFutureTask.run(ScheduledThreadPoolExecutor.java:293) [na:1.7.0_45]
	at java.util.concurrent.ThreadPoolExecutor.runWorker(ThreadPoolExecutor.java:1145) [na:1.7.0_45]
	at java.util.concurrent.ThreadPoolExecutor$Worker.run(ThreadPoolExecutor.java:615) [na:1.7.0_45]
	at java.lang.Thread.run(Thread.java:744) [na:1.7.0_45]
2015-05-25 15:20:45.661 [myScheduler-1] [ERROR] com.datayes.paas.usermaster.service.VpcService - error when doing sync account. sync will continue...
com.datayes.paas.usermaster.util.UserMasterException: duplicated roleName
	at com.datayes.paas.usermaster.service.RoleService.addRole(RoleService.java:70) ~[RoleService.class:na]
	at com.datayes.paas.usermaster.service.RoleService$$FastClassBySpringCGLIB$$9cb96c12.invoke(<generated>) ~[spring-core-4.0.6.RELEASE.jar:na]
	at org.springframework.cglib.proxy.MethodProxy.invoke(MethodProxy.java:204) ~[spring-core-4.0.6.RELEASE.jar:4.0.6.RELEASE]
	at org.springframework.aop.framework.CglibAopProxy$CglibMethodInvocation.invokeJoinpoint(CglibAopProxy.java:708) ~[spring-aop-4.0.6.RELEASE.jar:4.0.6.RELEASE]
	at org.springframework.aop.framework.ReflectiveMethodInvocation.proceed(ReflectiveMethodInvocation.java:157) ~[spring-aop-4.0.6.RELEASE.jar:4.0.6.RELEASE]
	at org.springframework.transaction.interceptor.TransactionInterceptor$1.proceedWithInvocation(TransactionInterceptor.java:98) ~[spring-tx-4.0.6.RELEASE.jar:4.0.6.RELEASE]
	at org.springframework.transaction.interceptor.TransactionAspectSupport.invokeWithinTransaction(TransactionAspectSupport.java:262) ~[spring-tx-4.0.6.RELEASE.jar:4.0.6.RELEASE]
	at org.springframework.transaction.interceptor.TransactionInterceptor.invoke(TransactionInterceptor.java:95) ~[spring-tx-4.0.6.RELEASE.jar:4.0.6.RELEASE]
	at org.springframework.aop.framework.ReflectiveMethodInvocation.proceed(ReflectiveMethodInvocation.java:179) ~[spring-aop-4.0.6.RELEASE.jar:4.0.6.RELEASE]
	at org.springframework.aop.framework.CglibAopProxy$DynamicAdvisedInterceptor.intercept(CglibAopProxy.java:644) ~[spring-aop-4.0.6.RELEASE.jar:4.0.6.RELEASE]
	at com.datayes.paas.usermaster.service.RoleService$$EnhancerBySpringCGLIB$$451130a7.addRole(<generated>) ~[spring-core-4.0.6.RELEASE.jar:na]
	at com.datayes.paas.usermaster.service.VpcService.syncAccounts(VpcService.java:214) ~[VpcService.class:na]
	at sun.reflect.NativeMethodAccessorImpl.invoke0(Native Method) ~[na:1.7.0_45]
	at sun.reflect.NativeMethodAccessorImpl.invoke(NativeMethodAccessorImpl.java:57) ~[na:1.7.0_45]
	at sun.reflect.DelegatingMethodAccessorImpl.invoke(DelegatingMethodAccessorImpl.java:43) ~[na:1.7.0_45]
	at java.lang.reflect.Method.invoke(Method.java:606) ~[na:1.7.0_45]
	at org.springframework.scheduling.support.ScheduledMethodRunnable.run(ScheduledMethodRunnable.java:65) [spring-context-4.0.6.RELEASE.jar:4.0.6.RELEASE]
	at org.springframework.scheduling.support.DelegatingErrorHandlingRunnable.run(DelegatingErrorHandlingRunnable.java:54) [spring-context-4.0.6.RELEASE.jar:4.0.6.RELEASE]
	at java.util.concurrent.Executors$RunnableAdapter.call(Executors.java:471) [na:1.7.0_45]
	at java.util.concurrent.FutureTask.runAndReset(FutureTask.java:304) [na:1.7.0_45]
	at java.util.concurrent.ScheduledThreadPoolExecutor$ScheduledFutureTask.access$301(ScheduledThreadPoolExecutor.java:178) [na:1.7.0_45]
	at java.util.concurrent.ScheduledThreadPoolExecutor$ScheduledFutureTask.run(ScheduledThreadPoolExecutor.java:293) [na:1.7.0_45]
	at java.util.concurrent.ThreadPoolExecutor.runWorker(ThreadPoolExecutor.java:1145) [na:1.7.0_45]
	at java.util.concurrent.ThreadPoolExecutor$Worker.run(ThreadPoolExecutor.java:615) [na:1.7.0_45]
	at java.lang.Thread.run(Thread.java:744) [na:1.7.0_45]
2015-05-25 15:29:21.748 [myScheduler-1] [ERROR] com.datayes.paas.usermaster.dao.HttpApiDao - error when getting vpc user info
com.fasterxml.jackson.core.JsonParseException: Unexpected character ('<' (code 60)): expected a valid value (number, String, array, object, 'true', 'false' or 'null')
 at [Source: java.io.StringReader@4471f8e7; line: 1, column: 2]
	at com.fasterxml.jackson.core.JsonParser._constructError(JsonParser.java:1284) ~[jackson-core-2.0.6.jar:na]
	at com.fasterxml.jackson.core.base.ParserMinimalBase._reportError(ParserMinimalBase.java:588) ~[jackson-core-2.0.6.jar:na]
	at com.fasterxml.jackson.core.base.ParserMinimalBase._reportUnexpectedChar(ParserMinimalBase.java:509) ~[jackson-core-2.0.6.jar:na]
	at com.fasterxml.jackson.core.json.ReaderBasedJsonParser._handleUnexpectedValue(ReaderBasedJsonParser.java:1209) ~[jackson-core-2.0.6.jar:na]
	at com.fasterxml.jackson.core.json.ReaderBasedJsonParser.nextToken(ReaderBasedJsonParser.java:500) ~[jackson-core-2.0.6.jar:na]
	at com.fasterxml.jackson.databind.ObjectMapper._initForReading(ObjectMapper.java:2613) ~[jackson-databind-2.0.6.jar:na]
	at com.fasterxml.jackson.databind.ObjectMapper._readMapAndClose(ObjectMapper.java:2560) ~[jackson-databind-2.0.6.jar:na]
	at com.fasterxml.jackson.databind.ObjectMapper.readValue(ObjectMapper.java:1819) ~[jackson-databind-2.0.6.jar:na]
	at com.datayes.paas.utility.JsonUtil.toObject(JsonUtil.java:42) ~[cloud-utility-1.2.6-17.jar:na]
	at com.datayes.paas.usermaster.util.ApiHttpUtil.getResult(ApiHttpUtil.java:302) ~[ApiHttpUtil.class:na]
	at com.datayes.paas.usermaster.util.ApiHttpUtil.getResult(ApiHttpUtil.java:281) ~[ApiHttpUtil.class:na]
	at com.datayes.paas.usermaster.util.ApiHttpUtil.getResult(ApiHttpUtil.java:265) ~[ApiHttpUtil.class:na]
	at com.datayes.paas.usermaster.util.ApiHttpUtil.get(ApiHttpUtil.java:418) ~[ApiHttpUtil.class:na]
	at com.datayes.paas.usermaster.dao.HttpApiDao.getTenantUsers(HttpApiDao.java:150) ~[HttpApiDao.class:na]
	at com.datayes.paas.usermaster.service.VpcService.syncAccounts(VpcService.java:180) [VpcService.class:na]
	at sun.reflect.NativeMethodAccessorImpl.invoke0(Native Method) ~[na:1.7.0_45]
	at sun.reflect.NativeMethodAccessorImpl.invoke(NativeMethodAccessorImpl.java:57) ~[na:1.7.0_45]
	at sun.reflect.DelegatingMethodAccessorImpl.invoke(DelegatingMethodAccessorImpl.java:43) ~[na:1.7.0_45]
	at java.lang.reflect.Method.invoke(Method.java:606) ~[na:1.7.0_45]
	at org.springframework.scheduling.support.ScheduledMethodRunnable.run(ScheduledMethodRunnable.java:65) [spring-context-4.0.6.RELEASE.jar:4.0.6.RELEASE]
	at org.springframework.scheduling.support.DelegatingErrorHandlingRunnable.run(DelegatingErrorHandlingRunnable.java:54) [spring-context-4.0.6.RELEASE.jar:4.0.6.RELEASE]
	at java.util.concurrent.Executors$RunnableAdapter.call(Executors.java:471) [na:1.7.0_45]
	at java.util.concurrent.FutureTask.runAndReset(FutureTask.java:304) [na:1.7.0_45]
	at java.util.concurrent.ScheduledThreadPoolExecutor$ScheduledFutureTask.access$301(ScheduledThreadPoolExecutor.java:178) [na:1.7.0_45]
	at java.util.concurrent.ScheduledThreadPoolExecutor$ScheduledFutureTask.run(ScheduledThreadPoolExecutor.java:293) [na:1.7.0_45]
	at java.util.concurrent.ThreadPoolExecutor.runWorker(ThreadPoolExecutor.java:1145) [na:1.7.0_45]
	at java.util.concurrent.ThreadPoolExecutor$Worker.run(ThreadPoolExecutor.java:615) [na:1.7.0_45]
	at java.lang.Thread.run(Thread.java:744) [na:1.7.0_45]
2015-05-25 15:29:21.887 [myScheduler-1] [ERROR] com.datayes.paas.usermaster.service.VpcService - error when getting users, sync cancelled
2015-05-25 15:29:21.888 [myScheduler-1] [ERROR] com.datayes.paas.usermaster.service.VpcService - error when getting vpc tenant users.
